<?xml version="1.0" encoding="utf-8"?>
<CoverageSession xmlns:xsd="http://www.w3.org/2001/XMLSchema" xmlns:xsi="http://www.w3.org/2001/XMLSchema-instance" Version="4.7.922.0">
  <Summary numSequencePoints="822" visitedSequencePoints="641" numBranchPoints="476" visitedBranchPoints="364" sequenceCoverage="77.98" branchCoverage="76.47" maxCyclomaticComplexity="9" minCyclomaticComplexity="1" maxCrapScore="42" minCrapScore="1" visitedClasses="67" numClasses="89" visitedMethods="221" numMethods="296" />
  <Modules>
    <Module skippedDueTo="Filter" hash="36-23-5D-20-FB-BF-9F-3F-A6-9C-5C-1B-75-B6-19-43-0D-03-0F-16">
      <ModulePath>C:\Program Files\dotnet\shared\Microsoft.NETCore.App\2.1.15\System.Private.CoreLib.dll</ModulePath>
      <ModuleTime>2019-11-27T10:21:48Z</ModuleTime>
      <ModuleName>System.Private.CoreLib</ModuleName>
      <Classes />
    </Module>
    <Module skippedDueTo="Filter" hash="6F-1C-05-BC-58-CD-EA-0C-05-74-0A-41-D4-6E-0E-30-B7-DE-69-60">
      <ModulePath>C:\Program Files\dotnet\sdk\2.1.511\dotnet.dll</ModulePath>
      <ModuleTime>2019-12-02T22:43:30Z</ModuleTime>
      <ModuleName>dotnet</ModuleName>
      <Classes />
    </Module>
    <Module skippedDueTo="Filter" hash="F0-51-54-2E-C8-64-96-74-3A-F8-8A-A2-21-31-FE-58-BC-C6-E9-C4">
      <ModulePath>C:\Program Files\dotnet\shared\Microsoft.NETCore.App\2.1.15\System.Runtime.dll</ModulePath>
      <ModuleTime>2019-11-27T10:21:46Z</ModuleTime>
      <ModuleName>System.Runtime</ModuleName>
      <Classes />
    </Module>
    <Module skippedDueTo="Filter" hash="4E-B1-75-C4-13-15-61-54-63-DB-F3-00-FE-35-51-77-61-70-E7-98">
      <ModulePath>C:\Program Files\dotnet\sdk\2.1.511\Microsoft.DotNet.Cli.Utils.dll</ModulePath>
      <ModuleTime>2019-12-02T22:44:34Z</ModuleTime>
      <ModuleName>Microsoft.DotNet.Cli.Utils</ModuleName>
      <Classes />
    </Module>
    <Module skippedDueTo="Filter" hash="0C-E2-69-E7-C4-36-34-5F-A3-04-12-2F-CF-67-B5-E3-4E-20-17-9C">
      <ModulePath>C:\Program Files\dotnet\shared\Microsoft.NETCore.App\2.1.15\netstandard.dll</ModulePath>
      <ModuleTime>2019-11-27T10:21:46Z</ModuleTime>
      <ModuleName>netstandard</ModuleName>
      <Classes />
    </Module>
    <Module skippedDueTo="Filter" hash="9D-7E-87-FE-48-B0-C1-EB-C1-F9-54-8F-7C-62-31-53-A2-CC-E2-0C">
      <ModulePath>C:\Program Files\dotnet\shared\Microsoft.NETCore.App\2.1.15\System.Runtime.Extensions.dll</ModulePath>
      <ModuleTime>2019-11-27T10:21:46Z</ModuleTime>
      <ModuleName>System.Runtime.Extensions</ModuleName>
      <Classes />
    </Module>
    <Module skippedDueTo="Filter" hash="CC-39-8D-FE-FE-39-FC-B5-E9-29-E3-4E-B1-EC-6B-76-B7-BF-CB-D3">
      <ModulePath>C:\Program Files\dotnet\shared\Microsoft.NETCore.App\2.1.15\System.Runtime.Loader.dll</ModulePath>
      <ModuleTime>2019-11-27T10:21:46Z</ModuleTime>
      <ModuleName>System.Runtime.Loader</ModuleName>
      <Classes />
    </Module>
    <Module skippedDueTo="Filter" hash="D4-C7-39-30-5F-36-3A-B8-E0-C4-BB-8A-5E-5B-5C-9D-51-52-B6-63">
      <ModulePath>C:\Program Files\dotnet\sdk\2.1.511\Microsoft.DotNet.PlatformAbstractions.dll</ModulePath>
      <ModuleTime>2019-12-02T22:44:24Z</ModuleTime>
      <ModuleName>Microsoft.DotNet.PlatformAbstractions</ModuleName>
      <Classes />
    </Module>
    <Module skippedDueTo="Filter" hash="13-C1-A0-69-A5-F6-26-7C-AB-D9-22-D7-5C-B1-B2-D1-6C-AE-B5-C4">
      <ModulePath>C:\Program Files\dotnet\shared\Microsoft.NETCore.App\2.1.15\System.Runtime.InteropServices.RuntimeInformation.dll</ModulePath>
      <ModuleTime>2019-11-27T10:21:46Z</ModuleTime>
      <ModuleName>System.Runtime.InteropServices.RuntimeInformation</ModuleName>
      <Classes />
    </Module>
    <Module skippedDueTo="Filter" hash="F1-8C-4B-93-1D-3E-3B-14-D4-A7-97-91-6B-00-5C-41-D0-B7-18-6A">
      <ModulePath>C:\Program Files\dotnet\shared\Microsoft.NETCore.App\2.1.15\System.Runtime.InteropServices.dll</ModulePath>
      <ModuleTime>2019-11-27T10:21:46Z</ModuleTime>
      <ModuleName>System.Runtime.InteropServices</ModuleName>
      <Classes />
    </Module>
    <Module skippedDueTo="Filter" hash="AE-F9-DC-86-9D-54-55-14-96-1F-D8-17-53-68-45-60-22-3B-77-42">
      <ModulePath>C:\Program Files\dotnet\shared\Microsoft.NETCore.App\2.1.15\System.Threading.dll</ModulePath>
      <ModuleTime>2019-11-27T10:21:46Z</ModuleTime>
      <ModuleName>System.Threading</ModuleName>
      <Classes />
    </Module>
    <Module skippedDueTo="Filter" hash="0D-E4-4F-3E-6B-B8-FB-54-1D-7C-68-99-AA-B6-98-79-0C-99-E3-4C">
      <ModulePath>C:\Program Files\dotnet\shared\Microsoft.NETCore.App\2.1.15\System.IO.FileSystem.dll</ModulePath>
      <ModuleTime>2019-11-27T10:21:46Z</ModuleTime>
      <ModuleName>System.IO.FileSystem</ModuleName>
      <Classes />
    </Module>
    <Module skippedDueTo="Filter" hash="7E-70-24-08-B6-4B-2C-CC-BA-A2-F8-4A-34-58-A7-6C-04-69-80-B7">
      <ModulePath>C:\Program Files\dotnet\sdk\2.1.511\runtimes\win\lib\netcoreapp2.0\System.Text.Encoding.CodePages.dll</ModulePath>
      <ModuleTime>2019-12-02T22:43:30Z</ModuleTime>
      <ModuleName>System.Text.Encoding.CodePages</ModuleName>
      <Classes />
    </Module>
    <Module skippedDueTo="Filter" hash="1C-A3-4D-35-68-DB-18-83-9C-68-64-0A-E6-10-27-AC-F7-3E-34-09">
      <ModulePath>C:\Program Files\dotnet\shared\Microsoft.NETCore.App\2.1.15\System.Collections.dll</ModulePath>
      <ModuleTime>2019-11-27T10:21:44Z</ModuleTime>
      <ModuleName>System.Collections</ModuleName>
      <Classes />
    </Module>
    <Module skippedDueTo="Filter" hash="DA-85-89-18-E8-64-C6-26-B5-1B-B2-09-4B-B6-76-96-39-24-99-92">
      <ModulePath>C:\Program Files\dotnet\shared\Microsoft.NETCore.App\2.1.15\System.Collections.Concurrent.dll</ModulePath>
      <ModuleTime>2019-11-27T10:21:44Z</ModuleTime>
      <ModuleName>System.Collections.Concurrent</ModuleName>
      <Classes />
    </Module>
    <Module skippedDueTo="Filter" hash="15-0B-04-46-81-24-5D-D7-F0-7F-8C-36-DF-B6-5F-D9-0B-4E-7A-F9">
      <ModulePath>C:\Program Files\dotnet\shared\Microsoft.NETCore.App\2.1.15\System.Threading.Thread.dll</ModulePath>
      <ModuleTime>2019-11-27T10:21:46Z</ModuleTime>
      <ModuleName>System.Threading.Thread</ModuleName>
      <Classes />
    </Module>
    <Module skippedDueTo="Filter" hash="B2-22-5E-3D-54-3B-0E-3C-E9-D3-BE-A1-63-AF-F9-23-ED-A9-95-CE">
      <ModulePath>C:\Program Files\dotnet\sdk\2.1.511\Microsoft.DotNet.Configurer.dll</ModulePath>
      <ModuleTime>2019-12-02T22:43:54Z</ModuleTime>
      <ModuleName>Microsoft.DotNet.Configurer</ModuleName>
      <Classes />
    </Module>
    <Module skippedDueTo="Filter" hash="A8-B2-A4-67-9B-3B-E3-7D-A4-6C-70-FA-FA-98-81-FC-ED-8F-32-81">
      <ModulePath>C:\Program Files\dotnet\sdk\2.1.511\Microsoft.DotNet.Cli.CommandLine.dll</ModulePath>
      <ModuleTime>2019-12-02T22:44:18Z</ModuleTime>
      <ModuleName>Microsoft.DotNet.Cli.CommandLine</ModuleName>
      <Classes />
    </Module>
    <Module skippedDueTo="Filter" hash="D9-BC-B3-E1-B7-09-FB-F5-EE-6C-F2-02-B0-EA-28-5E-59-2A-33-46">
      <ModulePath>C:\Program Files\dotnet\shared\Microsoft.NETCore.App\2.1.15\System.Diagnostics.Process.dll</ModulePath>
      <ModuleTime>2019-11-27T10:21:46Z</ModuleTime>
      <ModuleName>System.Diagnostics.Process</ModuleName>
      <Classes />
    </Module>
    <Module skippedDueTo="Filter" hash="64-DF-62-18-B2-34-44-B5-76-A5-15-10-08-BB-08-CF-71-74-24-7A">
      <ModulePath>C:\Program Files\dotnet\sdk\2.1.511\Microsoft.DotNet.InternalAbstractions.dll</ModulePath>
      <ModuleTime>2019-12-02T22:44:20Z</ModuleTime>
      <ModuleName>Microsoft.DotNet.InternalAbstractions</ModuleName>
      <Classes />
    </Module>
    <Module skippedDueTo="Filter" hash="07-5B-8C-8C-28-FE-31-0B-7C-B8-A3-55-12-B1-D5-29-25-F1-F1-60">
      <ModulePath>C:\Program Files\dotnet\shared\Microsoft.NETCore.App\2.1.15\System.Linq.dll</ModulePath>
      <ModuleTime>2019-11-27T10:21:46Z</ModuleTime>
      <ModuleName>System.Linq</ModuleName>
      <Classes />
    </Module>
    <Module skippedDueTo="Filter" hash="61-48-A3-86-77-27-69-C6-FF-2A-6C-BB-D7-9B-34-1D-8C-BD-82-AA">
      <ModulePath>C:\Program Files\dotnet\sdk\2.1.511\NuGet.Frameworks.dll</ModulePath>
      <ModuleTime>2019-12-02T22:47:38Z</ModuleTime>
      <ModuleName>NuGet.Frameworks</ModuleName>
      <Classes />
    </Module>
    <Module skippedDueTo="Filter" hash="6F-31-19-93-70-2F-5F-44-34-50-B1-20-95-E7-10-82-D7-16-F7-D9">
      <ModulePath>C:\Program Files\dotnet\shared\Microsoft.NETCore.App\2.1.15\System.Console.dll</ModulePath>
      <ModuleTime>2019-11-27T10:21:44Z</ModuleTime>
      <ModuleName>System.Console</ModuleName>
      <Classes />
    </Module>
    <Module skippedDueTo="Filter" hash="F1-2B-C5-22-63-BB-40-9C-C6-7E-A3-79-DC-0B-AC-96-4A-E2-0E-26">
      <ModulePath>C:\Program Files\dotnet\shared\Microsoft.NETCore.App\2.1.15\System.IO.FileSystem.Primitives.dll</ModulePath>
      <ModuleTime>2019-11-27T10:21:46Z</ModuleTime>
      <ModuleName>System.IO.FileSystem.Primitives</ModuleName>
      <Classes />
    </Module>
    <Module skippedDueTo="Filter" hash="C1-0C-E7-D0-2E-B6-B0-21-86-4F-E3-6D-43-1F-97-AE-86-3B-97-93">
      <ModulePath>C:\Program Files\dotnet\shared\Microsoft.NETCore.App\2.1.15\System.Memory.dll</ModulePath>
      <ModuleTime>2019-11-27T10:21:46Z</ModuleTime>
      <ModuleName>System.Memory</ModuleName>
      <Classes />
    </Module>
    <Module skippedDueTo="Filter" hash="01-D0-41-6E-70-E2-17-96-DE-92-AC-2B-2E-04-EA-39-D1-68-57-EC">
      <ModulePath>C:\Program Files\dotnet\shared\Microsoft.NETCore.App\2.1.15\System.IO.dll</ModulePath>
      <ModuleTime>2019-11-27T10:21:46Z</ModuleTime>
      <ModuleName>System.IO</ModuleName>
      <Classes />
    </Module>
    <Module skippedDueTo="Filter" hash="E1-6C-36-F4-92-B3-C5-58-2B-8E-40-65-39-5F-89-00-B7-29-AA-CB">
      <ModulePath>C:\Program Files\dotnet\shared\Microsoft.NETCore.App\2.1.15\System.Text.Encoding.Extensions.dll</ModulePath>
      <ModuleTime>2019-11-27T10:21:46Z</ModuleTime>
      <ModuleName>System.Text.Encoding.Extensions</ModuleName>
      <Classes />
    </Module>
    <Module skippedDueTo="Filter" hash="1B-BD-30-43-19-49-A6-FD-DE-67-57-1C-DC-3A-C1-88-A6-82-D0-80">
      <ModulePath>C:\Program Files\dotnet\sdk\2.1.511\Microsoft.ApplicationInsights.dll</ModulePath>
      <ModuleTime>2019-12-02T22:44:26Z</ModuleTime>
      <ModuleName>Microsoft.ApplicationInsights</ModuleName>
      <Classes />
    </Module>
    <Module skippedDueTo="Filter" hash="A1-06-CC-6D-D8-D9-39-5F-6E-C2-96-F6-65-2B-2F-4D-0D-01-6C-0B">
      <ModulePath>C:\Program Files\dotnet\shared\Microsoft.NETCore.App\2.1.15\System.Reflection.Extensions.dll</ModulePath>
      <ModuleTime>2019-11-27T10:21:46Z</ModuleTime>
      <ModuleName>System.Reflection.Extensions</ModuleName>
      <Classes />
    </Module>
    <Module skippedDueTo="Filter" hash="2C-F8-A4-8A-59-3E-CC-04-79-4D-D8-F5-48-45-91-3C-14-21-10-15">
      <ModulePath>C:\Program Files\dotnet\shared\Microsoft.NETCore.App\2.1.15\System.Reflection.dll</ModulePath>
      <ModuleTime>2019-11-27T10:21:46Z</ModuleTime>
      <ModuleName>System.Reflection</ModuleName>
      <Classes />
    </Module>
    <Module skippedDueTo="Filter" hash="8B-A7-0F-95-86-F3-C1-91-8E-43-D9-9C-42-BB-08-FE-34-C0-17-19">
      <ModulePath>C:\Program Files\dotnet\shared\Microsoft.NETCore.App\2.1.15\System.Xml.XDocument.dll</ModulePath>
      <ModuleTime>2019-11-27T10:21:46Z</ModuleTime>
      <ModuleName>System.Xml.XDocument</ModuleName>
      <Classes />
    </Module>
    <Module skippedDueTo="Filter" hash="AC-96-C9-83-A0-EC-D7-08-3E-8A-7D-9E-8A-B2-49-32-56-0A-1A-BD">
      <ModulePath>C:\Program Files\dotnet\shared\Microsoft.NETCore.App\2.1.15\System.Private.Xml.Linq.dll</ModulePath>
      <ModuleTime>2019-11-27T10:21:46Z</ModuleTime>
      <ModuleName>System.Private.Xml.Linq</ModuleName>
      <Classes />
    </Module>
    <Module skippedDueTo="Filter" hash="D4-11-13-94-7D-A1-67-04-C9-9E-38-CC-FC-A9-73-A0-41-63-51-CF">
      <ModulePath>C:\Program Files\dotnet\shared\Microsoft.NETCore.App\2.1.15\System.Security.Cryptography.Algorithms.dll</ModulePath>
      <ModuleTime>2019-11-27T10:21:46Z</ModuleTime>
      <ModuleName>System.Security.Cryptography.Algorithms</ModuleName>
      <Classes />
    </Module>
    <Module skippedDueTo="Filter" hash="53-70-53-0F-FF-6A-D1-ED-42-63-19-C1-2A-17-E6-9E-CA-4A-63-7E">
      <ModulePath>C:\Program Files\dotnet\shared\Microsoft.NETCore.App\2.1.15\System.Security.Cryptography.Primitives.dll</ModulePath>
      <ModuleTime>2019-11-27T10:21:46Z</ModuleTime>
      <ModuleName>System.Security.Cryptography.Primitives</ModuleName>
      <Classes />
    </Module>
    <Module skippedDueTo="Filter" hash="86-9A-F0-E4-74-1D-65-CA-E3-8E-8D-0F-71-8A-10-8D-B3-B6-09-CB">
      <ModulePath>C:\Program Files\dotnet\sdk\2.1.511\Microsoft.TemplateEngine.Cli.dll</ModulePath>
      <ModuleTime>2019-12-02T22:44:22Z</ModuleTime>
      <ModuleName>Microsoft.TemplateEngine.Cli</ModuleName>
      <Classes />
    </Module>
    <Module skippedDueTo="Filter" hash="54-4B-AA-B7-83-4B-0E-14-4C-1A-1D-F5-46-A8-C4-12-DA-6E-FD-F1">
      <ModulePath>C:\Program Files\dotnet\shared\Microsoft.NETCore.App\2.1.15\System.Private.Xml.dll</ModulePath>
      <ModuleTime>2019-11-27T10:21:46Z</ModuleTime>
      <ModuleName>System.Private.Xml</ModuleName>
      <Classes />
    </Module>
    <Module skippedDueTo="Filter" hash="51-3B-75-D9-A3-A3-CF-C9-D2-CD-CE-42-F3-76-77-75-86-7C-5A-A3">
      <ModulePath>C:\Program Files\dotnet\shared\Microsoft.NETCore.App\2.1.15\System.Resources.ResourceManager.dll</ModulePath>
      <ModuleTime>2019-11-27T10:21:46Z</ModuleTime>
      <ModuleName>System.Resources.ResourceManager</ModuleName>
      <Classes />
    </Module>
    <Module skippedDueTo="Filter" hash="2D-49-96-B6-7D-BE-3A-A3-DA-C3-25-9F-D5-F1-19-DD-71-62-5A-32">
      <ModulePath>C:\Program Files\dotnet\shared\Microsoft.NETCore.App\2.1.15\System.Xml.ReaderWriter.dll</ModulePath>
      <ModuleTime>2019-11-27T10:21:46Z</ModuleTime>
      <ModuleName>System.Xml.ReaderWriter</ModuleName>
      <Classes />
    </Module>
    <Module skippedDueTo="Filter" hash="8E-FA-30-A7-0B-52-1F-98-15-6B-77-8F-B6-09-7D-18-9F-D7-BC-44">
      <ModulePath>C:\Program Files\dotnet\shared\Microsoft.NETCore.App\2.1.15\System.Globalization.dll</ModulePath>
      <ModuleTime>2019-11-27T10:21:46Z</ModuleTime>
      <ModuleName>System.Globalization</ModuleName>
      <Classes />
    </Module>
    <Module skippedDueTo="Filter" hash="02-3F-82-E1-6B-33-47-0D-40-58-C0-AF-A1-3C-25-DC-1A-51-AC-24">
      <ModulePath>C:\Program Files\dotnet\shared\Microsoft.NETCore.App\2.1.15\System.Diagnostics.Tracing.dll</ModulePath>
      <ModuleTime>2019-11-27T10:21:46Z</ModuleTime>
      <ModuleName>System.Diagnostics.Tracing</ModuleName>
      <Classes />
    </Module>
    <Module skippedDueTo="Filter" hash="87-D0-99-21-40-A4-AF-B5-F3-F7-1B-FD-03-89-2D-40-4F-12-11-AC">
      <ModulePath>C:\Program Files\dotnet\sdk\2.1.511\de\Microsoft.TemplateEngine.Cli.resources.dll</ModulePath>
      <ModuleTime>2019-12-02T22:43:26Z</ModuleTime>
      <ModuleName>Microsoft.TemplateEngine.Cli.resources</ModuleName>
      <Classes />
    </Module>
    <Module skippedDueTo="Filter" hash="49-7B-5A-7C-6C-94-5D-EB-4D-D5-41-63-8B-6B-C1-2D-96-32-0C-3C">
      <ModulePath>C:\Program Files\dotnet\shared\Microsoft.NETCore.App\2.1.15\System.Private.Uri.dll</ModulePath>
      <ModuleTime>2019-11-27T10:21:46Z</ModuleTime>
      <ModuleName>System.Private.Uri</ModuleName>
      <Classes />
    </Module>
    <Module skippedDueTo="Filter" hash="FD-D8-AB-A7-75-29-7F-15-05-F4-65-3F-D9-97-CA-81-93-80-69-D9">
      <ModulePath>C:\Program Files\dotnet\shared\Microsoft.NETCore.App\2.1.15\System.Threading.Tasks.dll</ModulePath>
      <ModuleTime>2019-11-27T10:21:46Z</ModuleTime>
      <ModuleName>System.Threading.Tasks</ModuleName>
      <Classes />
    </Module>
    <Module skippedDueTo="Filter" hash="7E-BA-26-10-7A-1D-CE-AC-79-AF-04-90-DC-39-01-C8-F2-7A-0F-B0">
      <ModulePath>C:\Program Files\dotnet\shared\Microsoft.NETCore.App\2.1.15\System.Text.RegularExpressions.dll</ModulePath>
      <ModuleTime>2019-11-27T10:21:46Z</ModuleTime>
      <ModuleName>System.Text.RegularExpressions</ModuleName>
      <Classes />
    </Module>
    <Module skippedDueTo="Filter" hash="91-8A-41-EE-99-38-15-7D-5F-B4-6B-70-9F-B2-50-35-70-37-C6-7E">
      <ModulePath>C:\Program Files\dotnet\shared\Microsoft.NETCore.App\2.1.15\System.Buffers.dll</ModulePath>
      <ModuleTime>2019-11-27T10:21:44Z</ModuleTime>
      <ModuleName>System.Buffers</ModuleName>
      <Classes />
    </Module>
    <Module skippedDueTo="Filter" hash="AE-56-DA-FC-DD-BB-85-B7-7B-DC-C1-8C-30-98-DE-6E-99-7B-42-43">
      <ModulePath>C:\Program Files\dotnet\shared\Microsoft.NETCore.App\2.1.15\System.Reflection.Emit.ILGeneration.dll</ModulePath>
      <ModuleTime>2019-11-27T10:21:46Z</ModuleTime>
      <ModuleName>System.Reflection.Emit.ILGeneration</ModuleName>
      <Classes />
    </Module>
    <Module skippedDueTo="Filter" hash="E4-CA-96-BC-B1-21-6A-D6-93-36-AD-AB-80-42-06-E5-83-BA-08-C3">
      <ModulePath>C:\Program Files\dotnet\shared\Microsoft.NETCore.App\2.1.15\System.Reflection.Emit.Lightweight.dll</ModulePath>
      <ModuleTime>2019-11-27T10:21:46Z</ModuleTime>
      <ModuleName>System.Reflection.Emit.Lightweight</ModuleName>
      <Classes />
    </Module>
    <Module skippedDueTo="Filter" hash="90-38-7A-50-00-7C-72-1F-C0-9E-8E-ED-A0-70-81-59-35-DE-92-68">
      <ModulePath>C:\Program Files\dotnet\shared\Microsoft.NETCore.App\2.1.15\System.Reflection.Primitives.dll</ModulePath>
      <ModuleTime>2019-11-27T10:21:46Z</ModuleTime>
      <ModuleName>System.Reflection.Primitives</ModuleName>
      <Classes />
    </Module>
    <Module skippedDueTo="Filter" hash="84-41-86-D8-58-B7-9D-BC-FC-56-A0-72-DC-6A-BA-B0-80-CF-4A-AD">
      <ModulePath>C:\Program Files\dotnet\sdk\2.1.511\Microsoft.TemplateEngine.Utils.dll</ModulePath>
      <ModuleTime>2019-12-02T22:44:28Z</ModuleTime>
      <ModuleName>Microsoft.TemplateEngine.Utils</ModuleName>
      <Classes />
    </Module>
    <Module skippedDueTo="Filter" hash="E1-98-CD-14-30-BE-03-B3-96-75-D8-9D-95-9E-B2-85-4A-77-6C-82">
      <ModulePath>C:\Program Files\dotnet\shared\Microsoft.NETCore.App\2.1.15\Microsoft.Win32.Registry.dll</ModulePath>
      <ModuleTime>2019-11-27T10:21:44Z</ModuleTime>
      <ModuleName>Microsoft.Win32.Registry</ModuleName>
      <Classes />
    </Module>
    <Module skippedDueTo="Filter" hash="2E-BC-FD-D6-82-E9-DC-B0-DD-82-6C-57-EB-18-92-D2-62-82-A9-0F">
      <ModulePath>C:\Program Files\dotnet\sdk\2.1.511\de\dotnet.resources.dll</ModulePath>
      <ModuleTime>2019-12-02T22:43:30Z</ModuleTime>
      <ModuleName>dotnet.resources</ModuleName>
      <Classes />
    </Module>
    <Module skippedDueTo="Filter" hash="87-63-31-D5-3F-80-2F-3B-99-9B-23-29-79-E9-81-25-E0-C5-72-27">
      <ModulePath>C:\Program Files\dotnet\shared\Microsoft.NETCore.App\2.1.15\System.Diagnostics.Tools.dll</ModulePath>
      <ModuleTime>2019-11-27T10:21:46Z</ModuleTime>
      <ModuleName>System.Diagnostics.Tools</ModuleName>
      <Classes />
    </Module>
    <Module skippedDueTo="Filter" hash="6B-DD-4E-26-00-9F-51-3B-9D-EF-2E-B3-6C-8D-44-82-DE-FC-2C-0B">
      <ModulePath>C:\Program Files\dotnet\shared\Microsoft.NETCore.App\2.1.15\System.Diagnostics.Debug.dll</ModulePath>
      <ModuleTime>2019-11-27T10:21:46Z</ModuleTime>
      <ModuleName>System.Diagnostics.Debug</ModuleName>
      <Classes />
    </Module>
    <Module skippedDueTo="Filter" hash="5C-00-59-46-E0-4E-64-CA-E1-63-52-E1-4A-99-0D-1D-74-AF-5C-69">
      <ModulePath>C:\Program Files\dotnet\shared\Microsoft.NETCore.App\2.1.15\System.Text.Encoding.dll</ModulePath>
      <ModuleTime>2019-11-27T10:21:46Z</ModuleTime>
      <ModuleName>System.Text.Encoding</ModuleName>
      <Classes />
    </Module>
    <Module skippedDueTo="Filter" hash="44-24-C7-62-3A-A5-D2-A9-05-78-17-4E-7C-49-D2-BD-57-C1-21-CD">
      <ModulePath>C:\Program Files\dotnet\shared\Microsoft.NETCore.App\2.1.15\System.IO.Compression.dll</ModulePath>
      <ModuleTime>2019-11-27T10:21:46Z</ModuleTime>
      <ModuleName>System.IO.Compression</ModuleName>
      <Classes />
    </Module>
    <Module skippedDueTo="Filter" hash="BB-38-2D-A2-6A-1B-83-86-1C-53-66-CD-3A-61-10-68-D8-83-AA-71">
      <ModulePath>C:\Program Files\dotnet\shared\Microsoft.NETCore.App\2.1.15\System.Net.Http.dll</ModulePath>
      <ModuleTime>2019-11-27T10:21:46Z</ModuleTime>
      <ModuleName>System.Net.Http</ModuleName>
      <Classes />
    </Module>
    <Module skippedDueTo="Filter" hash="00-81-F1-62-00-30-C9-1A-F5-DC-03-E2-00-42-2C-19-F7-CA-C6-21">
      <ModulePath>C:\Program Files\dotnet\shared\Microsoft.NETCore.App\2.1.15\System.Net.Primitives.dll</ModulePath>
      <ModuleTime>2019-11-27T10:21:46Z</ModuleTime>
      <ModuleName>System.Net.Primitives</ModuleName>
      <Classes />
    </Module>
    <Module skippedDueTo="Filter" hash="DC-65-EC-E5-77-E6-D5-5D-56-EB-DB-77-84-70-7F-48-57-BC-E5-26">
      <ModulePath>C:\Program Files\dotnet\shared\Microsoft.NETCore.App\2.1.15\System.Net.Security.dll</ModulePath>
      <ModuleTime>2019-11-27T10:21:46Z</ModuleTime>
      <ModuleName>System.Net.Security</ModuleName>
      <Classes />
    </Module>
    <Module skippedDueTo="Filter" hash="2B-87-3D-39-37-DC-BE-62-0A-F3-28-C4-40-ED-FC-43-30-5A-A7-3D">
      <ModulePath>C:\Program Files\dotnet\shared\Microsoft.NETCore.App\2.1.15\System.Security.Cryptography.X509Certificates.dll</ModulePath>
      <ModuleTime>2019-11-27T10:21:46Z</ModuleTime>
      <ModuleName>System.Security.Cryptography.X509Certificates</ModuleName>
      <Classes />
    </Module>
    <Module skippedDueTo="Filter" hash="4C-43-D8-B5-07-30-2F-F7-54-0C-C2-17-18-66-86-05-17-E6-E0-B4">
      <ModulePath>C:\Program Files\dotnet\sdk\2.1.511\Microsoft.Build.Framework.dll</ModulePath>
      <ModuleTime>2019-12-02T22:44:16Z</ModuleTime>
      <ModuleName>Microsoft.Build.Framework</ModuleName>
      <Classes />
    </Module>
    <Module skippedDueTo="Filter" hash="95-15-3C-17-A7-9A-18-2E-C4-41-D5-B8-4B-90-05-22-A1-49-79-97">
      <ModulePath>C:\Program Files\dotnet\shared\Microsoft.NETCore.App\2.1.15\System.ComponentModel.Primitives.dll</ModulePath>
      <ModuleTime>2019-11-27T10:21:44Z</ModuleTime>
      <ModuleName>System.ComponentModel.Primitives</ModuleName>
      <Classes />
    </Module>
    <Module skippedDueTo="Filter" hash="30-D3-AF-E2-C5-48-E6-D7-99-96-2A-E0-EC-69-69-64-D8-77-D8-34">
      <ModulePath>C:\Program Files\dotnet\shared\Microsoft.NETCore.App\2.1.15\Microsoft.Win32.Primitives.dll</ModulePath>
      <ModuleTime>2019-11-27T10:21:44Z</ModuleTime>
      <ModuleName>Microsoft.Win32.Primitives</ModuleName>
      <Classes />
    </Module>
    <Module skippedDueTo="Filter" hash="79-56-3F-7F-8A-E8-8F-FC-2F-74-10-0A-91-8D-2A-8C-08-08-3C-69">
      <ModulePath>C:\Program Files\dotnet\shared\Microsoft.NETCore.App\2.1.15\System.Diagnostics.DiagnosticSource.dll</ModulePath>
      <ModuleTime>2019-11-27T10:21:46Z</ModuleTime>
      <ModuleName>System.Diagnostics.DiagnosticSource</ModuleName>
      <Classes />
    </Module>
    <Module skippedDueTo="Filter" hash="90-47-14-42-63-F1-04-4A-16-40-D4-BC-D8-C1-52-6F-E1-25-DC-42">
      <ModulePath>C:\Program Files\dotnet\shared\Microsoft.NETCore.App\2.1.15\System.Collections.NonGeneric.dll</ModulePath>
      <ModuleTime>2019-11-27T10:21:44Z</ModuleTime>
      <ModuleName>System.Collections.NonGeneric</ModuleName>
      <Classes />
    </Module>
    <Module skippedDueTo="Filter" hash="5B-17-03-2E-BB-04-7C-97-09-74-AC-2A-5C-7A-4A-B4-5C-FD-44-25">
      <ModulePath>C:\Program Files\dotnet\shared\Microsoft.NETCore.App\2.1.15\System.Threading.Timer.dll</ModulePath>
      <ModuleTime>2019-11-27T10:21:46Z</ModuleTime>
      <ModuleName>System.Threading.Timer</ModuleName>
      <Classes />
    </Module>
    <Module skippedDueTo="Filter" hash="2D-D7-BD-98-60-2B-12-69-0D-76-AE-4A-2C-60-ED-74-D1-25-8B-31">
      <ModulePath>C:\Program Files\dotnet\shared\Microsoft.NETCore.App\2.1.15\System.Net.NetworkInformation.dll</ModulePath>
      <ModuleTime>2019-11-27T10:21:46Z</ModuleTime>
      <ModuleName>System.Net.NetworkInformation</ModuleName>
      <Classes />
    </Module>
    <Module skippedDueTo="Filter" hash="D3-5E-27-72-08-73-1B-0C-42-28-A0-68-59-ED-35-99-AB-BE-DA-F1">
      <ModulePath>C:\Program Files\dotnet\shared\Microsoft.NETCore.App\2.1.15\System.Net.Sockets.dll</ModulePath>
      <ModuleTime>2019-11-27T10:21:46Z</ModuleTime>
      <ModuleName>System.Net.Sockets</ModuleName>
      <Classes />
    </Module>
    <Module skippedDueTo="Filter" hash="5B-5B-D2-B4-3B-94-62-86-F9-89-FD-9A-F4-DA-BE-74-2F-A3-DE-97">
      <ModulePath>C:\Program Files\dotnet\shared\Microsoft.NETCore.App\2.1.15\System.Threading.Overlapped.dll</ModulePath>
      <ModuleTime>2019-11-27T10:21:46Z</ModuleTime>
      <ModuleName>System.Threading.Overlapped</ModuleName>
      <Classes />
    </Module>
    <Module skippedDueTo="Filter" hash="C2-15-D0-E7-88-EE-39-D6-98-33-C1-CA-10-ED-5D-4B-59-CA-0D-DF">
      <ModulePath>C:\Program Files\dotnet\shared\Microsoft.NETCore.App\2.1.15\System.Net.NameResolution.dll</ModulePath>
      <ModuleTime>2019-11-27T10:21:46Z</ModuleTime>
      <ModuleName>System.Net.NameResolution</ModuleName>
      <Classes />
    </Module>
    <Module skippedDueTo="Filter" hash="98-7D-A0-96-A2-1F-74-C6-19-45-26-D9-DC-B0-44-06-F9-C2-48-EA">
      <ModulePath>C:\Program Files\dotnet\shared\Microsoft.NETCore.App\2.1.15\System.Security.Principal.Windows.dll</ModulePath>
      <ModuleTime>2019-11-27T10:21:46Z</ModuleTime>
      <ModuleName>System.Security.Principal.Windows</ModuleName>
      <Classes />
    </Module>
    <Module skippedDueTo="Filter" hash="5E-79-31-5D-0C-57-41-A5-D5-BD-D3-E2-FD-7B-00-08-03-89-23-BF">
      <ModulePath>C:\Program Files\dotnet\shared\Microsoft.NETCore.App\2.1.15\System.Security.Claims.dll</ModulePath>
      <ModuleTime>2019-11-27T10:21:46Z</ModuleTime>
      <ModuleName>System.Security.Claims</ModuleName>
      <Classes />
    </Module>
    <Module skippedDueTo="Filter" hash="7B-3C-77-5F-F5-51-AE-2A-31-D4-F1-D6-23-D3-56-A6-56-F1-99-E8">
      <ModulePath>C:\Program Files\dotnet\shared\Microsoft.NETCore.App\2.1.15\System.Security.Principal.dll</ModulePath>
      <ModuleTime>2019-11-27T10:21:46Z</ModuleTime>
      <ModuleName>System.Security.Principal</ModuleName>
      <Classes />
    </Module>
    <Module skippedDueTo="Filter" hash="36-23-5D-20-FB-BF-9F-3F-A6-9C-5C-1B-75-B6-19-43-0D-03-0F-16">
      <ModulePath>C:\Program Files\dotnet\shared\Microsoft.NETCore.App\2.1.15\System.Private.CoreLib.dll</ModulePath>
      <ModuleTime>2019-11-27T10:21:48Z</ModuleTime>
      <ModuleName>System.Private.CoreLib</ModuleName>
      <Classes />
    </Module>
    <Module skippedDueTo="Filter" hash="6D-C6-6E-83-E2-08-36-B1-04-D4-5C-09-94-74-85-D2-77-52-54-26">
      <ModulePath>C:\Program Files\dotnet\shared\Microsoft.NETCore.App\2.1.15\System.Security.Cryptography.Encoding.dll</ModulePath>
      <ModuleTime>2019-11-27T10:21:46Z</ModuleTime>
      <ModuleName>System.Security.Cryptography.Encoding</ModuleName>
      <Classes />
    </Module>
    <Module skippedDueTo="Filter" hash="78-1E-FB-22-0E-FA-CB-C5-7C-FC-D0-4C-B7-32-7B-DE-B6-56-D9-56">
      <ModulePath>C:\Program Files\dotnet\sdk\2.1.511\MSBuild.dll</ModulePath>
      <ModuleTime>2019-12-02T22:47:44Z</ModuleTime>
      <ModuleName>MSBuild</ModuleName>
      <Classes />
    </Module>
    <Module skippedDueTo="Filter" hash="F0-51-54-2E-C8-64-96-74-3A-F8-8A-A2-21-31-FE-58-BC-C6-E9-C4">
      <ModulePath>C:\Program Files\dotnet\shared\Microsoft.NETCore.App\2.1.15\System.Runtime.dll</ModulePath>
      <ModuleTime>2019-11-27T10:21:46Z</ModuleTime>
      <ModuleName>System.Runtime</ModuleName>
      <Classes />
    </Module>
    <Module skippedDueTo="Filter" hash="9D-7E-87-FE-48-B0-C1-EB-C1-F9-54-8F-7C-62-31-53-A2-CC-E2-0C">
      <ModulePath>C:\Program Files\dotnet\shared\Microsoft.NETCore.App\2.1.15\System.Runtime.Extensions.dll</ModulePath>
      <ModuleTime>2019-11-27T10:21:46Z</ModuleTime>
      <ModuleName>System.Runtime.Extensions</ModuleName>
      <Classes />
    </Module>
    <Module skippedDueTo="Filter" hash="AE-F9-DC-86-9D-54-55-14-96-1F-D8-17-53-68-45-60-22-3B-77-42">
      <ModulePath>C:\Program Files\dotnet\shared\Microsoft.NETCore.App\2.1.15\System.Threading.dll</ModulePath>
      <ModuleTime>2019-11-27T10:21:46Z</ModuleTime>
      <ModuleName>System.Threading</ModuleName>
      <Classes />
    </Module>
    <Module skippedDueTo="Filter" hash="54-8F-C7-84-6A-FD-0F-B1-E0-C0-8D-E2-60-7F-6F-46-44-91-4C-8E">
      <ModulePath>C:\Program Files\dotnet\shared\Microsoft.NETCore.App\2.1.15\System.Threading.ThreadPool.dll</ModulePath>
      <ModuleTime>2019-11-27T10:21:46Z</ModuleTime>
      <ModuleName>System.Threading.ThreadPool</ModuleName>
      <Classes />
    </Module>
    <Module skippedDueTo="Filter" hash="13-C1-A0-69-A5-F6-26-7C-AB-D9-22-D7-5C-B1-B2-D1-6C-AE-B5-C4">
      <ModulePath>C:\Program Files\dotnet\shared\Microsoft.NETCore.App\2.1.15\System.Runtime.InteropServices.RuntimeInformation.dll</ModulePath>
      <ModuleTime>2019-11-27T10:21:46Z</ModuleTime>
      <ModuleName>System.Runtime.InteropServices.RuntimeInformation</ModuleName>
      <Classes />
    </Module>
    <Module skippedDueTo="Filter" hash="07-5B-8C-8C-28-FE-31-0B-7C-B8-A3-55-12-B1-D5-29-25-F1-F1-60">
      <ModulePath>C:\Program Files\dotnet\shared\Microsoft.NETCore.App\2.1.15\System.Linq.dll</ModulePath>
      <ModuleTime>2019-11-27T10:21:46Z</ModuleTime>
      <ModuleName>System.Linq</ModuleName>
      <Classes />
    </Module>
    <Module skippedDueTo="Filter" hash="7E-BA-26-10-7A-1D-CE-AC-79-AF-04-90-DC-39-01-C8-F2-7A-0F-B0">
      <ModulePath>C:\Program Files\dotnet\shared\Microsoft.NETCore.App\2.1.15\System.Text.RegularExpressions.dll</ModulePath>
      <ModuleTime>2019-11-27T10:21:46Z</ModuleTime>
      <ModuleName>System.Text.RegularExpressions</ModuleName>
      <Classes />
    </Module>
    <Module skippedDueTo="Filter" hash="1C-A3-4D-35-68-DB-18-83-9C-68-64-0A-E6-10-27-AC-F7-3E-34-09">
      <ModulePath>C:\Program Files\dotnet\shared\Microsoft.NETCore.App\2.1.15\System.Collections.dll</ModulePath>
      <ModuleTime>2019-11-27T10:21:44Z</ModuleTime>
      <ModuleName>System.Collections</ModuleName>
      <Classes />
    </Module>
    <Module skippedDueTo="Filter" hash="91-8A-41-EE-99-38-15-7D-5F-B4-6B-70-9F-B2-50-35-70-37-C6-7E">
      <ModulePath>C:\Program Files\dotnet\shared\Microsoft.NETCore.App\2.1.15\System.Buffers.dll</ModulePath>
      <ModuleTime>2019-11-27T10:21:44Z</ModuleTime>
      <ModuleName>System.Buffers</ModuleName>
      <Classes />
    </Module>
    <Module skippedDueTo="Filter" hash="0D-E4-4F-3E-6B-B8-FB-54-1D-7C-68-99-AA-B6-98-79-0C-99-E3-4C">
      <ModulePath>C:\Program Files\dotnet\shared\Microsoft.NETCore.App\2.1.15\System.IO.FileSystem.dll</ModulePath>
      <ModuleTime>2019-11-27T10:21:46Z</ModuleTime>
      <ModuleName>System.IO.FileSystem</ModuleName>
      <Classes />
    </Module>
    <Module skippedDueTo="Filter" hash="C1-0C-E7-D0-2E-B6-B0-21-86-4F-E3-6D-43-1F-97-AE-86-3B-97-93">
      <ModulePath>C:\Program Files\dotnet\shared\Microsoft.NETCore.App\2.1.15\System.Memory.dll</ModulePath>
      <ModuleTime>2019-11-27T10:21:46Z</ModuleTime>
      <ModuleName>System.Memory</ModuleName>
      <Classes />
    </Module>
    <Module skippedDueTo="Filter" hash="F1-8C-4B-93-1D-3E-3B-14-D4-A7-97-91-6B-00-5C-41-D0-B7-18-6A">
      <ModulePath>C:\Program Files\dotnet\shared\Microsoft.NETCore.App\2.1.15\System.Runtime.InteropServices.dll</ModulePath>
      <ModuleTime>2019-11-27T10:21:46Z</ModuleTime>
      <ModuleName>System.Runtime.InteropServices</ModuleName>
      <Classes />
    </Module>
    <Module skippedDueTo="Filter" hash="6F-31-19-93-70-2F-5F-44-34-50-B1-20-95-E7-10-82-D7-16-F7-D9">
      <ModulePath>C:\Program Files\dotnet\shared\Microsoft.NETCore.App\2.1.15\System.Console.dll</ModulePath>
      <ModuleTime>2019-11-27T10:21:44Z</ModuleTime>
      <ModuleName>System.Console</ModuleName>
      <Classes />
    </Module>
    <Module skippedDueTo="Filter" hash="D9-BC-B3-E1-B7-09-FB-F5-EE-6C-F2-02-B0-EA-28-5E-59-2A-33-46">
      <ModulePath>C:\Program Files\dotnet\shared\Microsoft.NETCore.App\2.1.15\System.Diagnostics.Process.dll</ModulePath>
      <ModuleTime>2019-11-27T10:21:46Z</ModuleTime>
      <ModuleName>System.Diagnostics.Process</ModuleName>
      <Classes />
    </Module>
    <Module skippedDueTo="Filter" hash="95-15-3C-17-A7-9A-18-2E-C4-41-D5-B8-4B-90-05-22-A1-49-79-97">
      <ModulePath>C:\Program Files\dotnet\shared\Microsoft.NETCore.App\2.1.15\System.ComponentModel.Primitives.dll</ModulePath>
      <ModuleTime>2019-11-27T10:21:44Z</ModuleTime>
      <ModuleName>System.ComponentModel.Primitives</ModuleName>
      <Classes />
    </Module>
    <Module skippedDueTo="Filter" hash="4C-43-D8-B5-07-30-2F-F7-54-0C-C2-17-18-66-86-05-17-E6-E0-B4">
      <ModulePath>C:\Program Files\dotnet\sdk\2.1.511\Microsoft.Build.Framework.dll</ModulePath>
      <ModuleTime>2019-12-02T22:44:16Z</ModuleTime>
      <ModuleName>Microsoft.Build.Framework</ModuleName>
      <Classes />
    </Module>
    <Module skippedDueTo="Filter" hash="0C-E2-69-E7-C4-36-34-5F-A3-04-12-2F-CF-67-B5-E3-4E-20-17-9C">
      <ModulePath>C:\Program Files\dotnet\shared\Microsoft.NETCore.App\2.1.15\netstandard.dll</ModulePath>
      <ModuleTime>2019-11-27T10:21:46Z</ModuleTime>
      <ModuleName>netstandard</ModuleName>
      <Classes />
    </Module>
    <Module skippedDueTo="Filter" hash="8D-7F-D1-46-E5-07-2D-22-43-50-33-F5-70-8C-86-FA-23-21-6E-EC">
      <ModulePath>C:\Program Files\dotnet\sdk\2.1.511\Microsoft.Build.dll</ModulePath>
      <ModuleTime>2019-12-02T22:44:24Z</ModuleTime>
      <ModuleName>Microsoft.Build</ModuleName>
      <Classes />
    </Module>
    <Module skippedDueTo="Filter" hash="7E-70-24-08-B6-4B-2C-CC-BA-A2-F8-4A-34-58-A7-6C-04-69-80-B7">
      <ModulePath>C:\Program Files\dotnet\sdk\2.1.511\runtimes\win\lib\netcoreapp2.0\System.Text.Encoding.CodePages.dll</ModulePath>
      <ModuleTime>2019-12-02T22:43:30Z</ModuleTime>
      <ModuleName>System.Text.Encoding.CodePages</ModuleName>
      <Classes />
    </Module>
    <Module skippedDueTo="Filter" hash="DA-85-89-18-E8-64-C6-26-B5-1B-B2-09-4B-B6-76-96-39-24-99-92">
      <ModulePath>C:\Program Files\dotnet\shared\Microsoft.NETCore.App\2.1.15\System.Collections.Concurrent.dll</ModulePath>
      <ModuleTime>2019-11-27T10:21:44Z</ModuleTime>
      <ModuleName>System.Collections.Concurrent</ModuleName>
      <Classes />
    </Module>
    <Module skippedDueTo="Filter" hash="6F-1C-05-BC-58-CD-EA-0C-05-74-0A-41-D4-6E-0E-30-B7-DE-69-60">
      <ModulePath>C:\Program Files\dotnet\sdk\2.1.511\dotnet.dll</ModulePath>
      <ModuleTime>2019-12-02T22:43:30Z</ModuleTime>
      <ModuleName>dotnet</ModuleName>
      <Classes />
    </Module>
    <Module skippedDueTo="Filter" hash="EF-3C-1D-ED-6F-50-5F-2F-9A-6A-42-C3-FF-EB-9D-78-5A-F7-91-24">
      <ModulePath>C:\Program Files\dotnet\sdk\2.1.511\Microsoft.DotNet.Tools.MigrateCommand.dll</ModulePath>
      <ModuleTime>2019-12-02T22:44:22Z</ModuleTime>
      <ModuleName>Microsoft.DotNet.Tools.MigrateCommand</ModuleName>
      <Classes />
    </Module>
    <Module skippedDueTo="Filter" hash="B2-22-5E-3D-54-3B-0E-3C-E9-D3-BE-A1-63-AF-F9-23-ED-A9-95-CE">
      <ModulePath>C:\Program Files\dotnet\sdk\2.1.511\Microsoft.DotNet.Configurer.dll</ModulePath>
      <ModuleTime>2019-12-02T22:43:54Z</ModuleTime>
      <ModuleName>Microsoft.DotNet.Configurer</ModuleName>
      <Classes />
    </Module>
    <Module skippedDueTo="Filter" hash="4E-B1-75-C4-13-15-61-54-63-DB-F3-00-FE-35-51-77-61-70-E7-98">
      <ModulePath>C:\Program Files\dotnet\sdk\2.1.511\Microsoft.DotNet.Cli.Utils.dll</ModulePath>
      <ModuleTime>2019-12-02T22:44:34Z</ModuleTime>
      <ModuleName>Microsoft.DotNet.Cli.Utils</ModuleName>
      <Classes />
    </Module>
    <Module skippedDueTo="Filter" hash="61-48-A3-86-77-27-69-C6-FF-2A-6C-BB-D7-9B-34-1D-8C-BD-82-AA">
      <ModulePath>C:\Program Files\dotnet\sdk\2.1.511\NuGet.Frameworks.dll</ModulePath>
      <ModuleTime>2019-12-02T22:47:38Z</ModuleTime>
      <ModuleName>NuGet.Frameworks</ModuleName>
      <Classes />
    </Module>
    <Module skippedDueTo="Filter" hash="64-DF-62-18-B2-34-44-B5-76-A5-15-10-08-BB-08-CF-71-74-24-7A">
      <ModulePath>C:\Program Files\dotnet\sdk\2.1.511\Microsoft.DotNet.InternalAbstractions.dll</ModulePath>
      <ModuleTime>2019-12-02T22:44:20Z</ModuleTime>
      <ModuleName>Microsoft.DotNet.InternalAbstractions</ModuleName>
      <Classes />
    </Module>
    <Module skippedDueTo="Filter" hash="F1-2B-C5-22-63-BB-40-9C-C6-7E-A3-79-DC-0B-AC-96-4A-E2-0E-26">
      <ModulePath>C:\Program Files\dotnet\shared\Microsoft.NETCore.App\2.1.15\System.IO.FileSystem.Primitives.dll</ModulePath>
      <ModuleTime>2019-11-27T10:21:46Z</ModuleTime>
      <ModuleName>System.IO.FileSystem.Primitives</ModuleName>
      <Classes />
    </Module>
    <Module skippedDueTo="Filter" hash="E1-6C-36-F4-92-B3-C5-58-2B-8E-40-65-39-5F-89-00-B7-29-AA-CB">
      <ModulePath>C:\Program Files\dotnet\shared\Microsoft.NETCore.App\2.1.15\System.Text.Encoding.Extensions.dll</ModulePath>
      <ModuleTime>2019-11-27T10:21:46Z</ModuleTime>
      <ModuleName>System.Text.Encoding.Extensions</ModuleName>
      <Classes />
    </Module>
    <Module skippedDueTo="Filter" hash="1B-BD-30-43-19-49-A6-FD-DE-67-57-1C-DC-3A-C1-88-A6-82-D0-80">
      <ModulePath>C:\Program Files\dotnet\sdk\2.1.511\Microsoft.ApplicationInsights.dll</ModulePath>
      <ModuleTime>2019-12-02T22:44:26Z</ModuleTime>
      <ModuleName>Microsoft.ApplicationInsights</ModuleName>
      <Classes />
    </Module>
    <Module skippedDueTo="Filter" hash="D4-C7-39-30-5F-36-3A-B8-E0-C4-BB-8A-5E-5B-5C-9D-51-52-B6-63">
      <ModulePath>C:\Program Files\dotnet\sdk\2.1.511\Microsoft.DotNet.PlatformAbstractions.dll</ModulePath>
      <ModuleTime>2019-12-02T22:44:24Z</ModuleTime>
      <ModuleName>Microsoft.DotNet.PlatformAbstractions</ModuleName>
      <Classes />
    </Module>
    <Module skippedDueTo="Filter" hash="A1-06-CC-6D-D8-D9-39-5F-6E-C2-96-F6-65-2B-2F-4D-0D-01-6C-0B">
      <ModulePath>C:\Program Files\dotnet\shared\Microsoft.NETCore.App\2.1.15\System.Reflection.Extensions.dll</ModulePath>
      <ModuleTime>2019-11-27T10:21:46Z</ModuleTime>
      <ModuleName>System.Reflection.Extensions</ModuleName>
      <Classes />
    </Module>
    <Module skippedDueTo="Filter" hash="2C-F8-A4-8A-59-3E-CC-04-79-4D-D8-F5-48-45-91-3C-14-21-10-15">
      <ModulePath>C:\Program Files\dotnet\shared\Microsoft.NETCore.App\2.1.15\System.Reflection.dll</ModulePath>
      <ModuleTime>2019-11-27T10:21:46Z</ModuleTime>
      <ModuleName>System.Reflection</ModuleName>
      <Classes />
    </Module>
    <Module skippedDueTo="Filter" hash="8B-A7-0F-95-86-F3-C1-91-8E-43-D9-9C-42-BB-08-FE-34-C0-17-19">
      <ModulePath>C:\Program Files\dotnet\shared\Microsoft.NETCore.App\2.1.15\System.Xml.XDocument.dll</ModulePath>
      <ModuleTime>2019-11-27T10:21:46Z</ModuleTime>
      <ModuleName>System.Xml.XDocument</ModuleName>
      <Classes />
    </Module>
    <Module skippedDueTo="Filter" hash="AC-96-C9-83-A0-EC-D7-08-3E-8A-7D-9E-8A-B2-49-32-56-0A-1A-BD">
      <ModulePath>C:\Program Files\dotnet\shared\Microsoft.NETCore.App\2.1.15\System.Private.Xml.Linq.dll</ModulePath>
      <ModuleTime>2019-11-27T10:21:46Z</ModuleTime>
      <ModuleName>System.Private.Xml.Linq</ModuleName>
      <Classes />
    </Module>
    <Module skippedDueTo="Filter" hash="54-4B-AA-B7-83-4B-0E-14-4C-1A-1D-F5-46-A8-C4-12-DA-6E-FD-F1">
      <ModulePath>C:\Program Files\dotnet\shared\Microsoft.NETCore.App\2.1.15\System.Private.Xml.dll</ModulePath>
      <ModuleTime>2019-11-27T10:21:46Z</ModuleTime>
      <ModuleName>System.Private.Xml</ModuleName>
      <Classes />
    </Module>
    <Module skippedDueTo="Filter" hash="2D-49-96-B6-7D-BE-3A-A3-DA-C3-25-9F-D5-F1-19-DD-71-62-5A-32">
      <ModulePath>C:\Program Files\dotnet\shared\Microsoft.NETCore.App\2.1.15\System.Xml.ReaderWriter.dll</ModulePath>
      <ModuleTime>2019-11-27T10:21:46Z</ModuleTime>
      <ModuleName>System.Xml.ReaderWriter</ModuleName>
      <Classes />
    </Module>
    <Module skippedDueTo="Filter" hash="02-3F-82-E1-6B-33-47-0D-40-58-C0-AF-A1-3C-25-DC-1A-51-AC-24">
      <ModulePath>C:\Program Files\dotnet\shared\Microsoft.NETCore.App\2.1.15\System.Diagnostics.Tracing.dll</ModulePath>
      <ModuleTime>2019-11-27T10:21:46Z</ModuleTime>
      <ModuleName>System.Diagnostics.Tracing</ModuleName>
      <Classes />
    </Module>
    <Module skippedDueTo="Filter" hash="49-7B-5A-7C-6C-94-5D-EB-4D-D5-41-63-8B-6B-C1-2D-96-32-0C-3C">
      <ModulePath>C:\Program Files\dotnet\shared\Microsoft.NETCore.App\2.1.15\System.Private.Uri.dll</ModulePath>
      <ModuleTime>2019-11-27T10:21:46Z</ModuleTime>
      <ModuleName>System.Private.Uri</ModuleName>
      <Classes />
    </Module>
    <Module skippedDueTo="Filter" hash="FD-D8-AB-A7-75-29-7F-15-05-F4-65-3F-D9-97-CA-81-93-80-69-D9">
      <ModulePath>C:\Program Files\dotnet\shared\Microsoft.NETCore.App\2.1.15\System.Threading.Tasks.dll</ModulePath>
      <ModuleTime>2019-11-27T10:21:46Z</ModuleTime>
      <ModuleName>System.Threading.Tasks</ModuleName>
      <Classes />
    </Module>
    <Module skippedDueTo="Filter" hash="8E-FA-30-A7-0B-52-1F-98-15-6B-77-8F-B6-09-7D-18-9F-D7-BC-44">
      <ModulePath>C:\Program Files\dotnet\shared\Microsoft.NETCore.App\2.1.15\System.Globalization.dll</ModulePath>
      <ModuleTime>2019-11-27T10:21:46Z</ModuleTime>
      <ModuleName>System.Globalization</ModuleName>
      <Classes />
    </Module>
    <Module skippedDueTo="Filter" hash="EC-2D-FA-3E-AE-24-AB-B2-85-DD-32-B7-CF-4E-C5-79-A9-15-59-35">
      <ModulePath>C:\Program Files\dotnet\shared\Microsoft.NETCore.App\2.1.15\System.Threading.Tasks.Dataflow.dll</ModulePath>
      <ModuleTime>2019-11-27T10:21:46Z</ModuleTime>
      <ModuleName>System.Threading.Tasks.Dataflow</ModuleName>
      <Classes />
    </Module>
    <Module skippedDueTo="Filter" hash="D4-11-13-94-7D-A1-67-04-C9-9E-38-CC-FC-A9-73-A0-41-63-51-CF">
      <ModulePath>C:\Program Files\dotnet\shared\Microsoft.NETCore.App\2.1.15\System.Security.Cryptography.Algorithms.dll</ModulePath>
      <ModuleTime>2019-11-27T10:21:46Z</ModuleTime>
      <ModuleName>System.Security.Cryptography.Algorithms</ModuleName>
      <Classes />
    </Module>
    <Module skippedDueTo="Filter" hash="53-70-53-0F-FF-6A-D1-ED-42-63-19-C1-2A-17-E6-9E-CA-4A-63-7E">
      <ModulePath>C:\Program Files\dotnet\shared\Microsoft.NETCore.App\2.1.15\System.Security.Cryptography.Primitives.dll</ModulePath>
      <ModuleTime>2019-11-27T10:21:46Z</ModuleTime>
      <ModuleName>System.Security.Cryptography.Primitives</ModuleName>
      <Classes />
    </Module>
    <Module skippedDueTo="Filter" hash="E1-98-CD-14-30-BE-03-B3-96-75-D8-9D-95-9E-B2-85-4A-77-6C-82">
      <ModulePath>C:\Program Files\dotnet\shared\Microsoft.NETCore.App\2.1.15\Microsoft.Win32.Registry.dll</ModulePath>
      <ModuleTime>2019-11-27T10:21:44Z</ModuleTime>
      <ModuleName>Microsoft.Win32.Registry</ModuleName>
      <Classes />
    </Module>
    <Module skippedDueTo="Filter" hash="51-3B-75-D9-A3-A3-CF-C9-D2-CD-CE-42-F3-76-77-75-86-7C-5A-A3">
      <ModulePath>C:\Program Files\dotnet\shared\Microsoft.NETCore.App\2.1.15\System.Resources.ResourceManager.dll</ModulePath>
      <ModuleTime>2019-11-27T10:21:46Z</ModuleTime>
      <ModuleName>System.Resources.ResourceManager</ModuleName>
      <Classes />
    </Module>
    <Module skippedDueTo="Filter" hash="46-E2-A7-58-95-E9-43-D0-D7-8C-4B-0B-D7-79-CD-66-A3-FF-FE-7A">
      <ModulePath>C:\Program Files\dotnet\sdk\2.1.511\de\Microsoft.Build.resources.dll</ModulePath>
      <ModuleTime>2019-12-02T22:43:44Z</ModuleTime>
      <ModuleName>Microsoft.Build.resources</ModuleName>
      <Classes />
    </Module>
    <Module skippedDueTo="Filter" hash="68-EB-AA-F1-AF-84-C4-73-6E-81-E8-84-0E-5F-F5-09-34-3E-58-3E">
      <ModulePath>C:\Program Files\dotnet\shared\Microsoft.NETCore.App\2.1.15\System.ObjectModel.dll</ModulePath>
      <ModuleTime>2019-11-27T10:21:46Z</ModuleTime>
      <ModuleName>System.ObjectModel</ModuleName>
      <Classes />
    </Module>
    <Module skippedDueTo="Filter" hash="15-0B-04-46-81-24-5D-D7-F0-7F-8C-36-DF-B6-5F-D9-0B-4E-7A-F9">
      <ModulePath>C:\Program Files\dotnet\shared\Microsoft.NETCore.App\2.1.15\System.Threading.Thread.dll</ModulePath>
      <ModuleTime>2019-11-27T10:21:46Z</ModuleTime>
      <ModuleName>System.Threading.Thread</ModuleName>
      <Classes />
    </Module>
    <Module skippedDueTo="Filter" hash="B8-DA-CB-74-B1-52-DB-AE-19-63-0C-1A-C0-27-08-71-53-06-6F-BE">
      <ModulePath>C:\Program Files\dotnet\shared\Microsoft.NETCore.App\2.1.15\System.Diagnostics.TraceSource.dll</ModulePath>
      <ModuleTime>2019-11-27T10:21:46Z</ModuleTime>
      <ModuleName>System.Diagnostics.TraceSource</ModuleName>
      <Classes />
    </Module>
    <Module skippedDueTo="Filter" hash="99-35-F3-79-1D-BA-E8-41-AD-7A-DA-D2-98-7E-8E-9D-09-49-4A-E4">
      <ModulePath>C:\Program Files\dotnet\shared\Microsoft.NETCore.App\2.1.15\System.Collections.Immutable.dll</ModulePath>
      <ModuleTime>2019-11-27T10:21:44Z</ModuleTime>
      <ModuleName>System.Collections.Immutable</ModuleName>
      <Classes />
    </Module>
    <Module skippedDueTo="Filter" hash="40-6B-FF-5F-09-78-2B-3E-D2-62-A6-0A-81-85-D2-1F-74-2E-1F-AA">
      <ModulePath>C:\Program Files\dotnet\shared\Microsoft.NETCore.App\2.1.15\System.Runtime.Serialization.Xml.dll</ModulePath>
      <ModuleTime>2019-11-27T10:21:46Z</ModuleTime>
      <ModuleName>System.Runtime.Serialization.Xml</ModuleName>
      <Classes />
    </Module>
    <Module skippedDueTo="Filter" hash="2D-92-EC-95-DF-38-4F-67-1F-C6-D0-47-6E-C3-69-DE-1C-F4-28-CC">
      <ModulePath>C:\Program Files\dotnet\shared\Microsoft.NETCore.App\2.1.15\System.Private.DataContractSerialization.dll</ModulePath>
      <ModuleTime>2019-11-27T10:21:46Z</ModuleTime>
      <ModuleName>System.Private.DataContractSerialization</ModuleName>
      <Classes />
    </Module>
    <Module skippedDueTo="Filter" hash="CB-0C-5F-38-99-23-5D-3B-0E-79-50-10-29-24-37-E3-C2-29-07-C7">
      <ModulePath>C:\Program Files\dotnet\shared\Microsoft.NETCore.App\2.1.15\System.Runtime.Serialization.Primitives.dll</ModulePath>
      <ModuleTime>2019-11-27T10:21:46Z</ModuleTime>
      <ModuleName>System.Runtime.Serialization.Primitives</ModuleName>
      <Classes />
    </Module>
    <Module skippedDueTo="Filter" hash="AE-56-DA-FC-DD-BB-85-B7-7B-DC-C1-8C-30-98-DE-6E-99-7B-42-43">
      <ModulePath>C:\Program Files\dotnet\shared\Microsoft.NETCore.App\2.1.15\System.Reflection.Emit.ILGeneration.dll</ModulePath>
      <ModuleTime>2019-11-27T10:21:46Z</ModuleTime>
      <ModuleName>System.Reflection.Emit.ILGeneration</ModuleName>
      <Classes />
    </Module>
    <Module skippedDueTo="Filter" hash="E4-CA-96-BC-B1-21-6A-D6-93-36-AD-AB-80-42-06-E5-83-BA-08-C3">
      <ModulePath>C:\Program Files\dotnet\shared\Microsoft.NETCore.App\2.1.15\System.Reflection.Emit.Lightweight.dll</ModulePath>
      <ModuleTime>2019-11-27T10:21:46Z</ModuleTime>
      <ModuleName>System.Reflection.Emit.Lightweight</ModuleName>
      <Classes />
    </Module>
    <Module skippedDueTo="Filter" hash="90-38-7A-50-00-7C-72-1F-C0-9E-8E-ED-A0-70-81-59-35-DE-92-68">
      <ModulePath>C:\Program Files\dotnet\shared\Microsoft.NETCore.App\2.1.15\System.Reflection.Primitives.dll</ModulePath>
      <ModuleTime>2019-11-27T10:21:46Z</ModuleTime>
      <ModuleName>System.Reflection.Primitives</ModuleName>
      <Classes />
    </Module>
    <Module skippedDueTo="Filter" hash="FB-9B-BE-96-81-FE-8A-A8-7D-31-9F-FE-58-4E-E1-54-C3-4C-7C-B4">
      <ModulePath>C:\Program Files\dotnet\shared\Microsoft.NETCore.App\2.1.15\System.Runtime.Serialization.Formatters.dll</ModulePath>
      <ModuleTime>2019-11-27T10:21:46Z</ModuleTime>
      <ModuleName>System.Runtime.Serialization.Formatters</ModuleName>
      <Classes />
    </Module>
    <Module skippedDueTo="Filter" hash="CC-39-8D-FE-FE-39-FC-B5-E9-29-E3-4E-B1-EC-6B-76-B7-BF-CB-D3">
      <ModulePath>C:\Program Files\dotnet\shared\Microsoft.NETCore.App\2.1.15\System.Runtime.Loader.dll</ModulePath>
      <ModuleTime>2019-11-27T10:21:46Z</ModuleTime>
      <ModuleName>System.Runtime.Loader</ModuleName>
      <Classes />
    </Module>
    <Module skippedDueTo="Filter" hash="E8-28-15-A3-41-91-DD-8A-3D-58-D9-CA-AD-D3-46-7A-AA-E7-9F-80">
      <ModulePath>C:\Program Files\dotnet\sdk\2.1.511\Microsoft.Build.NuGetSdkResolver.dll</ModulePath>
      <ModuleTime>2019-12-02T22:44:24Z</ModuleTime>
      <ModuleName>Microsoft.Build.NuGetSdkResolver</ModuleName>
      <Classes />
    </Module>
    <Module skippedDueTo="Filter" hash="64-7A-8F-FD-F1-74-B7-2F-35-EF-1A-EC-21-0F-4A-C0-8A-75-58-CF">
      <ModulePath>C:\Program Files\dotnet\shared\Microsoft.NETCore.App\2.1.15\System.Diagnostics.FileVersionInfo.dll</ModulePath>
      <ModuleTime>2019-11-27T10:21:46Z</ModuleTime>
      <ModuleName>System.Diagnostics.FileVersionInfo</ModuleName>
      <Classes />
    </Module>
    <Module skippedDueTo="Filter" hash="0E-F6-B9-22-BF-66-4D-2C-40-ED-9E-90-CB-E0-D6-69-DF-4D-C5-3F">
      <ModulePath>C:\Program Files\dotnet\shared\Microsoft.NETCore.App\2.1.15\System.Threading.Tasks.Parallel.dll</ModulePath>
      <ModuleTime>2019-11-27T10:21:46Z</ModuleTime>
      <ModuleName>System.Threading.Tasks.Parallel</ModuleName>
      <Classes />
    </Module>
    <Module skippedDueTo="Filter" hash="F4-39-4C-B8-82-14-22-14-A3-61-6B-93-FF-53-2A-DF-C2-55-88-E4">
      <ModulePath>C:\Program Files\dotnet\sdk\2.1.511\Microsoft.Build.Utilities.Core.dll</ModulePath>
      <ModuleTime>2019-12-02T22:44:36Z</ModuleTime>
      <ModuleName>Microsoft.Build.Utilities.Core</ModuleName>
      <Classes />
    </Module>
    <Module skippedDueTo="Filter" hash="7F-8D-E7-A8-68-04-49-FA-3B-F8-E2-76-41-62-4E-D9-9D-1F-93-08">
      <ModulePath>C:\Program Files\dotnet\sdk\2.1.511\Microsoft.Build.Tasks.Core.dll</ModulePath>
      <ModuleTime>2019-12-02T22:44:32Z</ModuleTime>
      <ModuleName>Microsoft.Build.Tasks.Core</ModuleName>
      <Classes />
    </Module>
    <Module skippedDueTo="Filter" hash="54-8F-C7-84-6A-FD-0F-B1-E0-C0-8D-E2-60-7F-6F-46-44-91-4C-8E">
      <ModulePath>C:\Program Files\dotnet\shared\Microsoft.NETCore.App\2.1.15\System.Threading.ThreadPool.dll</ModulePath>
      <ModuleTime>2019-11-27T10:21:46Z</ModuleTime>
      <ModuleName>System.Threading.ThreadPool</ModuleName>
      <Classes />
    </Module>
    <Module skippedDueTo="Filter" hash="0A-5B-0F-E2-C6-08-2F-C2-21-9B-D9-76-9D-70-12-2A-96-F9-DE-9C">
      <ModulePath>C:\Program Files\dotnet\sdk\2.1.511\NuGet.Build.Tasks.dll</ModulePath>
      <ModuleTime>2019-12-02T22:48:02Z</ModuleTime>
      <ModuleName>NuGet.Build.Tasks</ModuleName>
      <Classes />
    </Module>
    <Module skippedDueTo="Filter" hash="C0-BE-B7-46-21-99-73-88-8C-BE-7D-AD-AF-27-DF-42-A7-D2-ED-5F">
      <ModulePath>C:\Program Files\dotnet\sdk\2.1.511\NuGet.Commands.dll</ModulePath>
      <ModuleTime>2019-12-02T22:47:26Z</ModuleTime>
      <ModuleName>NuGet.Commands</ModuleName>
      <Classes />
    </Module>
    <Module skippedDueTo="Filter" hash="EF-F3-27-8D-12-16-34-71-89-CC-DF-FE-F2-BA-4A-5F-97-5B-D9-10">
      <ModulePath>C:\Program Files\dotnet\sdk\2.1.511\NuGet.Common.dll</ModulePath>
      <ModuleTime>2019-12-02T22:47:38Z</ModuleTime>
      <ModuleName>NuGet.Common</ModuleName>
      <Classes />
    </Module>
    <Module skippedDueTo="Filter" hash="90-47-14-42-63-F1-04-4A-16-40-D4-BC-D8-C1-52-6F-E1-25-DC-42">
      <ModulePath>C:\Program Files\dotnet\shared\Microsoft.NETCore.App\2.1.15\System.Collections.NonGeneric.dll</ModulePath>
      <ModuleTime>2019-11-27T10:21:44Z</ModuleTime>
      <ModuleName>System.Collections.NonGeneric</ModuleName>
      <Classes />
    </Module>
    <Module skippedDueTo="Filter" hash="30-D3-AF-E2-C5-48-E6-D7-99-96-2A-E0-EC-69-69-64-D8-77-D8-34">
      <ModulePath>C:\Program Files\dotnet\shared\Microsoft.NETCore.App\2.1.15\Microsoft.Win32.Primitives.dll</ModulePath>
      <ModuleTime>2019-11-27T10:21:44Z</ModuleTime>
      <ModuleName>Microsoft.Win32.Primitives</ModuleName>
      <Classes />
    </Module>
    <Module skippedDueTo="Filter" hash="1F-10-C4-70-BA-FC-ED-39-6B-1C-53-95-A2-1A-1C-52-EC-87-11-89">
      <ModulePath>C:\Program Files\dotnet\sdk\2.1.511\Sdks\Microsoft.NET.Sdk\targets\..\tools\netcoreapp2.0/Microsoft.NET.Build.Tasks.dll</ModulePath>
      <ModuleTime>2019-12-02T22:46:08Z</ModuleTime>
      <ModuleName>Microsoft.NET.Build.Tasks</ModuleName>
      <Classes />
    </Module>
    <Module skippedDueTo="Filter" hash="C8-F3-F8-12-65-96-4A-AE-B7-57-71-D0-49-E4-5A-AF-A9-EF-1F-77">
      <ModulePath>C:\Program Files\dotnet\shared\Microsoft.NETCore.App\2.1.15\System.ComponentModel.dll</ModulePath>
      <ModuleTime>2019-11-27T10:21:44Z</ModuleTime>
      <ModuleName>System.ComponentModel</ModuleName>
      <Classes />
    </Module>
    <Module skippedDueTo="Filter" hash="4A-D1-CE-54-B5-6E-1A-FB-7F-26-5A-AF-1A-71-87-87-6B-2D-60-E4">
      <ModulePath>C:\Program Files\dotnet\sdk\2.1.511\NuGet.Configuration.dll</ModulePath>
      <ModuleTime>2019-12-02T22:47:20Z</ModuleTime>
      <ModuleName>NuGet.Configuration</ModuleName>
      <Classes />
    </Module>
    <Module skippedDueTo="Filter" hash="01-D0-41-6E-70-E2-17-96-DE-92-AC-2B-2E-04-EA-39-D1-68-57-EC">
      <ModulePath>C:\Program Files\dotnet\shared\Microsoft.NETCore.App\2.1.15\System.IO.dll</ModulePath>
      <ModuleTime>2019-11-27T10:21:46Z</ModuleTime>
      <ModuleName>System.IO</ModuleName>
      <Classes />
    </Module>
    <Module skippedDueTo="Filter" hash="5C-00-59-46-E0-4E-64-CA-E1-63-52-E1-4A-99-0D-1D-74-AF-5C-69">
      <ModulePath>C:\Program Files\dotnet\shared\Microsoft.NETCore.App\2.1.15\System.Text.Encoding.dll</ModulePath>
      <ModuleTime>2019-11-27T10:21:46Z</ModuleTime>
      <ModuleName>System.Text.Encoding</ModuleName>
      <Classes />
    </Module>
    <Module skippedDueTo="Filter" hash="60-F9-46-13-38-88-AB-29-0C-CF-CF-CC-2E-91-FF-AB-57-31-C6-CF">
      <ModulePath>C:\Program Files\dotnet\sdk\2.1.511\NuGet.ProjectModel.dll</ModulePath>
      <ModuleTime>2019-12-02T22:47:40Z</ModuleTime>
      <ModuleName>NuGet.ProjectModel</ModuleName>
      <Classes />
    </Module>
    <Module skippedDueTo="Filter" hash="58-E9-F1-EC-D6-94-86-50-EF-73-6B-54-AD-65-76-08-EE-59-69-93">
      <ModulePath>C:\Program Files\dotnet\sdk\2.1.511\NuGet.Versioning.dll</ModulePath>
      <ModuleTime>2019-12-02T22:47:20Z</ModuleTime>
      <ModuleName>NuGet.Versioning</ModuleName>
      <Classes />
    </Module>
    <Module skippedDueTo="Filter" hash="1A-36-92-7A-63-4D-79-63-66-0D-84-60-27-D8-8C-BF-76-3D-59-01">
      <ModulePath>C:\Program Files\dotnet\sdk\2.1.511\NuGet.Protocol.dll</ModulePath>
      <ModuleTime>2019-12-02T22:47:32Z</ModuleTime>
      <ModuleName>NuGet.Protocol</ModuleName>
      <Classes />
    </Module>
    <Module skippedDueTo="Filter" hash="E1-08-8F-4D-F3-53-DD-21-F0-38-E1-CA-65-14-A4-38-A2-99-BC-A8">
      <ModulePath>C:\Program Files\dotnet\sdk\2.1.511\NuGet.Packaging.dll</ModulePath>
      <ModuleTime>2019-12-02T22:47:26Z</ModuleTime>
      <ModuleName>NuGet.Packaging</ModuleName>
      <Classes />
    </Module>
    <Module skippedDueTo="Filter" hash="ED-AE-DF-80-A8-EE-8A-F4-37-13-84-CC-14-53-F7-23-82-A2-E8-22">
      <ModulePath>C:\Program Files\dotnet\sdk\2.1.511\NuGet.Credentials.dll</ModulePath>
      <ModuleTime>2019-12-02T22:47:22Z</ModuleTime>
      <ModuleName>NuGet.Credentials</ModuleName>
      <Classes />
    </Module>
    <Module skippedDueTo="Filter" hash="1F-F0-E3-8B-0C-EF-E2-93-00-B3-39-20-DC-7C-15-1B-F6-D7-7C-BB">
      <ModulePath>C:\Program Files\dotnet\sdk\2.1.511\NuGet.DependencyResolver.Core.dll</ModulePath>
      <ModuleTime>2019-12-02T22:47:36Z</ModuleTime>
      <ModuleName>NuGet.DependencyResolver.Core</ModuleName>
      <Classes />
    </Module>
    <Module skippedDueTo="Filter" hash="30-BD-36-EA-CA-E5-AC-54-CE-D6-98-E8-3C-66-77-9E-4F-2C-A6-A4">
      <ModulePath>C:\Program Files\dotnet\sdk\2.1.511\NuGet.Packaging.Core.dll</ModulePath>
      <ModuleTime>2019-12-02T22:47:36Z</ModuleTime>
      <ModuleName>NuGet.Packaging.Core</ModuleName>
      <Classes />
    </Module>
    <Module skippedDueTo="Filter" hash="36-8A-D0-63-6D-7A-0E-4E-E0-87-0A-4D-F9-6B-95-33-6D-22-54-82">
      <ModulePath>C:\Program Files\dotnet\sdk\2.1.511\Newtonsoft.Json.dll</ModulePath>
      <ModuleTime>2019-12-02T22:48:22Z</ModuleTime>
      <ModuleName>Newtonsoft.Json</ModuleName>
      <Classes />
    </Module>
    <Module skippedDueTo="Filter" hash="C9-14-30-60-7A-E1-C4-F8-5E-66-39-30-0C-69-B0-19-E1-8D-6E-A3">
      <ModulePath>C:\Program Files\dotnet\shared\Microsoft.NETCore.App\2.1.15\System.Dynamic.Runtime.dll</ModulePath>
      <ModuleTime>2019-11-27T10:21:46Z</ModuleTime>
      <ModuleName>System.Dynamic.Runtime</ModuleName>
      <Classes />
    </Module>
    <Module skippedDueTo="Filter" hash="3D-33-26-57-4B-C6-E1-BD-47-76-D2-3D-80-05-E9-B4-BB-52-40-3E">
      <ModulePath>C:\Program Files\dotnet\shared\Microsoft.NETCore.App\2.1.15\System.Linq.Expressions.dll</ModulePath>
      <ModuleTime>2019-11-27T10:21:46Z</ModuleTime>
      <ModuleName>System.Linq.Expressions</ModuleName>
      <Classes />
    </Module>
    <Module skippedDueTo="Filter" hash="95-B9-55-D1-E7-12-BF-90-6B-10-FA-1E-A5-B0-FC-F5-2D-E6-E3-5B">
      <ModulePath>C:\Program Files\dotnet\sdk\2.1.511\NuGet.LibraryModel.dll</ModulePath>
      <ModuleTime>2019-12-02T22:47:20Z</ModuleTime>
      <ModuleName>NuGet.LibraryModel</ModuleName>
      <Classes />
    </Module>
    <Module skippedDueTo="Filter" hash="F7-7A-BB-75-C7-96-68-FE-F0-38-9F-9A-2A-06-DC-DD-CC-F3-DC-52">
      <ModulePath>C:\Program Files\dotnet\sdk\2.1.511\de\NuGet.Commands.resources.dll</ModulePath>
      <ModuleTime>2019-12-02T22:46:54Z</ModuleTime>
      <ModuleName>NuGet.Commands.resources</ModuleName>
      <Classes />
    </Module>
    <Module skippedDueTo="Filter" hash="EC-6F-D4-5A-66-B2-6A-1F-E0-B0-42-D9-4B-10-21-0A-5E-44-D2-55">
      <ModulePath>C:\Program Files\dotnet\sdk\2.1.511\Microsoft.TestPlatform.Build.dll</ModulePath>
      <ModuleTime>2019-12-02T22:44:36Z</ModuleTime>
      <ModuleName>Microsoft.TestPlatform.Build</ModuleName>
      <Classes />
    </Module>
    <Module skippedDueTo="Filter" hash="78-48-2B-27-6F-79-C7-28-62-81-1A-AB-6F-06-18-5D-C1-58-AC-0F">
      <ModulePath>C:\Program Files\dotnet\sdk\2.1.511\de\Microsoft.TestPlatform.Build.resources.dll</ModulePath>
      <ModuleTime>2019-12-02T22:43:26Z</ModuleTime>
      <ModuleName>Microsoft.TestPlatform.Build.resources</ModuleName>
      <Classes />
    </Module>
    <Module skippedDueTo="Filter" hash="87-63-31-D5-3F-80-2F-3B-99-9B-23-29-79-E9-81-25-E0-C5-72-27">
      <ModulePath>C:\Program Files\dotnet\shared\Microsoft.NETCore.App\2.1.15\System.Diagnostics.Tools.dll</ModulePath>
      <ModuleTime>2019-11-27T10:21:46Z</ModuleTime>
      <ModuleName>System.Diagnostics.Tools</ModuleName>
      <Classes />
    </Module>
    <Module skippedDueTo="Filter" hash="6B-DD-4E-26-00-9F-51-3B-9D-EF-2E-B3-6C-8D-44-82-DE-FC-2C-0B">
      <ModulePath>C:\Program Files\dotnet\shared\Microsoft.NETCore.App\2.1.15\System.Diagnostics.Debug.dll</ModulePath>
      <ModuleTime>2019-11-27T10:21:46Z</ModuleTime>
      <ModuleName>System.Diagnostics.Debug</ModuleName>
      <Classes />
    </Module>
    <Module skippedDueTo="Filter" hash="44-24-C7-62-3A-A5-D2-A9-05-78-17-4E-7C-49-D2-BD-57-C1-21-CD">
      <ModulePath>C:\Program Files\dotnet\shared\Microsoft.NETCore.App\2.1.15\System.IO.Compression.dll</ModulePath>
      <ModuleTime>2019-11-27T10:21:46Z</ModuleTime>
      <ModuleName>System.IO.Compression</ModuleName>
      <Classes />
    </Module>
    <Module skippedDueTo="Filter" hash="BB-38-2D-A2-6A-1B-83-86-1C-53-66-CD-3A-61-10-68-D8-83-AA-71">
      <ModulePath>C:\Program Files\dotnet\shared\Microsoft.NETCore.App\2.1.15\System.Net.Http.dll</ModulePath>
      <ModuleTime>2019-11-27T10:21:46Z</ModuleTime>
      <ModuleName>System.Net.Http</ModuleName>
      <Classes />
    </Module>
    <Module skippedDueTo="Filter" hash="00-81-F1-62-00-30-C9-1A-F5-DC-03-E2-00-42-2C-19-F7-CA-C6-21">
      <ModulePath>C:\Program Files\dotnet\shared\Microsoft.NETCore.App\2.1.15\System.Net.Primitives.dll</ModulePath>
      <ModuleTime>2019-11-27T10:21:46Z</ModuleTime>
      <ModuleName>System.Net.Primitives</ModuleName>
      <Classes />
    </Module>
    <Module skippedDueTo="Filter" hash="DC-65-EC-E5-77-E6-D5-5D-56-EB-DB-77-84-70-7F-48-57-BC-E5-26">
      <ModulePath>C:\Program Files\dotnet\shared\Microsoft.NETCore.App\2.1.15\System.Net.Security.dll</ModulePath>
      <ModuleTime>2019-11-27T10:21:46Z</ModuleTime>
      <ModuleName>System.Net.Security</ModuleName>
      <Classes />
    </Module>
    <Module skippedDueTo="Filter" hash="2B-87-3D-39-37-DC-BE-62-0A-F3-28-C4-40-ED-FC-43-30-5A-A7-3D">
      <ModulePath>C:\Program Files\dotnet\shared\Microsoft.NETCore.App\2.1.15\System.Security.Cryptography.X509Certificates.dll</ModulePath>
      <ModuleTime>2019-11-27T10:21:46Z</ModuleTime>
      <ModuleName>System.Security.Cryptography.X509Certificates</ModuleName>
      <Classes />
    </Module>
    <Module skippedDueTo="Filter" hash="1F-40-01-27-64-60-23-56-97-04-F4-B7-94-20-37-C0-2E-59-20-86">
      <ModulePath>C:\Program Files\dotnet\sdk\2.1.511\de\Microsoft.Build.Tasks.Core.resources.dll</ModulePath>
      <ModuleTime>2019-12-02T22:43:30Z</ModuleTime>
      <ModuleName>Microsoft.Build.Tasks.Core.resources</ModuleName>
      <Classes />
    </Module>
    <Module skippedDueTo="Filter" hash="79-56-3F-7F-8A-E8-8F-FC-2F-74-10-0A-91-8D-2A-8C-08-08-3C-69">
      <ModulePath>C:\Program Files\dotnet\shared\Microsoft.NETCore.App\2.1.15\System.Diagnostics.DiagnosticSource.dll</ModulePath>
      <ModuleTime>2019-11-27T10:21:46Z</ModuleTime>
      <ModuleName>System.Diagnostics.DiagnosticSource</ModuleName>
      <Classes />
    </Module>
    <Module skippedDueTo="Filter" hash="5B-17-03-2E-BB-04-7C-97-09-74-AC-2A-5C-7A-4A-B4-5C-FD-44-25">
      <ModulePath>C:\Program Files\dotnet\shared\Microsoft.NETCore.App\2.1.15\System.Threading.Timer.dll</ModulePath>
      <ModuleTime>2019-11-27T10:21:46Z</ModuleTime>
      <ModuleName>System.Threading.Timer</ModuleName>
      <Classes />
    </Module>
    <Module skippedDueTo="Filter" hash="2D-D7-BD-98-60-2B-12-69-0D-76-AE-4A-2C-60-ED-74-D1-25-8B-31">
      <ModulePath>C:\Program Files\dotnet\shared\Microsoft.NETCore.App\2.1.15\System.Net.NetworkInformation.dll</ModulePath>
      <ModuleTime>2019-11-27T10:21:46Z</ModuleTime>
      <ModuleName>System.Net.NetworkInformation</ModuleName>
      <Classes />
    </Module>
    <Module skippedDueTo="Filter" hash="7B-D8-8F-7A-C7-94-8D-00-48-DB-FE-44-7C-4F-38-E4-B2-39-1D-E3">
      <ModulePath>C:\Program Files\dotnet\sdk\2.1.511\de\NuGet.Build.Tasks.resources.dll</ModulePath>
      <ModuleTime>2019-12-02T22:47:02Z</ModuleTime>
      <ModuleName>NuGet.Build.Tasks.resources</ModuleName>
      <Classes />
    </Module>
    <Module skippedDueTo="Filter" hash="D3-5E-27-72-08-73-1B-0C-42-28-A0-68-59-ED-35-99-AB-BE-DA-F1">
      <ModulePath>C:\Program Files\dotnet\shared\Microsoft.NETCore.App\2.1.15\System.Net.Sockets.dll</ModulePath>
      <ModuleTime>2019-11-27T10:21:46Z</ModuleTime>
      <ModuleName>System.Net.Sockets</ModuleName>
      <Classes />
    </Module>
    <Module skippedDueTo="Filter" hash="5B-5B-D2-B4-3B-94-62-86-F9-89-FD-9A-F4-DA-BE-74-2F-A3-DE-97">
      <ModulePath>C:\Program Files\dotnet\shared\Microsoft.NETCore.App\2.1.15\System.Threading.Overlapped.dll</ModulePath>
      <ModuleTime>2019-11-27T10:21:46Z</ModuleTime>
      <ModuleName>System.Threading.Overlapped</ModuleName>
      <Classes />
    </Module>
    <Module skippedDueTo="Filter" hash="C2-15-D0-E7-88-EE-39-D6-98-33-C1-CA-10-ED-5D-4B-59-CA-0D-DF">
      <ModulePath>C:\Program Files\dotnet\shared\Microsoft.NETCore.App\2.1.15\System.Net.NameResolution.dll</ModulePath>
      <ModuleTime>2019-11-27T10:21:46Z</ModuleTime>
      <ModuleName>System.Net.NameResolution</ModuleName>
      <Classes />
    </Module>
    <Module skippedDueTo="Filter" hash="98-7D-A0-96-A2-1F-74-C6-19-45-26-D9-DC-B0-44-06-F9-C2-48-EA">
      <ModulePath>C:\Program Files\dotnet\shared\Microsoft.NETCore.App\2.1.15\System.Security.Principal.Windows.dll</ModulePath>
      <ModuleTime>2019-11-27T10:21:46Z</ModuleTime>
      <ModuleName>System.Security.Principal.Windows</ModuleName>
      <Classes />
    </Module>
    <Module skippedDueTo="Filter" hash="5E-79-31-5D-0C-57-41-A5-D5-BD-D3-E2-FD-7B-00-08-03-89-23-BF">
      <ModulePath>C:\Program Files\dotnet\shared\Microsoft.NETCore.App\2.1.15\System.Security.Claims.dll</ModulePath>
      <ModuleTime>2019-11-27T10:21:46Z</ModuleTime>
      <ModuleName>System.Security.Claims</ModuleName>
      <Classes />
    </Module>
    <Module skippedDueTo="Filter" hash="7B-3C-77-5F-F5-51-AE-2A-31-D4-F1-D6-23-D3-56-A6-56-F1-99-E8">
      <ModulePath>C:\Program Files\dotnet\shared\Microsoft.NETCore.App\2.1.15\System.Security.Principal.dll</ModulePath>
      <ModuleTime>2019-11-27T10:21:46Z</ModuleTime>
      <ModuleName>System.Security.Principal</ModuleName>
      <Classes />
    </Module>
    <Module skippedDueTo="Filter" hash="6D-C6-6E-83-E2-08-36-B1-04-D4-5C-09-94-74-85-D2-77-52-54-26">
      <ModulePath>C:\Program Files\dotnet\shared\Microsoft.NETCore.App\2.1.15\System.Security.Cryptography.Encoding.dll</ModulePath>
      <ModuleTime>2019-11-27T10:21:46Z</ModuleTime>
      <ModuleName>System.Security.Cryptography.Encoding</ModuleName>
      <Classes />
    </Module>
    <Module skippedDueTo="Filter" hash="E1-C7-A0-9C-82-78-85-82-B0-E3-34-79-44-CB-40-21-69-5D-B6-74">
      <ModulePath>C:\Program Files\dotnet\shared\Microsoft.NETCore.App\2.1.15\mscorlib.dll</ModulePath>
      <ModuleTime>2019-11-27T10:21:44Z</ModuleTime>
      <ModuleName>mscorlib</ModuleName>
      <Classes />
    </Module>
    <Module skippedDueTo="Filter" hash="16-CD-32-81-06-8A-E2-C6-BD-55-B4-0D-E8-7E-06-8B-63-14-63-CA">
      <ModulePath>C:\Program Files\dotnet\shared\Microsoft.NETCore.App\2.1.15\System.Core.dll</ModulePath>
      <ModuleTime>2019-11-27T10:21:44Z</ModuleTime>
      <ModuleName>System.Core</ModuleName>
      <Classes />
    </Module>
    <Module skippedDueTo="Filter" hash="36-23-5D-20-FB-BF-9F-3F-A6-9C-5C-1B-75-B6-19-43-0D-03-0F-16">
      <ModulePath>C:\Program Files\dotnet\shared\Microsoft.NETCore.App\2.1.15\System.Private.CoreLib.dll</ModulePath>
      <ModuleTime>2019-11-27T10:21:48Z</ModuleTime>
      <ModuleName>System.Private.CoreLib</ModuleName>
      <Classes />
    </Module>
    <Module skippedDueTo="Filter" hash="7F-27-AE-DD-A5-82-F4-20-11-A5-39-E6-61-1A-62-38-D4-B7-29-17">
      <ModulePath>C:\Program Files\dotnet\sdk\2.1.511\vstest.console.dll</ModulePath>
      <ModuleTime>2019-12-02T22:47:48Z</ModuleTime>
      <ModuleName>vstest.console</ModuleName>
      <Classes />
    </Module>
    <Module skippedDueTo="Filter" hash="F0-51-54-2E-C8-64-96-74-3A-F8-8A-A2-21-31-FE-58-BC-C6-E9-C4">
      <ModulePath>C:\Program Files\dotnet\shared\Microsoft.NETCore.App\2.1.15\System.Runtime.dll</ModulePath>
      <ModuleTime>2019-11-27T10:21:46Z</ModuleTime>
      <ModuleName>System.Runtime</ModuleName>
      <Classes />
    </Module>
    <Module skippedDueTo="Filter" hash="D9-BC-B3-E1-B7-09-FB-F5-EE-6C-F2-02-B0-EA-28-5E-59-2A-33-46">
      <ModulePath>C:\Program Files\dotnet\shared\Microsoft.NETCore.App\2.1.15\System.Diagnostics.Process.dll</ModulePath>
      <ModuleTime>2019-11-27T10:21:46Z</ModuleTime>
      <ModuleName>System.Diagnostics.Process</ModuleName>
      <Classes />
    </Module>
    <Module skippedDueTo="Filter" hash="95-15-3C-17-A7-9A-18-2E-C4-41-D5-B8-4B-90-05-22-A1-49-79-97">
      <ModulePath>C:\Program Files\dotnet\shared\Microsoft.NETCore.App\2.1.15\System.ComponentModel.Primitives.dll</ModulePath>
      <ModuleTime>2019-11-27T10:21:44Z</ModuleTime>
      <ModuleName>System.ComponentModel.Primitives</ModuleName>
      <Classes />
    </Module>
    <Module skippedDueTo="Filter" hash="9D-7E-87-FE-48-B0-C1-EB-C1-F9-54-8F-7C-62-31-53-A2-CC-E2-0C">
      <ModulePath>C:\Program Files\dotnet\shared\Microsoft.NETCore.App\2.1.15\System.Runtime.Extensions.dll</ModulePath>
      <ModuleTime>2019-11-27T10:21:46Z</ModuleTime>
      <ModuleName>System.Runtime.Extensions</ModuleName>
      <Classes />
    </Module>
    <Module skippedDueTo="Filter" hash="81-18-93-90-3D-E2-0D-70-24-E1-01-DB-F1-66-0D-60-F5-77-5A-8E">
      <ModulePath>C:\Program Files\dotnet\sdk\2.1.511\Microsoft.TestPlatform.CoreUtilities.dll</ModulePath>
      <ModuleTime>2019-12-02T22:44:24Z</ModuleTime>
      <ModuleName>Microsoft.TestPlatform.CoreUtilities</ModuleName>
      <Classes />
    </Module>
    <Module skippedDueTo="Filter" hash="6B-DD-4E-26-00-9F-51-3B-9D-EF-2E-B3-6C-8D-44-82-DE-FC-2C-0B">
      <ModulePath>C:\Program Files\dotnet\shared\Microsoft.NETCore.App\2.1.15\System.Diagnostics.Debug.dll</ModulePath>
      <ModuleTime>2019-11-27T10:21:46Z</ModuleTime>
      <ModuleName>System.Diagnostics.Debug</ModuleName>
      <Classes />
    </Module>
    <Module skippedDueTo="Filter" hash="15-0B-04-46-81-24-5D-D7-F0-7F-8C-36-DF-B6-5F-D9-0B-4E-7A-F9">
      <ModulePath>C:\Program Files\dotnet\shared\Microsoft.NETCore.App\2.1.15\System.Threading.Thread.dll</ModulePath>
      <ModuleTime>2019-11-27T10:21:46Z</ModuleTime>
      <ModuleName>System.Threading.Thread</ModuleName>
      <Classes />
    </Module>
    <Module skippedDueTo="Filter" hash="AE-F9-DC-86-9D-54-55-14-96-1F-D8-17-53-68-45-60-22-3B-77-42">
      <ModulePath>C:\Program Files\dotnet\shared\Microsoft.NETCore.App\2.1.15\System.Threading.dll</ModulePath>
      <ModuleTime>2019-11-27T10:21:46Z</ModuleTime>
      <ModuleName>System.Threading</ModuleName>
      <Classes />
    </Module>
    <Module skippedDueTo="Filter" hash="6F-31-19-93-70-2F-5F-44-34-50-B1-20-95-E7-10-82-D7-16-F7-D9">
      <ModulePath>C:\Program Files\dotnet\shared\Microsoft.NETCore.App\2.1.15\System.Console.dll</ModulePath>
      <ModuleTime>2019-11-27T10:21:44Z</ModuleTime>
      <ModuleName>System.Console</ModuleName>
      <Classes />
    </Module>
    <Module skippedDueTo="Filter" hash="01-D0-41-6E-70-E2-17-96-DE-92-AC-2B-2E-04-EA-39-D1-68-57-EC">
      <ModulePath>C:\Program Files\dotnet\shared\Microsoft.NETCore.App\2.1.15\System.IO.dll</ModulePath>
      <ModuleTime>2019-11-27T10:21:46Z</ModuleTime>
      <ModuleName>System.IO</ModuleName>
      <Classes />
    </Module>
    <Module skippedDueTo="Filter" hash="E1-6C-36-F4-92-B3-C5-58-2B-8E-40-65-39-5F-89-00-B7-29-AA-CB">
      <ModulePath>C:\Program Files\dotnet\shared\Microsoft.NETCore.App\2.1.15\System.Text.Encoding.Extensions.dll</ModulePath>
      <ModuleTime>2019-11-27T10:21:46Z</ModuleTime>
      <ModuleName>System.Text.Encoding.Extensions</ModuleName>
      <Classes />
    </Module>
    <Module skippedDueTo="Filter" hash="02-3F-82-E1-6B-33-47-0D-40-58-C0-AF-A1-3C-25-DC-1A-51-AC-24">
      <ModulePath>C:\Program Files\dotnet\shared\Microsoft.NETCore.App\2.1.15\System.Diagnostics.Tracing.dll</ModulePath>
      <ModuleTime>2019-11-27T10:21:46Z</ModuleTime>
      <ModuleName>System.Diagnostics.Tracing</ModuleName>
      <Classes />
    </Module>
    <Module skippedDueTo="Filter" hash="1C-A3-4D-35-68-DB-18-83-9C-68-64-0A-E6-10-27-AC-F7-3E-34-09">
      <ModulePath>C:\Program Files\dotnet\shared\Microsoft.NETCore.App\2.1.15\System.Collections.dll</ModulePath>
      <ModuleTime>2019-11-27T10:21:44Z</ModuleTime>
      <ModuleName>System.Collections</ModuleName>
      <Classes />
    </Module>
    <Module skippedDueTo="Filter" hash="ED-F3-6C-D1-93-98-B3-2D-86-2D-F5-07-7D-E5-E5-AE-4A-31-A1-13">
      <ModulePath>C:\Program Files\dotnet\sdk\2.1.511\Microsoft.VisualStudio.TestPlatform.ObjectModel.dll</ModulePath>
      <ModuleTime>2019-12-02T22:44:24Z</ModuleTime>
      <ModuleName>Microsoft.VisualStudio.TestPlatform.ObjectModel</ModuleName>
      <Classes />
    </Module>
    <Module skippedDueTo="Filter" hash="ED-C5-0A-B3-DD-F4-04-1C-72-5F-64-53-F8-A3-49-DE-C1-DE-80-34">
      <ModulePath>C:\Program Files\dotnet\sdk\2.1.511\Microsoft.VisualStudio.TestPlatform.Client.dll</ModulePath>
      <ModuleTime>2019-12-02T22:44:18Z</ModuleTime>
      <ModuleName>Microsoft.VisualStudio.TestPlatform.Client</ModuleName>
      <Classes />
    </Module>
    <Module skippedDueTo="Filter" hash="BE-59-9F-03-BD-1A-CB-2A-96-D2-4F-70-FE-BD-0E-C0-E7-B4-E4-6F">
      <ModulePath>C:\Program Files\dotnet\sdk\2.1.511\Microsoft.VisualStudio.TestPlatform.Common.dll</ModulePath>
      <ModuleTime>2019-12-02T22:44:30Z</ModuleTime>
      <ModuleName>Microsoft.VisualStudio.TestPlatform.Common</ModuleName>
      <Classes />
    </Module>
    <Module skippedDueTo="Filter" hash="07-5B-8C-8C-28-FE-31-0B-7C-B8-A3-55-12-B1-D5-29-25-F1-F1-60">
      <ModulePath>C:\Program Files\dotnet\shared\Microsoft.NETCore.App\2.1.15\System.Linq.dll</ModulePath>
      <ModuleTime>2019-11-27T10:21:46Z</ModuleTime>
      <ModuleName>System.Linq</ModuleName>
      <Classes />
    </Module>
    <Module skippedDueTo="Filter" hash="F1-8C-4B-93-1D-3E-3B-14-D4-A7-97-91-6B-00-5C-41-D0-B7-18-6A">
      <ModulePath>C:\Program Files\dotnet\shared\Microsoft.NETCore.App\2.1.15\System.Runtime.InteropServices.dll</ModulePath>
      <ModuleTime>2019-11-27T10:21:46Z</ModuleTime>
      <ModuleName>System.Runtime.InteropServices</ModuleName>
      <Classes />
    </Module>
    <Module skippedDueTo="Filter" hash="51-3B-75-D9-A3-A3-CF-C9-D2-CD-CE-42-F3-76-77-75-86-7C-5A-A3">
      <ModulePath>C:\Program Files\dotnet\shared\Microsoft.NETCore.App\2.1.15\System.Resources.ResourceManager.dll</ModulePath>
      <ModuleTime>2019-11-27T10:21:46Z</ModuleTime>
      <ModuleName>System.Resources.ResourceManager</ModuleName>
      <Classes />
    </Module>
    <Module skippedDueTo="Filter" hash="71-99-8C-D8-42-0C-3B-2A-9D-B1-22-B6-0E-53-19-04-B7-EF-B2-8C">
      <ModulePath>C:\Program Files\dotnet\sdk\2.1.511\de\vstest.console.resources.dll</ModulePath>
      <ModuleTime>2019-12-02T22:47:48Z</ModuleTime>
      <ModuleName>vstest.console.resources</ModuleName>
      <Classes />
    </Module>
    <Module skippedDueTo="Filter" hash="F1-2B-C5-22-63-BB-40-9C-C6-7E-A3-79-DC-0B-AC-96-4A-E2-0E-26">
      <ModulePath>C:\Program Files\dotnet\shared\Microsoft.NETCore.App\2.1.15\System.IO.FileSystem.Primitives.dll</ModulePath>
      <ModuleTime>2019-11-27T10:21:46Z</ModuleTime>
      <ModuleName>System.IO.FileSystem.Primitives</ModuleName>
      <Classes />
    </Module>
    <Module skippedDueTo="Filter" hash="0D-E4-4F-3E-6B-B8-FB-54-1D-7C-68-99-AA-B6-98-79-0C-99-E3-4C">
      <ModulePath>C:\Program Files\dotnet\shared\Microsoft.NETCore.App\2.1.15\System.IO.FileSystem.dll</ModulePath>
      <ModuleTime>2019-11-27T10:21:46Z</ModuleTime>
      <ModuleName>System.IO.FileSystem</ModuleName>
      <Classes />
    </Module>
    <Module skippedDueTo="Filter" hash="2D-49-96-B6-7D-BE-3A-A3-DA-C3-25-9F-D5-F1-19-DD-71-62-5A-32">
      <ModulePath>C:\Program Files\dotnet\shared\Microsoft.NETCore.App\2.1.15\System.Xml.ReaderWriter.dll</ModulePath>
      <ModuleTime>2019-11-27T10:21:46Z</ModuleTime>
      <ModuleName>System.Xml.ReaderWriter</ModuleName>
      <Classes />
    </Module>
    <Module skippedDueTo="Filter" hash="54-4B-AA-B7-83-4B-0E-14-4C-1A-1D-F5-46-A8-C4-12-DA-6E-FD-F1">
      <ModulePath>C:\Program Files\dotnet\shared\Microsoft.NETCore.App\2.1.15\System.Private.Xml.dll</ModulePath>
      <ModuleTime>2019-11-27T10:21:46Z</ModuleTime>
      <ModuleName>System.Private.Xml</ModuleName>
      <Classes />
    </Module>
    <Module skippedDueTo="Filter" hash="1D-35-91-A9-3F-78-6A-C6-F3-55-10-37-CC-C6-C2-04-72-5D-A9-B3">
      <ModulePath>C:\Program Files\dotnet\sdk\2.1.511\Microsoft.TestPlatform.PlatformAbstractions.dll</ModulePath>
      <ModuleTime>2019-12-02T22:44:28Z</ModuleTime>
      <ModuleName>Microsoft.TestPlatform.PlatformAbstractions</ModuleName>
      <Classes />
    </Module>
    <Module skippedDueTo="Filter" hash="C7-67-EF-91-B4-50-FA-F5-22-9A-46-73-51-C1-95-D6-28-94-0C-F1">
      <ModulePath>C:\Program Files\dotnet\shared\Microsoft.NETCore.App\2.1.15\System.Xml.XmlDocument.dll</ModulePath>
      <ModuleTime>2019-11-27T10:21:46Z</ModuleTime>
      <ModuleName>System.Xml.XmlDocument</ModuleName>
      <Classes />
    </Module>
    <Module skippedDueTo="Filter" hash="D0-C8-C2-D7-FB-10-8B-55-19-56-AA-11-B9-9D-58-63-05-D1-19-ED">
      <ModulePath>C:\Program Files\dotnet\sdk\2.1.511\Microsoft.TestPlatform.Utilities.dll</ModulePath>
      <ModuleTime>2019-12-02T22:44:24Z</ModuleTime>
      <ModuleName>Microsoft.TestPlatform.Utilities</ModuleName>
      <Classes />
    </Module>
    <Module skippedDueTo="Filter" hash="13-C1-A0-69-A5-F6-26-7C-AB-D9-22-D7-5C-B1-B2-D1-6C-AE-B5-C4">
      <ModulePath>C:\Program Files\dotnet\shared\Microsoft.NETCore.App\2.1.15\System.Runtime.InteropServices.RuntimeInformation.dll</ModulePath>
      <ModuleTime>2019-11-27T10:21:46Z</ModuleTime>
      <ModuleName>System.Runtime.InteropServices.RuntimeInformation</ModuleName>
      <Classes />
    </Module>
    <Module skippedDueTo="Filter" hash="49-7B-5A-7C-6C-94-5D-EB-4D-D5-41-63-8B-6B-C1-2D-96-32-0C-3C">
      <ModulePath>C:\Program Files\dotnet\shared\Microsoft.NETCore.App\2.1.15\System.Private.Uri.dll</ModulePath>
      <ModuleTime>2019-11-27T10:21:46Z</ModuleTime>
      <ModuleName>System.Private.Uri</ModuleName>
      <Classes />
    </Module>
    <Module skippedDueTo="Filter" hash="C1-0C-E7-D0-2E-B6-B0-21-86-4F-E3-6D-43-1F-97-AE-86-3B-97-93">
      <ModulePath>C:\Program Files\dotnet\shared\Microsoft.NETCore.App\2.1.15\System.Memory.dll</ModulePath>
      <ModuleTime>2019-11-27T10:21:46Z</ModuleTime>
      <ModuleName>System.Memory</ModuleName>
      <Classes />
    </Module>
    <Module skippedDueTo="Filter" hash="D4-11-13-94-7D-A1-67-04-C9-9E-38-CC-FC-A9-73-A0-41-63-51-CF">
      <ModulePath>C:\Program Files\dotnet\shared\Microsoft.NETCore.App\2.1.15\System.Security.Cryptography.Algorithms.dll</ModulePath>
      <ModuleTime>2019-11-27T10:21:46Z</ModuleTime>
      <ModuleName>System.Security.Cryptography.Algorithms</ModuleName>
      <Classes />
    </Module>
    <Module skippedDueTo="Filter" hash="92-49-5C-7E-26-5B-34-32-19-D4-E1-12-C7-5F-2D-62-ED-2D-F0-D1">
      <ModulePath>C:\Program Files\dotnet\sdk\2.1.511\System.Xml.XPath.XmlDocument.dll</ModulePath>
      <ModuleTime>2019-12-02T22:43:38Z</ModuleTime>
      <ModuleName>System.Xml.XPath.XmlDocument</ModuleName>
      <Classes />
    </Module>
    <Module skippedDueTo="Filter" hash="2B-7D-AF-8B-57-F8-CB-51-CF-0F-D4-30-3A-08-39-38-CC-82-0C-1C">
      <ModulePath>C:\Program Files\dotnet\shared\Microsoft.NETCore.App\2.1.15\System.Xml.XPath.dll</ModulePath>
      <ModuleTime>2019-11-27T10:21:46Z</ModuleTime>
      <ModuleName>System.Xml.XPath</ModuleName>
      <Classes />
    </Module>
    <Module skippedDueTo="Filter" hash="8E-FA-30-A7-0B-52-1F-98-15-6B-77-8F-B6-09-7D-18-9F-D7-BC-44">
      <ModulePath>C:\Program Files\dotnet\shared\Microsoft.NETCore.App\2.1.15\System.Globalization.dll</ModulePath>
      <ModuleTime>2019-11-27T10:21:46Z</ModuleTime>
      <ModuleName>System.Globalization</ModuleName>
      <Classes />
    </Module>
    <Module skippedDueTo="Filter" hash="B8-DA-CB-74-B1-52-DB-AE-19-63-0C-1A-C0-27-08-71-53-06-6F-BE">
      <ModulePath>C:\Program Files\dotnet\shared\Microsoft.NETCore.App\2.1.15\System.Diagnostics.TraceSource.dll</ModulePath>
      <ModuleTime>2019-11-27T10:21:46Z</ModuleTime>
      <ModuleName>System.Diagnostics.TraceSource</ModuleName>
      <Classes />
    </Module>
    <Module skippedDueTo="Filter" hash="90-47-14-42-63-F1-04-4A-16-40-D4-BC-D8-C1-52-6F-E1-25-DC-42">
      <ModulePath>C:\Program Files\dotnet\shared\Microsoft.NETCore.App\2.1.15\System.Collections.NonGeneric.dll</ModulePath>
      <ModuleTime>2019-11-27T10:21:44Z</ModuleTime>
[...]
      <ModuleTime>2019-11-27T10:21:46Z</ModuleTime>
      <ModuleName>System.Security.Cryptography.X509Certificates</ModuleName>
      <Classes />
    </Module>
    <Module skippedDueTo="Filter" hash="6F-FF-B7-1D-D4-2A-27-EE-7F-28-45-A6-3F-B2-6E-65-AE-97-D4-9F">
      <ModulePath>C:\Program Files\dotnet\shared\Microsoft.NETCore.App\2.1.15\System.Net.ServicePoint.dll</ModulePath>
      <ModuleTime>2019-11-27T10:21:46Z</ModuleTime>
      <ModuleName>System.Net.ServicePoint</ModuleName>
      <Classes />
    </Module>
    <Module skippedDueTo="Filter" hash="21-8D-5E-AC-EE-8C-BA-D2-52-BD-57-12-39-07-6F-53-20-F0-DB-6A">
      <ModulePath>C:\Program Files\dotnet\shared\Microsoft.NETCore.App\2.1.15\System.Net.WebClient.dll</ModulePath>
      <ModuleTime>2019-11-27T10:21:46Z</ModuleTime>
      <ModuleName>System.Net.WebClient</ModuleName>
      <Classes />
    </Module>
    <Module skippedDueTo="Filter" hash="01-7B-35-18-F9-B4-66-9D-DF-8C-CC-8F-48-BC-7D-89-E1-45-CE-95">
      <ModulePath>C:\Program Files\dotnet\shared\Microsoft.NETCore.App\2.1.15\System.Net.WebHeaderCollection.dll</ModulePath>
      <ModuleTime>2019-11-27T10:21:46Z</ModuleTime>
      <ModuleName>System.Net.WebHeaderCollection</ModuleName>
      <Classes />
    </Module>
    <Module skippedDueTo="Filter" hash="EA-90-AD-5B-7A-45-D4-07-3B-43-23-26-57-91-35-57-EE-82-21-77">
      <ModulePath>C:\Program Files\dotnet\shared\Microsoft.NETCore.App\2.1.15\System.Net.WebProxy.dll</ModulePath>
      <ModuleTime>2019-11-27T10:21:46Z</ModuleTime>
      <ModuleName>System.Net.WebProxy</ModuleName>
      <Classes />
    </Module>
    <Module skippedDueTo="Filter" hash="38-BA-CF-76-17-4D-C1-A6-63-2D-7C-02-7F-A2-6D-C9-0D-36-CE-7A">
      <ModulePath>C:\Program Files\dotnet\shared\Microsoft.NETCore.App\2.1.15\System.Net.WebSockets.Client.dll</ModulePath>
      <ModuleTime>2019-11-27T10:21:46Z</ModuleTime>
      <ModuleName>System.Net.WebSockets.Client</ModuleName>
      <Classes />
    </Module>
    <Module skippedDueTo="Filter" hash="8F-B8-21-04-1C-CD-18-AE-A5-FE-C4-E7-DF-0A-03-A7-65-63-98-B5">
      <ModulePath>C:\Program Files\dotnet\shared\Microsoft.NETCore.App\2.1.15\System.Net.dll</ModulePath>
      <ModuleTime>2019-11-27T10:21:46Z</ModuleTime>
      <ModuleName>System.Net</ModuleName>
      <Classes />
    </Module>
    <Module skippedDueTo="Filter" hash="70-E9-DD-3A-6D-F8-55-64-68-8A-06-A4-3B-B3-2B-AA-48-14-82-EA">
      <ModulePath>C:\Program Files\dotnet\shared\Microsoft.NETCore.App\2.1.15\System.Numerics.Vectors.dll</ModulePath>
      <ModuleTime>2019-11-27T10:21:46Z</ModuleTime>
      <ModuleName>System.Numerics.Vectors</ModuleName>
      <Classes />
    </Module>
    <Module skippedDueTo="Filter" hash="89-2A-C6-3E-F5-4F-76-3E-2D-11-29-98-F8-C0-62-DA-7D-60-91-77">
      <ModulePath>C:\Program Files\dotnet\shared\Microsoft.NETCore.App\2.1.15\System.Numerics.dll</ModulePath>
      <ModuleTime>2019-11-27T10:21:46Z</ModuleTime>
      <ModuleName>System.Numerics</ModuleName>
      <Classes />
    </Module>
    <Module skippedDueTo="Filter" hash="2D-92-EC-95-DF-38-4F-67-1F-C6-D0-47-6E-C3-69-DE-1C-F4-28-CC">
      <ModulePath>C:\Program Files\dotnet\shared\Microsoft.NETCore.App\2.1.15\System.Private.DataContractSerialization.dll</ModulePath>
      <ModuleTime>2019-11-27T10:21:46Z</ModuleTime>
      <ModuleName>System.Private.DataContractSerialization</ModuleName>
      <Classes />
    </Module>
    <Module skippedDueTo="Filter" hash="AE-56-DA-FC-DD-BB-85-B7-7B-DC-C1-8C-30-98-DE-6E-99-7B-42-43">
      <ModulePath>C:\Program Files\dotnet\shared\Microsoft.NETCore.App\2.1.15\System.Reflection.Emit.ILGeneration.dll</ModulePath>
      <ModuleTime>2019-11-27T10:21:46Z</ModuleTime>
      <ModuleName>System.Reflection.Emit.ILGeneration</ModuleName>
      <Classes />
    </Module>
    <Module skippedDueTo="Filter" hash="B8-25-03-E8-F2-96-A3-A3-76-18-F2-AF-F4-52-A3-98-AC-71-E6-9F">
      <ModulePath>C:\Program Files\dotnet\shared\Microsoft.NETCore.App\2.1.15\System.Reflection.DispatchProxy.dll</ModulePath>
      <ModuleTime>2019-11-27T10:21:46Z</ModuleTime>
      <ModuleName>System.Reflection.DispatchProxy</ModuleName>
      <Classes />
    </Module>
    <Module skippedDueTo="Filter" hash="E4-CA-96-BC-B1-21-6A-D6-93-36-AD-AB-80-42-06-E5-83-BA-08-C3">
      <ModulePath>C:\Program Files\dotnet\shared\Microsoft.NETCore.App\2.1.15\System.Reflection.Emit.Lightweight.dll</ModulePath>
      <ModuleTime>2019-11-27T10:21:46Z</ModuleTime>
      <ModuleName>System.Reflection.Emit.Lightweight</ModuleName>
      <Classes />
    </Module>
    <Module skippedDueTo="Filter" hash="66-BD-61-BA-28-07-3B-9B-52-C0-5B-5D-B3-2B-2B-C2-F2-B5-F5-FF">
      <ModulePath>C:\Program Files\dotnet\shared\Microsoft.NETCore.App\2.1.15\System.Reflection.Emit.dll</ModulePath>
      <ModuleTime>2019-11-27T10:21:46Z</ModuleTime>
      <ModuleName>System.Reflection.Emit</ModuleName>
      <Classes />
    </Module>
    <Module skippedDueTo="Filter" hash="1C-B9-7E-A0-25-3F-C4-F7-DF-D9-04-AD-F0-4F-AC-FC-79-61-A9-1D">
      <ModulePath>C:\Program Files\dotnet\shared\Microsoft.NETCore.App\2.1.15\System.Reflection.Metadata.dll</ModulePath>
      <ModuleTime>2019-11-27T10:21:46Z</ModuleTime>
      <ModuleName>System.Reflection.Metadata</ModuleName>
      <Classes />
    </Module>
    <Module skippedDueTo="Filter" hash="90-38-7A-50-00-7C-72-1F-C0-9E-8E-ED-A0-70-81-59-35-DE-92-68">
      <ModulePath>C:\Program Files\dotnet\shared\Microsoft.NETCore.App\2.1.15\System.Reflection.Primitives.dll</ModulePath>
      <ModuleTime>2019-11-27T10:21:46Z</ModuleTime>
      <ModuleName>System.Reflection.Primitives</ModuleName>
      <Classes />
    </Module>
    <Module skippedDueTo="Filter" hash="3E-5D-3D-0D-37-1A-A8-8E-DA-70-7E-54-48-1C-55-E8-D9-A9-3D-78">
      <ModulePath>C:\Program Files\dotnet\shared\Microsoft.NETCore.App\2.1.15\System.Reflection.TypeExtensions.dll</ModulePath>
      <ModuleTime>2019-11-27T10:21:46Z</ModuleTime>
      <ModuleName>System.Reflection.TypeExtensions</ModuleName>
      <Classes />
    </Module>
    <Module skippedDueTo="Filter" hash="E4-CA-C3-70-BB-54-00-A1-09-BA-C2-54-85-C1-64-97-08-05-C0-C2">
      <ModulePath>C:\Program Files\dotnet\shared\Microsoft.NETCore.App\2.1.15\System.Resources.Reader.dll</ModulePath>
      <ModuleTime>2019-11-27T10:21:46Z</ModuleTime>
      <ModuleName>System.Resources.Reader</ModuleName>
      <Classes />
    </Module>
    <Module skippedDueTo="Filter" hash="19-F3-E8-0D-FB-E1-60-EE-24-AD-28-CC-95-48-20-69-25-E6-1E-3A">
      <ModulePath>C:\Program Files\dotnet\shared\Microsoft.NETCore.App\2.1.15\System.Resources.Writer.dll</ModulePath>
      <ModuleTime>2019-11-27T10:21:46Z</ModuleTime>
      <ModuleName>System.Resources.Writer</ModuleName>
      <Classes />
    </Module>
    <Module skippedDueTo="Filter" hash="8D-74-61-6D-2B-5C-FE-14-6E-3D-FB-B8-A2-9F-85-3A-55-02-20-EE">
      <ModulePath>C:\Program Files\dotnet\shared\Microsoft.NETCore.App\2.1.15\System.Runtime.CompilerServices.VisualC.dll</ModulePath>
      <ModuleTime>2019-11-27T10:21:46Z</ModuleTime>
      <ModuleName>System.Runtime.CompilerServices.VisualC</ModuleName>
      <Classes />
    </Module>
    <Module skippedDueTo="Filter" hash="2D-1C-F4-0F-17-BF-68-88-62-90-BB-9E-06-59-4B-FB-2E-15-1C-75">
      <ModulePath>C:\Program Files\dotnet\shared\Microsoft.NETCore.App\2.1.15\System.Runtime.Handles.dll</ModulePath>
      <ModuleTime>2019-11-27T10:21:46Z</ModuleTime>
      <ModuleName>System.Runtime.Handles</ModuleName>
      <Classes />
    </Module>
    <Module skippedDueTo="Filter" hash="D6-26-68-E1-22-99-FF-58-E7-15-14-4D-DB-7A-C8-15-22-6B-91-20">
      <ModulePath>C:\Program Files\dotnet\shared\Microsoft.NETCore.App\2.1.15\System.Runtime.InteropServices.WindowsRuntime.dll</ModulePath>
      <ModuleTime>2019-11-27T10:21:46Z</ModuleTime>
      <ModuleName>System.Runtime.InteropServices.WindowsRuntime</ModuleName>
      <Classes />
    </Module>
    <Module skippedDueTo="Filter" hash="FB-9B-BE-96-81-FE-8A-A8-7D-31-9F-FE-58-4E-E1-54-C3-4C-7C-B4">
      <ModulePath>C:\Program Files\dotnet\shared\Microsoft.NETCore.App\2.1.15\System.Runtime.Serialization.Formatters.dll</ModulePath>
      <ModuleTime>2019-11-27T10:21:46Z</ModuleTime>
      <ModuleName>System.Runtime.Serialization.Formatters</ModuleName>
      <Classes />
    </Module>
    <Module skippedDueTo="Filter" hash="3C-60-97-B0-0C-B9-7A-F9-73-32-8D-F3-E9-F2-4D-32-90-F4-76-AE">
      <ModulePath>C:\Program Files\dotnet\shared\Microsoft.NETCore.App\2.1.15\System.Runtime.Serialization.Json.dll</ModulePath>
      <ModuleTime>2019-11-27T10:21:46Z</ModuleTime>
      <ModuleName>System.Runtime.Serialization.Json</ModuleName>
      <Classes />
    </Module>
    <Module skippedDueTo="Filter" hash="40-6B-FF-5F-09-78-2B-3E-D2-62-A6-0A-81-85-D2-1F-74-2E-1F-AA">
      <ModulePath>C:\Program Files\dotnet\shared\Microsoft.NETCore.App\2.1.15\System.Runtime.Serialization.Xml.dll</ModulePath>
      <ModuleTime>2019-11-27T10:21:46Z</ModuleTime>
      <ModuleName>System.Runtime.Serialization.Xml</ModuleName>
      <Classes />
    </Module>
    <Module skippedDueTo="Filter" hash="2D-3E-69-C8-59-6E-C4-74-63-18-02-6C-B2-14-95-20-47-C7-16-84">
      <ModulePath>C:\Program Files\dotnet\shared\Microsoft.NETCore.App\2.1.15\System.Runtime.Serialization.dll</ModulePath>
      <ModuleTime>2019-11-27T10:21:46Z</ModuleTime>
      <ModuleName>System.Runtime.Serialization</ModuleName>
      <Classes />
    </Module>
    <Module skippedDueTo="Filter" hash="6D-C6-6E-83-E2-08-36-B1-04-D4-5C-09-94-74-85-D2-77-52-54-26">
      <ModulePath>C:\Program Files\dotnet\shared\Microsoft.NETCore.App\2.1.15\System.Security.Cryptography.Encoding.dll</ModulePath>
      <ModuleTime>2019-11-27T10:21:46Z</ModuleTime>
      <ModuleName>System.Security.Cryptography.Encoding</ModuleName>
      <Classes />
    </Module>
    <Module skippedDueTo="Filter" hash="53-70-53-0F-FF-6A-D1-ED-42-63-19-C1-2A-17-E6-9E-CA-4A-63-7E">
      <ModulePath>C:\Program Files\dotnet\shared\Microsoft.NETCore.App\2.1.15\System.Security.Cryptography.Primitives.dll</ModulePath>
      <ModuleTime>2019-11-27T10:21:46Z</ModuleTime>
      <ModuleName>System.Security.Cryptography.Primitives</ModuleName>
      <Classes />
    </Module>
    <Module skippedDueTo="Filter" hash="92-5F-43-83-DF-A0-A7-D8-F4-D2-9C-53-81-B8-09-75-39-52-63-B3">
      <ModulePath>C:\Program Files\dotnet\shared\Microsoft.NETCore.App\2.1.15\System.Security.Cryptography.Cng.dll</ModulePath>
      <ModuleTime>2019-11-27T10:21:46Z</ModuleTime>
      <ModuleName>System.Security.Cryptography.Cng</ModuleName>
      <Classes />
    </Module>
    <Module skippedDueTo="Filter" hash="4F-24-01-67-98-C3-B2-25-83-63-EE-68-F6-FB-FF-9B-A9-F3-3A-2E">
      <ModulePath>C:\Program Files\dotnet\shared\Microsoft.NETCore.App\2.1.15\System.Security.Cryptography.Csp.dll</ModulePath>
      <ModuleTime>2019-11-27T10:21:46Z</ModuleTime>
      <ModuleName>System.Security.Cryptography.Csp</ModuleName>
      <Classes />
    </Module>
    <Module skippedDueTo="Filter" hash="A8-F4-27-3B-73-DF-8C-78-F0-A5-91-BA-56-D0-DE-C7-DE-E3-6A-78">
      <ModulePath>C:\Program Files\dotnet\shared\Microsoft.NETCore.App\2.1.15\System.Security.Cryptography.OpenSsl.dll</ModulePath>
      <ModuleTime>2019-11-27T10:21:46Z</ModuleTime>
      <ModuleName>System.Security.Cryptography.OpenSsl</ModuleName>
      <Classes />
    </Module>
    <Module skippedDueTo="Filter" hash="A4-C0-55-74-A1-21-D5-F0-30-DC-B6-EB-D0-6B-7A-FB-73-58-6F-B5">
      <ModulePath>C:\Program Files\dotnet\shared\Microsoft.NETCore.App\2.1.15\System.Security.SecureString.dll</ModulePath>
      <ModuleTime>2019-11-27T10:21:46Z</ModuleTime>
      <ModuleName>System.Security.SecureString</ModuleName>
      <Classes />
    </Module>
    <Module skippedDueTo="Filter" hash="C8-BF-3A-13-43-19-53-29-3F-F6-3C-33-E6-17-43-1F-97-75-EC-DD">
      <ModulePath>C:\Program Files\dotnet\shared\Microsoft.NETCore.App\2.1.15\System.Security.dll</ModulePath>
      <ModuleTime>2019-11-27T10:21:46Z</ModuleTime>
      <ModuleName>System.Security</ModuleName>
      <Classes />
    </Module>
    <Module skippedDueTo="Filter" hash="37-FF-A0-E0-8E-0D-15-B1-3A-1D-B0-98-5E-54-6A-36-77-78-13-72">
      <ModulePath>C:\Program Files\dotnet\shared\Microsoft.NETCore.App\2.1.15\System.ServiceModel.Web.dll</ModulePath>
      <ModuleTime>2019-11-27T10:21:46Z</ModuleTime>
      <ModuleName>System.ServiceModel.Web</ModuleName>
      <Classes />
    </Module>
    <Module skippedDueTo="Filter" hash="0C-CA-25-CE-4F-C5-AA-89-8F-86-1C-C1-6A-D4-F2-6A-78-99-6E-54">
      <ModulePath>C:\Program Files\dotnet\shared\Microsoft.NETCore.App\2.1.15\System.ServiceProcess.dll</ModulePath>
      <ModuleTime>2019-11-27T10:21:46Z</ModuleTime>
      <ModuleName>System.ServiceProcess</ModuleName>
      <Classes />
    </Module>
    <Module skippedDueTo="Filter" hash="EC-2D-FA-3E-AE-24-AB-B2-85-DD-32-B7-CF-4E-C5-79-A9-15-59-35">
      <ModulePath>C:\Program Files\dotnet\shared\Microsoft.NETCore.App\2.1.15\System.Threading.Tasks.Dataflow.dll</ModulePath>
      <ModuleTime>2019-11-27T10:21:46Z</ModuleTime>
      <ModuleName>System.Threading.Tasks.Dataflow</ModuleName>
      <Classes />
    </Module>
    <Module skippedDueTo="Filter" hash="4B-B4-A7-A4-94-3C-94-A9-B0-3F-7A-5F-1E-F7-A0-A6-E0-03-A2-58">
      <ModulePath>C:\Program Files\dotnet\shared\Microsoft.NETCore.App\2.1.15\System.Threading.Tasks.Extensions.dll</ModulePath>
      <ModuleTime>2019-11-27T10:21:46Z</ModuleTime>
      <ModuleName>System.Threading.Tasks.Extensions</ModuleName>
      <Classes />
    </Module>
    <Module skippedDueTo="Filter" hash="0E-F6-B9-22-BF-66-4D-2C-40-ED-9E-90-CB-E0-D6-69-DF-4D-C5-3F">
      <ModulePath>C:\Program Files\dotnet\shared\Microsoft.NETCore.App\2.1.15\System.Threading.Tasks.Parallel.dll</ModulePath>
      <ModuleTime>2019-11-27T10:21:46Z</ModuleTime>
      <ModuleName>System.Threading.Tasks.Parallel</ModuleName>
      <Classes />
    </Module>
    <Module skippedDueTo="Filter" hash="55-67-DA-97-CC-DD-36-5D-F5-3A-0F-8A-F1-94-AF-EB-7E-09-31-0A">
      <ModulePath>C:\Program Files\dotnet\shared\Microsoft.NETCore.App\2.1.15\System.Transactions.Local.dll</ModulePath>
      <ModuleTime>2019-11-27T10:21:46Z</ModuleTime>
      <ModuleName>System.Transactions.Local</ModuleName>
      <Classes />
    </Module>
    <Module skippedDueTo="Filter" hash="87-67-41-60-FD-33-D8-82-E8-98-B6-C5-C4-EF-02-23-3F-A3-84-F0">
      <ModulePath>C:\Program Files\dotnet\shared\Microsoft.NETCore.App\2.1.15\System.Transactions.dll</ModulePath>
      <ModuleTime>2019-11-27T10:21:46Z</ModuleTime>
      <ModuleName>System.Transactions</ModuleName>
      <Classes />
    </Module>
    <Module skippedDueTo="Filter" hash="6E-09-55-30-B0-8E-F7-62-24-85-FA-99-D6-83-DE-AB-0C-F5-97-39">
      <ModulePath>C:\Program Files\dotnet\shared\Microsoft.NETCore.App\2.1.15\System.ValueTuple.dll</ModulePath>
      <ModuleTime>2019-11-27T10:21:46Z</ModuleTime>
      <ModuleName>System.ValueTuple</ModuleName>
      <Classes />
    </Module>
    <Module skippedDueTo="Filter" hash="69-74-6A-7B-81-7B-D9-8C-F0-E2-D8-BF-69-12-D8-3B-59-4F-9F-F6">
      <ModulePath>C:\Program Files\dotnet\shared\Microsoft.NETCore.App\2.1.15\System.Web.HttpUtility.dll</ModulePath>
      <ModuleTime>2019-11-27T10:21:46Z</ModuleTime>
      <ModuleName>System.Web.HttpUtility</ModuleName>
      <Classes />
    </Module>
    <Module skippedDueTo="Filter" hash="AB-09-0E-E7-49-85-24-34-C3-28-CC-86-A8-CB-DA-7B-87-6A-3A-76">
      <ModulePath>C:\Program Files\dotnet\shared\Microsoft.NETCore.App\2.1.15\System.Web.dll</ModulePath>
      <ModuleTime>2019-11-27T10:21:46Z</ModuleTime>
      <ModuleName>System.Web</ModuleName>
      <Classes />
    </Module>
    <Module skippedDueTo="Filter" hash="FB-F3-49-CB-E3-E2-CA-EA-8D-FA-02-B7-E0-89-22-9A-E8-20-8B-84">
      <ModulePath>C:\Program Files\dotnet\shared\Microsoft.NETCore.App\2.1.15\System.Windows.dll</ModulePath>
      <ModuleTime>2019-11-27T10:21:46Z</ModuleTime>
      <ModuleName>System.Windows</ModuleName>
      <Classes />
    </Module>
    <Module skippedDueTo="Filter" hash="F0-73-68-CA-D8-BD-C5-67-B0-D9-8C-7A-88-2A-7E-D5-AC-85-A8-F2">
      <ModulePath>C:\Program Files\dotnet\shared\Microsoft.NETCore.App\2.1.15\System.Xml.Linq.dll</ModulePath>
      <ModuleTime>2019-11-27T10:21:46Z</ModuleTime>
      <ModuleName>System.Xml.Linq</ModuleName>
      <Classes />
    </Module>
    <Module skippedDueTo="Filter" hash="7D-1D-3C-CE-06-6B-C4-F9-85-3A-EA-04-D2-1F-84-EC-F6-8A-16-49">
      <ModulePath>C:\Program Files\dotnet\shared\Microsoft.NETCore.App\2.1.15\System.Xml.Serialization.dll</ModulePath>
      <ModuleTime>2019-11-27T10:21:46Z</ModuleTime>
      <ModuleName>System.Xml.Serialization</ModuleName>
      <Classes />
    </Module>
    <Module skippedDueTo="Filter" hash="B2-B0-F1-39-A8-0F-EA-BB-48-E2-9C-98-5A-03-06-FE-1D-D2-0A-7C">
      <ModulePath>C:\Program Files\dotnet\shared\Microsoft.NETCore.App\2.1.15\System.Xml.XPath.XDocument.dll</ModulePath>
      <ModuleTime>2019-11-27T10:21:46Z</ModuleTime>
      <ModuleName>System.Xml.XPath.XDocument</ModuleName>
      <Classes />
    </Module>
    <Module skippedDueTo="Filter" hash="19-E9-AB-8F-60-19-A0-FF-D6-6D-72-8D-9C-91-67-DE-E8-8B-1F-43">
      <ModulePath>C:\Program Files\dotnet\shared\Microsoft.NETCore.App\2.1.15\System.Xml.XmlSerializer.dll</ModulePath>
      <ModuleTime>2019-11-27T10:21:46Z</ModuleTime>
      <ModuleName>System.Xml.XmlSerializer</ModuleName>
      <Classes />
    </Module>
    <Module skippedDueTo="Filter" hash="B7-B5-87-4E-CC-26-C6-B2-F3-A2-FC-EB-53-D8-BD-BE-90-69-D8-46">
      <ModulePath>C:\Program Files\dotnet\shared\Microsoft.NETCore.App\2.1.15\System.Xml.dll</ModulePath>
      <ModuleTime>2019-11-27T10:21:46Z</ModuleTime>
      <ModuleName>System.Xml</ModuleName>
      <Classes />
    </Module>
    <Module skippedDueTo="Filter" hash="D4-FB-7B-88-28-20-4B-F4-08-74-CA-75-6C-3B-6E-63-59-3B-62-88">
      <ModulePath>C:\Program Files\dotnet\shared\Microsoft.NETCore.App\2.1.15\System.dll</ModulePath>
      <ModuleTime>2019-11-27T10:21:46Z</ModuleTime>
      <ModuleName>System</ModuleName>
      <Classes />
    </Module>
    <Module skippedDueTo="Filter" hash="69-85-08-4A-7E-A8-F4-65-07-2D-5E-33-2F-DE-23-18-6B-63-24-EF">
      <ModulePath>C:\Program Files\dotnet\shared\Microsoft.NETCore.App\2.1.15\WindowsBase.dll</ModulePath>
      <ModuleTime>2019-11-27T10:21:46Z</ModuleTime>
      <ModuleName>WindowsBase</ModuleName>
      <Classes />
    </Module>
    <Module skippedDueTo="Filter" hash="E1-C7-A0-9C-82-78-85-82-B0-E3-34-79-44-CB-40-21-69-5D-B6-74">
      <ModulePath>C:\Program Files\dotnet\shared\Microsoft.NETCore.App\2.1.15\mscorlib.dll</ModulePath>
      <ModuleTime>2019-11-27T10:21:44Z</ModuleTime>
      <ModuleName>mscorlib</ModuleName>
      <Classes />
    </Module>
    <Module skippedDueTo="Filter" hash="2B-0E-C4-2C-54-CA-19-66-1A-7E-27-2A-03-A3-92-F0-59-0C-D6-9D">
      <ModulePath>C:\GitHub\Xive\tests\Test.Xive\bin\Release\netcoreapp2.1\xunit.runner.reporters.netcoreapp10.dll</ModulePath>
      <ModuleTime>2018-10-29T03:17:14Z</ModuleTime>
      <ModuleName>xunit.runner.reporters.netcoreapp10</ModuleName>
      <Classes />
    </Module>
    <Module skippedDueTo="Filter" hash="81-48-8E-CA-A5-B9-7A-0F-00-04-D9-05-3D-F8-9B-C8-CC-66-86-A7">
      <ModulePath>C:\GitHub\Xive\tests\Test.Xive\bin\Release\netcoreapp2.1\xunit.runner.visualstudio.dotnetcore.testadapter.dll</ModulePath>
      <ModuleTime>2018-10-29T03:17:12Z</ModuleTime>
      <ModuleName>xunit.runner.visualstudio.dotnetcore.testadapter</ModuleName>
      <Classes />
    </Module>
    <Module skippedDueTo="Filter" hash="C8-F3-F8-12-65-96-4A-AE-B7-57-71-D0-49-E4-5A-AF-A9-EF-1F-77">
      <ModulePath>C:\Program Files\dotnet\shared\Microsoft.NETCore.App\2.1.15\System.ComponentModel.dll</ModulePath>
      <ModuleTime>2019-11-27T10:21:44Z</ModuleTime>
      <ModuleName>System.ComponentModel</ModuleName>
      <Classes />
    </Module>
  </Modules>
</CoverageSession>