<?xml version="1.0" encoding="utf-8"?>
<CoverageSession xmlns:xsd="http://www.w3.org/2001/XMLSchema" xmlns:xsi="http://www.w3.org/2001/XMLSchema-instance" Version="4.7.922.0">
  <Summary numSequencePoints="786" visitedSequencePoints="608" numBranchPoints="465" visitedBranchPoints="352" sequenceCoverage="77.35" branchCoverage="75.70" maxCyclomaticComplexity="7" minCyclomaticComplexity="1" maxCrapScore="42" minCrapScore="1" visitedClasses="68" numClasses="90" visitedMethods="219" numMethods="295" />
  <Modules>
    <Module skippedDueTo="Filter" hash="55-4B-03-F2-48-AB-9C-18-72-8F-86-95-F0-FE-66-04-50-E4-16-96">
      <ModulePath>C:\Program Files\dotnet\shared\Microsoft.NETCore.App\2.1.9\System.Private.CoreLib.dll</ModulePath>
      <ModuleTime>2019-02-15T12:08:58Z</ModuleTime>
      <ModuleName>System.Private.CoreLib</ModuleName>
      <Classes />
    </Module>
    <Module skippedDueTo="Filter" hash="52-60-53-A1-DB-40-3C-27-39-49-FC-DE-16-DD-26-8F-CA-B4-EE-0E">
      <ModulePath>C:\Program Files\dotnet\sdk\2.1.505\dotnet.dll</ModulePath>
      <ModuleTime>2019-02-26T17:45:38Z</ModuleTime>
      <ModuleName>dotnet</ModuleName>
      <Classes />
    </Module>
    <Module skippedDueTo="Filter" hash="F7-EB-9A-06-50-56-05-86-98-BD-7F-8F-05-1B-E1-89-0B-1B-DE-7F">
      <ModulePath>C:\Program Files\dotnet\shared\Microsoft.NETCore.App\2.1.9\System.Runtime.dll</ModulePath>
      <ModuleTime>2019-02-15T12:08:56Z</ModuleTime>
      <ModuleName>System.Runtime</ModuleName>
      <Classes />
    </Module>
    <Module skippedDueTo="Filter" hash="19-E5-85-BE-9A-10-19-34-F6-4B-91-07-64-D3-B9-F1-06-C4-FE-AD">
      <ModulePath>C:\Program Files\dotnet\sdk\2.1.505\Microsoft.DotNet.Cli.Utils.dll</ModulePath>
      <ModuleTime>2019-02-26T17:46:40Z</ModuleTime>
      <ModuleName>Microsoft.DotNet.Cli.Utils</ModuleName>
      <Classes />
    </Module>
    <Module skippedDueTo="Filter" hash="2B-5D-59-09-59-46-C9-00-11-E3-79-21-BB-26-AA-CF-1E-DE-6B-31">
      <ModulePath>C:\Program Files\dotnet\shared\Microsoft.NETCore.App\2.1.9\netstandard.dll</ModulePath>
      <ModuleTime>2019-02-15T12:08:56Z</ModuleTime>
      <ModuleName>netstandard</ModuleName>
      <Classes />
    </Module>
    <Module skippedDueTo="Filter" hash="32-7F-B3-05-DE-92-F7-4E-9E-6B-6E-9C-A8-2C-0C-53-6F-7A-6A-2F">
      <ModulePath>C:\Program Files\dotnet\shared\Microsoft.NETCore.App\2.1.9\System.Runtime.Extensions.dll</ModulePath>
      <ModuleTime>2019-02-15T12:08:56Z</ModuleTime>
      <ModuleName>System.Runtime.Extensions</ModuleName>
      <Classes />
    </Module>
    <Module skippedDueTo="Filter" hash="A8-8F-0B-39-C6-73-4C-ED-78-5B-FE-61-B5-25-28-EA-BB-71-2B-66">
      <ModulePath>C:\Program Files\dotnet\shared\Microsoft.NETCore.App\2.1.9\System.Runtime.Loader.dll</ModulePath>
      <ModuleTime>2019-02-15T12:08:56Z</ModuleTime>
      <ModuleName>System.Runtime.Loader</ModuleName>
      <Classes />
    </Module>
    <Module skippedDueTo="Filter" hash="3C-9F-1A-A9-68-D6-97-82-D8-0E-A6-95-F3-83-CE-F2-98-F5-94-EF">
      <ModulePath>C:\Program Files\dotnet\sdk\2.1.505\Microsoft.DotNet.PlatformAbstractions.dll</ModulePath>
      <ModuleTime>2019-02-26T17:46:42Z</ModuleTime>
      <ModuleName>Microsoft.DotNet.PlatformAbstractions</ModuleName>
      <Classes />
    </Module>
    <Module skippedDueTo="Filter" hash="6B-7B-05-2B-65-27-9F-11-1F-F9-40-2C-62-23-F7-CD-F6-FC-36-42">
      <ModulePath>C:\Program Files\dotnet\shared\Microsoft.NETCore.App\2.1.9\System.Runtime.InteropServices.RuntimeInformation.dll</ModulePath>
      <ModuleTime>2019-02-15T12:08:56Z</ModuleTime>
      <ModuleName>System.Runtime.InteropServices.RuntimeInformation</ModuleName>
      <Classes />
    </Module>
    <Module skippedDueTo="Filter" hash="E2-80-5F-EE-D1-8A-0F-4C-E1-39-FA-7C-32-28-C4-77-64-EB-2D-AA">
      <ModulePath>C:\Program Files\dotnet\shared\Microsoft.NETCore.App\2.1.9\System.Runtime.InteropServices.dll</ModulePath>
      <ModuleTime>2019-02-15T12:08:56Z</ModuleTime>
      <ModuleName>System.Runtime.InteropServices</ModuleName>
      <Classes />
    </Module>
    <Module skippedDueTo="Filter" hash="98-BA-FF-D7-50-E0-C9-AA-0B-5B-AC-2F-CD-2F-48-C0-CE-AA-69-8F">
      <ModulePath>C:\Program Files\dotnet\shared\Microsoft.NETCore.App\2.1.9\System.Threading.dll</ModulePath>
      <ModuleTime>2019-02-15T12:08:56Z</ModuleTime>
      <ModuleName>System.Threading</ModuleName>
      <Classes />
    </Module>
    <Module skippedDueTo="Filter" hash="3B-FF-4C-98-47-A4-41-AB-E9-C6-D7-02-00-1F-15-33-75-F3-24-5D">
      <ModulePath>C:\Program Files\dotnet\shared\Microsoft.NETCore.App\2.1.9\System.IO.FileSystem.dll</ModulePath>
      <ModuleTime>2019-02-15T12:08:54Z</ModuleTime>
      <ModuleName>System.IO.FileSystem</ModuleName>
      <Classes />
    </Module>
    <Module skippedDueTo="Filter" hash="D6-C0-C6-42-3F-B1-70-34-D0-0A-01-C6-BD-73-14-0F-4B-2D-7C-80">
      <ModulePath>C:\Program Files\dotnet\sdk\2.1.505\runtimes\win\lib\netcoreapp2.0\System.Text.Encoding.CodePages.dll</ModulePath>
      <ModuleTime>2019-02-26T17:45:18Z</ModuleTime>
      <ModuleName>System.Text.Encoding.CodePages</ModuleName>
      <Classes />
    </Module>
    <Module skippedDueTo="Filter" hash="1F-26-76-B4-1E-DF-32-0B-40-A3-8A-57-89-1A-4F-A0-72-CF-84-19">
      <ModulePath>C:\Program Files\dotnet\shared\Microsoft.NETCore.App\2.1.9\System.Collections.dll</ModulePath>
      <ModuleTime>2019-02-15T12:08:54Z</ModuleTime>
      <ModuleName>System.Collections</ModuleName>
      <Classes />
    </Module>
    <Module skippedDueTo="Filter" hash="1A-59-AB-A6-01-DF-DD-44-D2-7A-67-36-66-25-29-E2-7A-B9-5A-06">
      <ModulePath>C:\Program Files\dotnet\shared\Microsoft.NETCore.App\2.1.9\System.Collections.Concurrent.dll</ModulePath>
      <ModuleTime>2019-02-15T12:08:54Z</ModuleTime>
      <ModuleName>System.Collections.Concurrent</ModuleName>
      <Classes />
    </Module>
    <Module skippedDueTo="Filter" hash="7F-36-ED-5D-BA-7B-AE-CD-D5-CF-36-0A-8E-1D-48-1B-CB-39-56-66">
      <ModulePath>C:\Program Files\dotnet\shared\Microsoft.NETCore.App\2.1.9\System.Threading.Thread.dll</ModulePath>
      <ModuleTime>2019-02-15T12:08:56Z</ModuleTime>
      <ModuleName>System.Threading.Thread</ModuleName>
      <Classes />
    </Module>
    <Module skippedDueTo="Filter" hash="AE-68-E4-AD-2D-AE-7F-E0-0D-B8-95-6E-25-1E-C7-B1-90-77-CC-AB">
      <ModulePath>C:\Program Files\dotnet\sdk\2.1.505\Microsoft.DotNet.Configurer.dll</ModulePath>
      <ModuleTime>2019-02-26T17:46:42Z</ModuleTime>
      <ModuleName>Microsoft.DotNet.Configurer</ModuleName>
      <Classes />
    </Module>
    <Module skippedDueTo="Filter" hash="76-2E-56-27-50-68-5F-A2-C8-F3-8D-F5-94-3E-E1-22-7E-30-50-99">
      <ModulePath>C:\Program Files\dotnet\sdk\2.1.505\Microsoft.DotNet.Cli.CommandLine.dll</ModulePath>
      <ModuleTime>2019-02-26T17:46:42Z</ModuleTime>
      <ModuleName>Microsoft.DotNet.Cli.CommandLine</ModuleName>
      <Classes />
    </Module>
    <Module skippedDueTo="Filter" hash="AD-A8-3D-4D-EF-7A-1D-D1-DF-99-44-06-0E-0D-B1-E7-F7-5A-48-20">
      <ModulePath>C:\Program Files\dotnet\shared\Microsoft.NETCore.App\2.1.9\System.Diagnostics.Process.dll</ModulePath>
      <ModuleTime>2019-02-15T12:08:54Z</ModuleTime>
      <ModuleName>System.Diagnostics.Process</ModuleName>
      <Classes />
    </Module>
    <Module skippedDueTo="Filter" hash="B6-D7-67-8C-CE-CF-7F-A4-89-AD-2F-A9-13-9C-3F-BE-61-62-D9-CA">
      <ModulePath>C:\Program Files\dotnet\sdk\2.1.505\Microsoft.DotNet.InternalAbstractions.dll</ModulePath>
      <ModuleTime>2019-02-26T17:46:20Z</ModuleTime>
      <ModuleName>Microsoft.DotNet.InternalAbstractions</ModuleName>
      <Classes />
    </Module>
    <Module skippedDueTo="Filter" hash="13-8F-57-B6-4D-20-89-78-A1-6F-6A-19-D9-F1-2D-80-4A-3F-3D-B4">
      <ModulePath>C:\Program Files\dotnet\shared\Microsoft.NETCore.App\2.1.9\System.Linq.dll</ModulePath>
      <ModuleTime>2019-02-15T12:08:56Z</ModuleTime>
      <ModuleName>System.Linq</ModuleName>
      <Classes />
    </Module>
    <Module skippedDueTo="Filter" hash="29-6E-F2-61-93-6A-70-9C-06-E4-85-39-7D-5A-19-D7-3E-3F-D7-0B">
      <ModulePath>C:\Program Files\dotnet\sdk\2.1.505\NuGet.Frameworks.dll</ModulePath>
      <ModuleTime>2019-02-26T17:48:28Z</ModuleTime>
      <ModuleName>NuGet.Frameworks</ModuleName>
      <Classes />
    </Module>
    <Module skippedDueTo="Filter" hash="5C-69-42-1D-F1-42-51-99-A9-FC-CD-FD-10-6B-3F-F2-FA-12-3F-27">
      <ModulePath>C:\Program Files\dotnet\shared\Microsoft.NETCore.App\2.1.9\System.Console.dll</ModulePath>
      <ModuleTime>2019-02-15T12:08:54Z</ModuleTime>
      <ModuleName>System.Console</ModuleName>
      <Classes />
    </Module>
    <Module skippedDueTo="Filter" hash="11-CA-75-C5-04-E3-42-D8-04-FF-6D-44-68-DB-C2-D6-44-D5-11-54">
      <ModulePath>C:\Program Files\dotnet\shared\Microsoft.NETCore.App\2.1.9\System.IO.FileSystem.Primitives.dll</ModulePath>
      <ModuleTime>2019-02-15T12:08:54Z</ModuleTime>
      <ModuleName>System.IO.FileSystem.Primitives</ModuleName>
      <Classes />
    </Module>
    <Module skippedDueTo="Filter" hash="99-C5-A8-30-D3-A2-61-F0-96-45-82-F9-1F-7D-5D-6A-CA-9C-3E-A2">
      <ModulePath>C:\Program Files\dotnet\shared\Microsoft.NETCore.App\2.1.9\System.Memory.dll</ModulePath>
      <ModuleTime>2019-02-15T12:08:56Z</ModuleTime>
      <ModuleName>System.Memory</ModuleName>
      <Classes />
    </Module>
    <Module skippedDueTo="Filter" hash="D5-D3-9E-52-27-D2-17-26-DB-91-B2-5B-AB-16-6B-ED-19-09-39-16">
      <ModulePath>C:\Program Files\dotnet\shared\Microsoft.NETCore.App\2.1.9\System.IO.dll</ModulePath>
      <ModuleTime>2019-02-15T12:08:54Z</ModuleTime>
      <ModuleName>System.IO</ModuleName>
      <Classes />
    </Module>
    <Module skippedDueTo="Filter" hash="22-A5-4F-EE-68-06-C3-14-25-49-AE-FB-86-43-D0-7F-DD-02-0B-E1">
      <ModulePath>C:\Program Files\dotnet\shared\Microsoft.NETCore.App\2.1.9\System.Text.Encoding.Extensions.dll</ModulePath>
      <ModuleTime>2019-02-15T12:08:56Z</ModuleTime>
      <ModuleName>System.Text.Encoding.Extensions</ModuleName>
      <Classes />
    </Module>
    <Module skippedDueTo="Filter" hash="C5-24-0B-2D-BB-29-20-52-58-2D-28-61-F9-8C-F8-EF-2D-66-D9-9B">
      <ModulePath>C:\Program Files\dotnet\sdk\2.1.505\Microsoft.ApplicationInsights.dll</ModulePath>
      <ModuleTime>2019-02-26T17:46:44Z</ModuleTime>
      <ModuleName>Microsoft.ApplicationInsights</ModuleName>
      <Classes />
    </Module>
    <Module skippedDueTo="Filter" hash="9B-15-A4-C9-C2-54-39-CB-19-82-C7-D0-C4-C7-DB-34-39-13-F1-C5">
      <ModulePath>C:\Program Files\dotnet\shared\Microsoft.NETCore.App\2.1.9\System.Reflection.Extensions.dll</ModulePath>
      <ModuleTime>2019-02-15T12:08:56Z</ModuleTime>
      <ModuleName>System.Reflection.Extensions</ModuleName>
      <Classes />
    </Module>
    <Module skippedDueTo="Filter" hash="E4-B7-7F-7F-E3-82-6E-11-56-56-ED-64-F2-7C-AA-FF-F2-A5-7C-14">
      <ModulePath>C:\Program Files\dotnet\shared\Microsoft.NETCore.App\2.1.9\System.Reflection.dll</ModulePath>
      <ModuleTime>2019-02-15T12:08:56Z</ModuleTime>
      <ModuleName>System.Reflection</ModuleName>
      <Classes />
    </Module>
    <Module skippedDueTo="Filter" hash="38-60-41-FD-81-1C-4E-EC-B6-69-95-F0-1E-4E-1A-DB-99-9F-10-A7">
      <ModulePath>C:\Program Files\dotnet\shared\Microsoft.NETCore.App\2.1.9\System.Xml.XDocument.dll</ModulePath>
      <ModuleTime>2019-02-15T12:08:56Z</ModuleTime>
      <ModuleName>System.Xml.XDocument</ModuleName>
      <Classes />
    </Module>
    <Module skippedDueTo="Filter" hash="C0-43-07-0E-45-F5-33-54-E5-A7-90-09-FC-71-80-50-77-DC-7A-17">
      <ModulePath>C:\Program Files\dotnet\shared\Microsoft.NETCore.App\2.1.9\System.Private.Xml.Linq.dll</ModulePath>
      <ModuleTime>2019-02-15T12:08:56Z</ModuleTime>
      <ModuleName>System.Private.Xml.Linq</ModuleName>
      <Classes />
    </Module>
    <Module skippedDueTo="Filter" hash="0E-18-ED-92-48-6D-EE-C5-B3-44-2A-E2-80-FB-38-53-77-58-8A-70">
      <ModulePath>C:\Program Files\dotnet\shared\Microsoft.NETCore.App\2.1.9\System.Security.Cryptography.Algorithms.dll</ModulePath>
      <ModuleTime>2019-02-15T12:08:56Z</ModuleTime>
      <ModuleName>System.Security.Cryptography.Algorithms</ModuleName>
      <Classes />
    </Module>
    <Module skippedDueTo="Filter" hash="96-16-64-F2-72-89-B5-82-CD-DB-0A-79-B6-34-D0-25-F5-5D-B9-65">
      <ModulePath>C:\Program Files\dotnet\shared\Microsoft.NETCore.App\2.1.9\System.Security.Cryptography.Primitives.dll</ModulePath>
      <ModuleTime>2019-02-15T12:08:56Z</ModuleTime>
      <ModuleName>System.Security.Cryptography.Primitives</ModuleName>
      <Classes />
    </Module>
    <Module skippedDueTo="Filter" hash="07-4A-17-5F-0C-B1-05-A3-42-C6-AD-E7-B4-36-38-BA-8E-C2-09-76">
      <ModulePath>C:\Program Files\dotnet\sdk\2.1.505\Microsoft.TemplateEngine.Cli.dll</ModulePath>
      <ModuleTime>2019-02-26T17:46:14Z</ModuleTime>
      <ModuleName>Microsoft.TemplateEngine.Cli</ModuleName>
      <Classes />
    </Module>
    <Module skippedDueTo="Filter" hash="F9-7C-A2-EE-B7-08-8C-19-0E-76-61-1F-C5-3C-B8-F7-FC-F2-14-0D">
      <ModulePath>C:\Program Files\dotnet\shared\Microsoft.NETCore.App\2.1.9\System.Private.Xml.dll</ModulePath>
      <ModuleTime>2019-02-15T12:08:56Z</ModuleTime>
      <ModuleName>System.Private.Xml</ModuleName>
      <Classes />
    </Module>
    <Module skippedDueTo="Filter" hash="37-F5-28-C7-0D-1C-12-D2-21-E2-58-AD-5B-FC-E0-4C-D4-7A-C8-B6">
      <ModulePath>C:\Program Files\dotnet\shared\Microsoft.NETCore.App\2.1.9\System.Resources.ResourceManager.dll</ModulePath>
      <ModuleTime>2019-02-15T12:08:56Z</ModuleTime>
      <ModuleName>System.Resources.ResourceManager</ModuleName>
      <Classes />
    </Module>
    <Module skippedDueTo="Filter" hash="0F-7D-88-19-6C-97-5C-EF-6F-B9-6A-90-13-96-57-1B-BD-76-DE-26">
      <ModulePath>C:\Program Files\dotnet\shared\Microsoft.NETCore.App\2.1.9\System.Xml.ReaderWriter.dll</ModulePath>
      <ModuleTime>2019-02-15T12:08:56Z</ModuleTime>
      <ModuleName>System.Xml.ReaderWriter</ModuleName>
      <Classes />
    </Module>
    <Module skippedDueTo="Filter" hash="B4-B1-E4-D8-08-80-D3-CD-4B-CF-4A-40-EF-DD-83-1F-62-E4-9B-BB">
      <ModulePath>C:\Program Files\dotnet\shared\Microsoft.NETCore.App\2.1.9\System.Globalization.dll</ModulePath>
      <ModuleTime>2019-02-15T12:08:54Z</ModuleTime>
      <ModuleName>System.Globalization</ModuleName>
      <Classes />
    </Module>
    <Module skippedDueTo="Filter" hash="77-DA-57-D7-4C-6F-FB-D6-1D-E4-5D-8C-E5-B5-2A-15-C1-B6-36-D9">
      <ModulePath>C:\Program Files\dotnet\shared\Microsoft.NETCore.App\2.1.9\System.Diagnostics.Tracing.dll</ModulePath>
      <ModuleTime>2019-02-15T12:08:54Z</ModuleTime>
      <ModuleName>System.Diagnostics.Tracing</ModuleName>
      <Classes />
    </Module>
    <Module skippedDueTo="Filter" hash="42-DC-96-7E-3E-13-B2-02-13-C9-ED-C6-0D-97-76-E2-5E-E1-6A-DE">
      <ModulePath>C:\Program Files\dotnet\sdk\2.1.505\de\Microsoft.TemplateEngine.Cli.resources.dll</ModulePath>
      <ModuleTime>2019-02-26T17:44:48Z</ModuleTime>
      <ModuleName>Microsoft.TemplateEngine.Cli.resources</ModuleName>
      <Classes />
    </Module>
    <Module skippedDueTo="Filter" hash="88-14-AB-BF-DD-9F-51-1D-1A-04-F6-ED-FD-47-1A-1F-D4-F9-D3-81">
      <ModulePath>C:\Program Files\dotnet\shared\Microsoft.NETCore.App\2.1.9\System.Private.Uri.dll</ModulePath>
      <ModuleTime>2019-02-15T12:08:56Z</ModuleTime>
      <ModuleName>System.Private.Uri</ModuleName>
      <Classes />
    </Module>
    <Module skippedDueTo="Filter" hash="E6-7E-F7-7D-5F-04-85-32-DF-24-1B-74-92-2D-74-08-C6-00-AA-B9">
      <ModulePath>C:\Program Files\dotnet\shared\Microsoft.NETCore.App\2.1.9\System.Threading.Tasks.dll</ModulePath>
      <ModuleTime>2019-02-15T12:08:56Z</ModuleTime>
      <ModuleName>System.Threading.Tasks</ModuleName>
      <Classes />
    </Module>
    <Module skippedDueTo="Filter" hash="35-5F-F3-29-FB-70-DB-AD-A1-CA-1A-BB-14-02-D4-DA-8A-FB-D5-BD">
      <ModulePath>C:\Program Files\dotnet\shared\Microsoft.NETCore.App\2.1.9\System.Text.RegularExpressions.dll</ModulePath>
      <ModuleTime>2019-02-15T12:08:56Z</ModuleTime>
      <ModuleName>System.Text.RegularExpressions</ModuleName>
      <Classes />
    </Module>
    <Module skippedDueTo="Filter" hash="01-15-2C-97-C3-79-F2-86-8F-9F-C5-52-02-09-A4-3C-36-96-61-82">
      <ModulePath>C:\Program Files\dotnet\shared\Microsoft.NETCore.App\2.1.9\System.Buffers.dll</ModulePath>
      <ModuleTime>2019-02-15T12:08:54Z</ModuleTime>
      <ModuleName>System.Buffers</ModuleName>
      <Classes />
    </Module>
    <Module skippedDueTo="Filter" hash="41-80-37-BD-68-66-61-3E-E3-24-D7-DC-02-ED-D5-E5-6F-BF-0F-B6">
      <ModulePath>C:\Program Files\dotnet\shared\Microsoft.NETCore.App\2.1.9\System.Reflection.Emit.ILGeneration.dll</ModulePath>
      <ModuleTime>2019-02-15T12:08:56Z</ModuleTime>
      <ModuleName>System.Reflection.Emit.ILGeneration</ModuleName>
      <Classes />
    </Module>
    <Module skippedDueTo="Filter" hash="96-1D-32-17-45-34-C1-C7-D8-11-9C-A5-FB-61-78-E0-28-73-9C-3D">
      <ModulePath>C:\Program Files\dotnet\shared\Microsoft.NETCore.App\2.1.9\System.Reflection.Emit.Lightweight.dll</ModulePath>
      <ModuleTime>2019-02-15T12:08:56Z</ModuleTime>
      <ModuleName>System.Reflection.Emit.Lightweight</ModuleName>
      <Classes />
    </Module>
    <Module skippedDueTo="Filter" hash="1E-4E-41-40-A7-0E-12-13-ED-E7-A5-8A-93-63-B4-2B-21-39-F8-B0">
      <ModulePath>C:\Program Files\dotnet\shared\Microsoft.NETCore.App\2.1.9\System.Reflection.Primitives.dll</ModulePath>
      <ModuleTime>2019-02-15T12:08:56Z</ModuleTime>
      <ModuleName>System.Reflection.Primitives</ModuleName>
      <Classes />
    </Module>
    <Module skippedDueTo="Filter" hash="29-A2-E3-59-10-29-10-70-40-2A-67-DA-53-ED-19-DC-CC-6A-1D-B7">
      <ModulePath>C:\Program Files\dotnet\shared\Microsoft.NETCore.App\2.1.9\Microsoft.Win32.Registry.dll</ModulePath>
      <ModuleTime>2019-02-15T12:08:54Z</ModuleTime>
      <ModuleName>Microsoft.Win32.Registry</ModuleName>
      <Classes />
    </Module>
    <Module skippedDueTo="Filter" hash="56-0C-06-82-3F-0E-DD-F9-25-E9-49-BE-00-C6-8B-DA-4C-41-82-E5">
      <ModulePath>C:\Program Files\dotnet\sdk\2.1.505\Microsoft.TemplateEngine.Utils.dll</ModulePath>
      <ModuleTime>2019-02-26T17:46:16Z</ModuleTime>
      <ModuleName>Microsoft.TemplateEngine.Utils</ModuleName>
      <Classes />
    </Module>
    <Module skippedDueTo="Filter" hash="8B-EC-71-8C-32-39-A0-F0-F2-EC-18-77-CC-2D-ED-53-DE-B2-D3-E1">
      <ModulePath>C:\Program Files\dotnet\sdk\2.1.505\de\dotnet.resources.dll</ModulePath>
      <ModuleTime>2019-02-26T17:45:14Z</ModuleTime>
      <ModuleName>dotnet.resources</ModuleName>
      <Classes />
    </Module>
    <Module skippedDueTo="Filter" hash="76-53-7C-4E-3A-84-12-D6-6D-E0-56-E2-21-9D-F1-3F-38-92-6A-28">
      <ModulePath>C:\Program Files\dotnet\shared\Microsoft.NETCore.App\2.1.9\System.Diagnostics.Tools.dll</ModulePath>
      <ModuleTime>2019-02-15T12:08:54Z</ModuleTime>
      <ModuleName>System.Diagnostics.Tools</ModuleName>
      <Classes />
    </Module>
    <Module skippedDueTo="Filter" hash="E2-B7-E4-C9-3A-88-19-B9-DE-D2-6F-6A-80-49-3F-13-6E-92-E6-FD">
      <ModulePath>C:\Program Files\dotnet\shared\Microsoft.NETCore.App\2.1.9\System.Diagnostics.Debug.dll</ModulePath>
      <ModuleTime>2019-02-15T12:08:54Z</ModuleTime>
      <ModuleName>System.Diagnostics.Debug</ModuleName>
      <Classes />
    </Module>
    <Module skippedDueTo="Filter" hash="3A-D5-6D-C5-A4-CB-1E-3B-68-84-90-D7-E3-2A-0D-49-50-95-F0-B8">
      <ModulePath>C:\Program Files\dotnet\shared\Microsoft.NETCore.App\2.1.9\System.Text.Encoding.dll</ModulePath>
      <ModuleTime>2019-02-15T12:08:56Z</ModuleTime>
      <ModuleName>System.Text.Encoding</ModuleName>
      <Classes />
    </Module>
    <Module skippedDueTo="Filter" hash="42-35-45-96-A2-93-64-6C-3D-EE-68-44-A7-06-AA-1E-DD-BE-3D-3B">
      <ModulePath>C:\Program Files\dotnet\shared\Microsoft.NETCore.App\2.1.9\System.IO.Compression.dll</ModulePath>
      <ModuleTime>2019-02-15T12:08:54Z</ModuleTime>
      <ModuleName>System.IO.Compression</ModuleName>
      <Classes />
    </Module>
    <Module skippedDueTo="Filter" hash="05-52-45-9C-06-A6-C1-AB-21-44-A7-9A-0A-46-55-D0-8C-6F-54-89">
      <ModulePath>C:\Program Files\dotnet\shared\Microsoft.NETCore.App\2.1.9\System.Net.Http.dll</ModulePath>
      <ModuleTime>2019-02-15T12:08:56Z</ModuleTime>
      <ModuleName>System.Net.Http</ModuleName>
      <Classes />
    </Module>
    <Module skippedDueTo="Filter" hash="84-E9-37-23-46-A8-4C-27-27-68-8D-73-54-E6-C0-F9-B6-4C-4B-A7">
      <ModulePath>C:\Program Files\dotnet\shared\Microsoft.NETCore.App\2.1.9\System.Net.Primitives.dll</ModulePath>
      <ModuleTime>2019-02-15T12:08:56Z</ModuleTime>
      <ModuleName>System.Net.Primitives</ModuleName>
      <Classes />
    </Module>
    <Module skippedDueTo="Filter" hash="94-34-03-EB-12-45-15-01-69-F1-A9-93-6C-47-3E-C0-08-DB-B6-E5">
      <ModulePath>C:\Program Files\dotnet\shared\Microsoft.NETCore.App\2.1.9\System.Net.Security.dll</ModulePath>
      <ModuleTime>2019-02-15T12:08:56Z</ModuleTime>
      <ModuleName>System.Net.Security</ModuleName>
      <Classes />
    </Module>
    <Module skippedDueTo="Filter" hash="87-1B-07-11-10-AA-EB-28-68-3C-2E-C6-85-E6-B5-A1-55-D7-89-83">
      <ModulePath>C:\Program Files\dotnet\shared\Microsoft.NETCore.App\2.1.9\System.Security.Cryptography.X509Certificates.dll</ModulePath>
      <ModuleTime>2019-02-15T12:08:56Z</ModuleTime>
      <ModuleName>System.Security.Cryptography.X509Certificates</ModuleName>
      <Classes />
    </Module>
    <Module skippedDueTo="Filter" hash="CA-E5-9D-D2-4D-6B-6D-4D-79-99-0C-5F-DE-F3-B1-4D-08-A8-9C-67">
      <ModulePath>C:\Program Files\dotnet\sdk\2.1.505\Microsoft.Build.Framework.dll</ModulePath>
      <ModuleTime>2019-02-26T17:46:16Z</ModuleTime>
      <ModuleName>Microsoft.Build.Framework</ModuleName>
      <Classes />
    </Module>
    <Module skippedDueTo="Filter" hash="95-25-21-2C-AC-72-C0-D0-1B-D3-B6-BC-6D-56-6B-4D-25-68-38-21">
      <ModulePath>C:\Program Files\dotnet\shared\Microsoft.NETCore.App\2.1.9\System.ComponentModel.Primitives.dll</ModulePath>
      <ModuleTime>2019-02-15T12:08:54Z</ModuleTime>
      <ModuleName>System.ComponentModel.Primitives</ModuleName>
      <Classes />
    </Module>
    <Module skippedDueTo="Filter" hash="9D-A5-9E-E5-06-5D-29-62-AE-92-93-6D-D1-4B-4D-B4-6E-8A-18-EC">
      <ModulePath>C:\Program Files\dotnet\shared\Microsoft.NETCore.App\2.1.9\Microsoft.Win32.Primitives.dll</ModulePath>
      <ModuleTime>2019-02-15T12:08:54Z</ModuleTime>
      <ModuleName>Microsoft.Win32.Primitives</ModuleName>
      <Classes />
    </Module>
    <Module skippedDueTo="Filter" hash="85-21-7D-0B-5B-F6-16-88-A0-E5-AA-E5-8A-FE-70-B8-F8-6C-5A-38">
      <ModulePath>C:\Program Files\dotnet\shared\Microsoft.NETCore.App\2.1.9\System.Diagnostics.DiagnosticSource.dll</ModulePath>
      <ModuleTime>2019-02-15T12:08:54Z</ModuleTime>
      <ModuleName>System.Diagnostics.DiagnosticSource</ModuleName>
      <Classes />
    </Module>
    <Module skippedDueTo="Filter" hash="8C-2A-35-67-E8-67-AD-D1-54-F5-A7-80-3E-3E-11-7E-C7-69-51-69">
      <ModulePath>C:\Program Files\dotnet\shared\Microsoft.NETCore.App\2.1.9\System.Collections.NonGeneric.dll</ModulePath>
      <ModuleTime>2019-02-15T12:08:54Z</ModuleTime>
      <ModuleName>System.Collections.NonGeneric</ModuleName>
      <Classes />
    </Module>
    <Module skippedDueTo="Filter" hash="D6-33-74-1E-38-C3-02-96-15-63-BC-C2-F2-95-52-53-EF-09-57-20">
      <ModulePath>C:\Program Files\dotnet\shared\Microsoft.NETCore.App\2.1.9\System.Threading.Timer.dll</ModulePath>
      <ModuleTime>2019-02-15T12:08:56Z</ModuleTime>
      <ModuleName>System.Threading.Timer</ModuleName>
      <Classes />
    </Module>
    <Module skippedDueTo="Filter" hash="C7-90-82-61-12-41-86-7E-3D-9D-D5-91-C2-24-9C-F5-D3-54-28-74">
      <ModulePath>C:\Program Files\dotnet\shared\Microsoft.NETCore.App\2.1.9\System.Net.NetworkInformation.dll</ModulePath>
      <ModuleTime>2019-02-15T12:08:56Z</ModuleTime>
      <ModuleName>System.Net.NetworkInformation</ModuleName>
      <Classes />
    </Module>
    <Module skippedDueTo="Filter" hash="36-BE-B3-85-68-17-7B-EA-66-BB-E7-ED-D2-A3-93-49-57-8A-93-D0">
      <ModulePath>C:\Program Files\dotnet\shared\Microsoft.NETCore.App\2.1.9\System.Net.Sockets.dll</ModulePath>
      <ModuleTime>2019-02-15T12:08:56Z</ModuleTime>
      <ModuleName>System.Net.Sockets</ModuleName>
      <Classes />
    </Module>
    <Module skippedDueTo="Filter" hash="C0-B3-AE-6E-94-94-7C-08-32-C8-CB-07-C4-97-10-8E-DA-B2-D8-B2">
      <ModulePath>C:\Program Files\dotnet\shared\Microsoft.NETCore.App\2.1.9\System.Threading.Overlapped.dll</ModulePath>
      <ModuleTime>2019-02-15T12:08:56Z</ModuleTime>
      <ModuleName>System.Threading.Overlapped</ModuleName>
      <Classes />
    </Module>
    <Module skippedDueTo="Filter" hash="7C-F8-AC-E1-16-14-FA-D1-85-28-84-4E-43-EE-C8-60-05-CC-53-59">
      <ModulePath>C:\Program Files\dotnet\shared\Microsoft.NETCore.App\2.1.9\System.Net.NameResolution.dll</ModulePath>
      <ModuleTime>2019-02-15T12:08:56Z</ModuleTime>
      <ModuleName>System.Net.NameResolution</ModuleName>
      <Classes />
    </Module>
    <Module skippedDueTo="Filter" hash="D2-36-E7-76-12-31-7B-61-3C-60-41-48-92-5A-6F-0D-16-E2-D8-50">
      <ModulePath>C:\Program Files\dotnet\shared\Microsoft.NETCore.App\2.1.9\System.Security.Principal.Windows.dll</ModulePath>
      <ModuleTime>2019-02-15T12:08:56Z</ModuleTime>
      <ModuleName>System.Security.Principal.Windows</ModuleName>
      <Classes />
    </Module>
    <Module skippedDueTo="Filter" hash="6D-0F-46-7C-2D-A3-D2-AC-44-ED-F0-CF-11-26-72-6A-64-C6-C6-9A">
      <ModulePath>C:\Program Files\dotnet\shared\Microsoft.NETCore.App\2.1.9\System.Security.Claims.dll</ModulePath>
      <ModuleTime>2019-02-15T12:08:56Z</ModuleTime>
      <ModuleName>System.Security.Claims</ModuleName>
      <Classes />
    </Module>
    <Module skippedDueTo="Filter" hash="DA-15-2E-61-99-0C-50-8F-CA-DE-5E-4E-77-4B-82-3E-E3-D8-7E-D2">
      <ModulePath>C:\Program Files\dotnet\shared\Microsoft.NETCore.App\2.1.9\System.Security.Principal.dll</ModulePath>
      <ModuleTime>2019-02-15T12:08:56Z</ModuleTime>
      <ModuleName>System.Security.Principal</ModuleName>
      <Classes />
    </Module>
    <Module skippedDueTo="Filter" hash="55-4B-03-F2-48-AB-9C-18-72-8F-86-95-F0-FE-66-04-50-E4-16-96">
      <ModulePath>C:\Program Files\dotnet\shared\Microsoft.NETCore.App\2.1.9\System.Private.CoreLib.dll</ModulePath>
      <ModuleTime>2019-02-15T12:08:58Z</ModuleTime>
      <ModuleName>System.Private.CoreLib</ModuleName>
      <Classes />
    </Module>
    <Module skippedDueTo="Filter" hash="AA-30-51-6B-66-A7-F9-D3-06-35-CB-29-F7-0D-7A-13-31-56-6B-7C">
      <ModulePath>C:\Program Files\dotnet\shared\Microsoft.NETCore.App\2.1.9\System.Security.Cryptography.Encoding.dll</ModulePath>
      <ModuleTime>2019-02-15T12:08:56Z</ModuleTime>
      <ModuleName>System.Security.Cryptography.Encoding</ModuleName>
      <Classes />
    </Module>
    <Module skippedDueTo="Filter" hash="6F-F1-3D-50-F3-46-FE-F0-01-F6-D9-13-CC-C4-00-E9-8D-91-8F-20">
      <ModulePath>C:\Program Files\dotnet\sdk\2.1.505\MSBuild.dll</ModulePath>
      <ModuleTime>2019-02-26T17:48:24Z</ModuleTime>
      <ModuleName>MSBuild</ModuleName>
      <Classes />
    </Module>
    <Module skippedDueTo="Filter" hash="F7-EB-9A-06-50-56-05-86-98-BD-7F-8F-05-1B-E1-89-0B-1B-DE-7F">
      <ModulePath>C:\Program Files\dotnet\shared\Microsoft.NETCore.App\2.1.9\System.Runtime.dll</ModulePath>
      <ModuleTime>2019-02-15T12:08:56Z</ModuleTime>
      <ModuleName>System.Runtime</ModuleName>
      <Classes />
    </Module>
    <Module skippedDueTo="Filter" hash="32-7F-B3-05-DE-92-F7-4E-9E-6B-6E-9C-A8-2C-0C-53-6F-7A-6A-2F">
      <ModulePath>C:\Program Files\dotnet\shared\Microsoft.NETCore.App\2.1.9\System.Runtime.Extensions.dll</ModulePath>
      <ModuleTime>2019-02-15T12:08:56Z</ModuleTime>
      <ModuleName>System.Runtime.Extensions</ModuleName>
      <Classes />
    </Module>
    <Module skippedDueTo="Filter" hash="98-BA-FF-D7-50-E0-C9-AA-0B-5B-AC-2F-CD-2F-48-C0-CE-AA-69-8F">
      <ModulePath>C:\Program Files\dotnet\shared\Microsoft.NETCore.App\2.1.9\System.Threading.dll</ModulePath>
      <ModuleTime>2019-02-15T12:08:56Z</ModuleTime>
      <ModuleName>System.Threading</ModuleName>
      <Classes />
    </Module>
    <Module skippedDueTo="Filter" hash="61-C2-FE-CE-5C-D6-35-49-03-DC-B9-58-4E-11-CA-9A-11-8A-BB-E0">
      <ModulePath>C:\Program Files\dotnet\shared\Microsoft.NETCore.App\2.1.9\System.Threading.ThreadPool.dll</ModulePath>
      <ModuleTime>2019-02-15T12:08:56Z</ModuleTime>
      <ModuleName>System.Threading.ThreadPool</ModuleName>
      <Classes />
    </Module>
    <Module skippedDueTo="Filter" hash="6B-7B-05-2B-65-27-9F-11-1F-F9-40-2C-62-23-F7-CD-F6-FC-36-42">
      <ModulePath>C:\Program Files\dotnet\shared\Microsoft.NETCore.App\2.1.9\System.Runtime.InteropServices.RuntimeInformation.dll</ModulePath>
      <ModuleTime>2019-02-15T12:08:56Z</ModuleTime>
      <ModuleName>System.Runtime.InteropServices.RuntimeInformation</ModuleName>
      <Classes />
    </Module>
    <Module skippedDueTo="Filter" hash="13-8F-57-B6-4D-20-89-78-A1-6F-6A-19-D9-F1-2D-80-4A-3F-3D-B4">
      <ModulePath>C:\Program Files\dotnet\shared\Microsoft.NETCore.App\2.1.9\System.Linq.dll</ModulePath>
      <ModuleTime>2019-02-15T12:08:56Z</ModuleTime>
      <ModuleName>System.Linq</ModuleName>
      <Classes />
    </Module>
    <Module skippedDueTo="Filter" hash="35-5F-F3-29-FB-70-DB-AD-A1-CA-1A-BB-14-02-D4-DA-8A-FB-D5-BD">
      <ModulePath>C:\Program Files\dotnet\shared\Microsoft.NETCore.App\2.1.9\System.Text.RegularExpressions.dll</ModulePath>
      <ModuleTime>2019-02-15T12:08:56Z</ModuleTime>
      <ModuleName>System.Text.RegularExpressions</ModuleName>
      <Classes />
    </Module>
    <Module skippedDueTo="Filter" hash="1F-26-76-B4-1E-DF-32-0B-40-A3-8A-57-89-1A-4F-A0-72-CF-84-19">
      <ModulePath>C:\Program Files\dotnet\shared\Microsoft.NETCore.App\2.1.9\System.Collections.dll</ModulePath>
      <ModuleTime>2019-02-15T12:08:54Z</ModuleTime>
      <ModuleName>System.Collections</ModuleName>
      <Classes />
    </Module>
    <Module skippedDueTo="Filter" hash="01-15-2C-97-C3-79-F2-86-8F-9F-C5-52-02-09-A4-3C-36-96-61-82">
      <ModulePath>C:\Program Files\dotnet\shared\Microsoft.NETCore.App\2.1.9\System.Buffers.dll</ModulePath>
      <ModuleTime>2019-02-15T12:08:54Z</ModuleTime>
      <ModuleName>System.Buffers</ModuleName>
      <Classes />
    </Module>
    <Module skippedDueTo="Filter" hash="3B-FF-4C-98-47-A4-41-AB-E9-C6-D7-02-00-1F-15-33-75-F3-24-5D">
      <ModulePath>C:\Program Files\dotnet\shared\Microsoft.NETCore.App\2.1.9\System.IO.FileSystem.dll</ModulePath>
      <ModuleTime>2019-02-15T12:08:54Z</ModuleTime>
      <ModuleName>System.IO.FileSystem</ModuleName>
      <Classes />
    </Module>
    <Module skippedDueTo="Filter" hash="99-C5-A8-30-D3-A2-61-F0-96-45-82-F9-1F-7D-5D-6A-CA-9C-3E-A2">
      <ModulePath>C:\Program Files\dotnet\shared\Microsoft.NETCore.App\2.1.9\System.Memory.dll</ModulePath>
      <ModuleTime>2019-02-15T12:08:56Z</ModuleTime>
      <ModuleName>System.Memory</ModuleName>
      <Classes />
    </Module>
    <Module skippedDueTo="Filter" hash="E2-80-5F-EE-D1-8A-0F-4C-E1-39-FA-7C-32-28-C4-77-64-EB-2D-AA">
      <ModulePath>C:\Program Files\dotnet\shared\Microsoft.NETCore.App\2.1.9\System.Runtime.InteropServices.dll</ModulePath>
      <ModuleTime>2019-02-15T12:08:56Z</ModuleTime>
      <ModuleName>System.Runtime.InteropServices</ModuleName>
      <Classes />
    </Module>
    <Module skippedDueTo="Filter" hash="5C-69-42-1D-F1-42-51-99-A9-FC-CD-FD-10-6B-3F-F2-FA-12-3F-27">
      <ModulePath>C:\Program Files\dotnet\shared\Microsoft.NETCore.App\2.1.9\System.Console.dll</ModulePath>
      <ModuleTime>2019-02-15T12:08:54Z</ModuleTime>
      <ModuleName>System.Console</ModuleName>
      <Classes />
    </Module>
    <Module skippedDueTo="Filter" hash="AD-A8-3D-4D-EF-7A-1D-D1-DF-99-44-06-0E-0D-B1-E7-F7-5A-48-20">
      <ModulePath>C:\Program Files\dotnet\shared\Microsoft.NETCore.App\2.1.9\System.Diagnostics.Process.dll</ModulePath>
      <ModuleTime>2019-02-15T12:08:54Z</ModuleTime>
      <ModuleName>System.Diagnostics.Process</ModuleName>
      <Classes />
    </Module>
    <Module skippedDueTo="Filter" hash="95-25-21-2C-AC-72-C0-D0-1B-D3-B6-BC-6D-56-6B-4D-25-68-38-21">
      <ModulePath>C:\Program Files\dotnet\shared\Microsoft.NETCore.App\2.1.9\System.ComponentModel.Primitives.dll</ModulePath>
      <ModuleTime>2019-02-15T12:08:54Z</ModuleTime>
      <ModuleName>System.ComponentModel.Primitives</ModuleName>
      <Classes />
    </Module>
    <Module skippedDueTo="Filter" hash="CA-E5-9D-D2-4D-6B-6D-4D-79-99-0C-5F-DE-F3-B1-4D-08-A8-9C-67">
      <ModulePath>C:\Program Files\dotnet\sdk\2.1.505\Microsoft.Build.Framework.dll</ModulePath>
      <ModuleTime>2019-02-26T17:46:16Z</ModuleTime>
      <ModuleName>Microsoft.Build.Framework</ModuleName>
      <Classes />
    </Module>
    <Module skippedDueTo="Filter" hash="2B-5D-59-09-59-46-C9-00-11-E3-79-21-BB-26-AA-CF-1E-DE-6B-31">
      <ModulePath>C:\Program Files\dotnet\shared\Microsoft.NETCore.App\2.1.9\netstandard.dll</ModulePath>
      <ModuleTime>2019-02-15T12:08:56Z</ModuleTime>
      <ModuleName>netstandard</ModuleName>
      <Classes />
    </Module>
    <Module skippedDueTo="Filter" hash="C0-C0-7E-91-A8-35-D2-28-4E-FA-3A-D6-BE-AD-9B-37-C1-27-E1-7E">
      <ModulePath>C:\Program Files\dotnet\sdk\2.1.505\Microsoft.Build.dll</ModulePath>
      <ModuleTime>2019-02-26T17:46:16Z</ModuleTime>
      <ModuleName>Microsoft.Build</ModuleName>
      <Classes />
    </Module>
    <Module skippedDueTo="Filter" hash="D6-C0-C6-42-3F-B1-70-34-D0-0A-01-C6-BD-73-14-0F-4B-2D-7C-80">
      <ModulePath>C:\Program Files\dotnet\sdk\2.1.505\runtimes\win\lib\netcoreapp2.0\System.Text.Encoding.CodePages.dll</ModulePath>
      <ModuleTime>2019-02-26T17:45:18Z</ModuleTime>
      <ModuleName>System.Text.Encoding.CodePages</ModuleName>
      <Classes />
    </Module>
    <Module skippedDueTo="Filter" hash="1A-59-AB-A6-01-DF-DD-44-D2-7A-67-36-66-25-29-E2-7A-B9-5A-06">
      <ModulePath>C:\Program Files\dotnet\shared\Microsoft.NETCore.App\2.1.9\System.Collections.Concurrent.dll</ModulePath>
      <ModuleTime>2019-02-15T12:08:54Z</ModuleTime>
      <ModuleName>System.Collections.Concurrent</ModuleName>
      <Classes />
    </Module>
    <Module skippedDueTo="Filter" hash="52-60-53-A1-DB-40-3C-27-39-49-FC-DE-16-DD-26-8F-CA-B4-EE-0E">
      <ModulePath>C:\Program Files\dotnet\sdk\2.1.505\dotnet.dll</ModulePath>
      <ModuleTime>2019-02-26T17:45:38Z</ModuleTime>
      <ModuleName>dotnet</ModuleName>
      <Classes />
    </Module>
    <Module skippedDueTo="Filter" hash="77-54-32-C3-80-9D-AB-85-96-9B-0A-AB-AD-89-6B-56-14-AB-71-08">
      <ModulePath>C:\Program Files\dotnet\sdk\2.1.505\Microsoft.DotNet.Tools.MigrateCommand.dll</ModulePath>
      <ModuleTime>2019-02-26T17:46:40Z</ModuleTime>
      <ModuleName>Microsoft.DotNet.Tools.MigrateCommand</ModuleName>
      <Classes />
    </Module>
    <Module skippedDueTo="Filter" hash="AE-68-E4-AD-2D-AE-7F-E0-0D-B8-95-6E-25-1E-C7-B1-90-77-CC-AB">
      <ModulePath>C:\Program Files\dotnet\sdk\2.1.505\Microsoft.DotNet.Configurer.dll</ModulePath>
      <ModuleTime>2019-02-26T17:46:42Z</ModuleTime>
      <ModuleName>Microsoft.DotNet.Configurer</ModuleName>
      <Classes />
    </Module>
    <Module skippedDueTo="Filter" hash="19-E5-85-BE-9A-10-19-34-F6-4B-91-07-64-D3-B9-F1-06-C4-FE-AD">
      <ModulePath>C:\Program Files\dotnet\sdk\2.1.505\Microsoft.DotNet.Cli.Utils.dll</ModulePath>
      <ModuleTime>2019-02-26T17:46:40Z</ModuleTime>
      <ModuleName>Microsoft.DotNet.Cli.Utils</ModuleName>
      <Classes />
    </Module>
    <Module skippedDueTo="Filter" hash="29-6E-F2-61-93-6A-70-9C-06-E4-85-39-7D-5A-19-D7-3E-3F-D7-0B">
      <ModulePath>C:\Program Files\dotnet\sdk\2.1.505\NuGet.Frameworks.dll</ModulePath>
      <ModuleTime>2019-02-26T17:48:28Z</ModuleTime>
      <ModuleName>NuGet.Frameworks</ModuleName>
      <Classes />
    </Module>
    <Module skippedDueTo="Filter" hash="B6-D7-67-8C-CE-CF-7F-A4-89-AD-2F-A9-13-9C-3F-BE-61-62-D9-CA">
      <ModulePath>C:\Program Files\dotnet\sdk\2.1.505\Microsoft.DotNet.InternalAbstractions.dll</ModulePath>
      <ModuleTime>2019-02-26T17:46:20Z</ModuleTime>
      <ModuleName>Microsoft.DotNet.InternalAbstractions</ModuleName>
      <Classes />
    </Module>
    <Module skippedDueTo="Filter" hash="11-CA-75-C5-04-E3-42-D8-04-FF-6D-44-68-DB-C2-D6-44-D5-11-54">
      <ModulePath>C:\Program Files\dotnet\shared\Microsoft.NETCore.App\2.1.9\System.IO.FileSystem.Primitives.dll</ModulePath>
      <ModuleTime>2019-02-15T12:08:54Z</ModuleTime>
      <ModuleName>System.IO.FileSystem.Primitives</ModuleName>
      <Classes />
    </Module>
    <Module skippedDueTo="Filter" hash="C5-24-0B-2D-BB-29-20-52-58-2D-28-61-F9-8C-F8-EF-2D-66-D9-9B">
      <ModulePath>C:\Program Files\dotnet\sdk\2.1.505\Microsoft.ApplicationInsights.dll</ModulePath>
      <ModuleTime>2019-02-26T17:46:44Z</ModuleTime>
      <ModuleName>Microsoft.ApplicationInsights</ModuleName>
      <Classes />
    </Module>
    <Module skippedDueTo="Filter" hash="22-A5-4F-EE-68-06-C3-14-25-49-AE-FB-86-43-D0-7F-DD-02-0B-E1">
      <ModulePath>C:\Program Files\dotnet\shared\Microsoft.NETCore.App\2.1.9\System.Text.Encoding.Extensions.dll</ModulePath>
      <ModuleTime>2019-02-15T12:08:56Z</ModuleTime>
      <ModuleName>System.Text.Encoding.Extensions</ModuleName>
      <Classes />
    </Module>
    <Module skippedDueTo="Filter" hash="3C-9F-1A-A9-68-D6-97-82-D8-0E-A6-95-F3-83-CE-F2-98-F5-94-EF">
      <ModulePath>C:\Program Files\dotnet\sdk\2.1.505\Microsoft.DotNet.PlatformAbstractions.dll</ModulePath>
      <ModuleTime>2019-02-26T17:46:42Z</ModuleTime>
      <ModuleName>Microsoft.DotNet.PlatformAbstractions</ModuleName>
      <Classes />
    </Module>
    <Module skippedDueTo="Filter" hash="9B-15-A4-C9-C2-54-39-CB-19-82-C7-D0-C4-C7-DB-34-39-13-F1-C5">
      <ModulePath>C:\Program Files\dotnet\shared\Microsoft.NETCore.App\2.1.9\System.Reflection.Extensions.dll</ModulePath>
      <ModuleTime>2019-02-15T12:08:56Z</ModuleTime>
      <ModuleName>System.Reflection.Extensions</ModuleName>
      <Classes />
    </Module>
    <Module skippedDueTo="Filter" hash="E4-B7-7F-7F-E3-82-6E-11-56-56-ED-64-F2-7C-AA-FF-F2-A5-7C-14">
      <ModulePath>C:\Program Files\dotnet\shared\Microsoft.NETCore.App\2.1.9\System.Reflection.dll</ModulePath>
      <ModuleTime>2019-02-15T12:08:56Z</ModuleTime>
      <ModuleName>System.Reflection</ModuleName>
      <Classes />
    </Module>
    <Module skippedDueTo="Filter" hash="38-60-41-FD-81-1C-4E-EC-B6-69-95-F0-1E-4E-1A-DB-99-9F-10-A7">
      <ModulePath>C:\Program Files\dotnet\shared\Microsoft.NETCore.App\2.1.9\System.Xml.XDocument.dll</ModulePath>
      <ModuleTime>2019-02-15T12:08:56Z</ModuleTime>
      <ModuleName>System.Xml.XDocument</ModuleName>
      <Classes />
    </Module>
    <Module skippedDueTo="Filter" hash="C0-43-07-0E-45-F5-33-54-E5-A7-90-09-FC-71-80-50-77-DC-7A-17">
      <ModulePath>C:\Program Files\dotnet\shared\Microsoft.NETCore.App\2.1.9\System.Private.Xml.Linq.dll</ModulePath>
      <ModuleTime>2019-02-15T12:08:56Z</ModuleTime>
      <ModuleName>System.Private.Xml.Linq</ModuleName>
      <Classes />
    </Module>
    <Module skippedDueTo="Filter" hash="F9-7C-A2-EE-B7-08-8C-19-0E-76-61-1F-C5-3C-B8-F7-FC-F2-14-0D">
      <ModulePath>C:\Program Files\dotnet\shared\Microsoft.NETCore.App\2.1.9\System.Private.Xml.dll</ModulePath>
      <ModuleTime>2019-02-15T12:08:56Z</ModuleTime>
      <ModuleName>System.Private.Xml</ModuleName>
      <Classes />
    </Module>
    <Module skippedDueTo="Filter" hash="0F-7D-88-19-6C-97-5C-EF-6F-B9-6A-90-13-96-57-1B-BD-76-DE-26">
      <ModulePath>C:\Program Files\dotnet\shared\Microsoft.NETCore.App\2.1.9\System.Xml.ReaderWriter.dll</ModulePath>
      <ModuleTime>2019-02-15T12:08:56Z</ModuleTime>
      <ModuleName>System.Xml.ReaderWriter</ModuleName>
      <Classes />
    </Module>
    <Module skippedDueTo="Filter" hash="77-DA-57-D7-4C-6F-FB-D6-1D-E4-5D-8C-E5-B5-2A-15-C1-B6-36-D9">
      <ModulePath>C:\Program Files\dotnet\shared\Microsoft.NETCore.App\2.1.9\System.Diagnostics.Tracing.dll</ModulePath>
      <ModuleTime>2019-02-15T12:08:54Z</ModuleTime>
      <ModuleName>System.Diagnostics.Tracing</ModuleName>
      <Classes />
    </Module>
    <Module skippedDueTo="Filter" hash="88-14-AB-BF-DD-9F-51-1D-1A-04-F6-ED-FD-47-1A-1F-D4-F9-D3-81">
      <ModulePath>C:\Program Files\dotnet\shared\Microsoft.NETCore.App\2.1.9\System.Private.Uri.dll</ModulePath>
      <ModuleTime>2019-02-15T12:08:56Z</ModuleTime>
      <ModuleName>System.Private.Uri</ModuleName>
      <Classes />
    </Module>
    <Module skippedDueTo="Filter" hash="E6-7E-F7-7D-5F-04-85-32-DF-24-1B-74-92-2D-74-08-C6-00-AA-B9">
      <ModulePath>C:\Program Files\dotnet\shared\Microsoft.NETCore.App\2.1.9\System.Threading.Tasks.dll</ModulePath>
      <ModuleTime>2019-02-15T12:08:56Z</ModuleTime>
      <ModuleName>System.Threading.Tasks</ModuleName>
      <Classes />
    </Module>
    <Module skippedDueTo="Filter" hash="B4-B1-E4-D8-08-80-D3-CD-4B-CF-4A-40-EF-DD-83-1F-62-E4-9B-BB">
      <ModulePath>C:\Program Files\dotnet\shared\Microsoft.NETCore.App\2.1.9\System.Globalization.dll</ModulePath>
      <ModuleTime>2019-02-15T12:08:54Z</ModuleTime>
      <ModuleName>System.Globalization</ModuleName>
      <Classes />
    </Module>
    <Module skippedDueTo="Filter" hash="9D-08-CF-7C-5F-A9-29-67-16-31-73-7B-4C-33-A8-6E-AD-1C-B1-40">
      <ModulePath>C:\Program Files\dotnet\shared\Microsoft.NETCore.App\2.1.9\System.Threading.Tasks.Dataflow.dll</ModulePath>
      <ModuleTime>2019-02-15T12:08:56Z</ModuleTime>
      <ModuleName>System.Threading.Tasks.Dataflow</ModuleName>
      <Classes />
    </Module>
    <Module skippedDueTo="Filter" hash="0E-18-ED-92-48-6D-EE-C5-B3-44-2A-E2-80-FB-38-53-77-58-8A-70">
      <ModulePath>C:\Program Files\dotnet\shared\Microsoft.NETCore.App\2.1.9\System.Security.Cryptography.Algorithms.dll</ModulePath>
      <ModuleTime>2019-02-15T12:08:56Z</ModuleTime>
      <ModuleName>System.Security.Cryptography.Algorithms</ModuleName>
      <Classes />
    </Module>
    <Module skippedDueTo="Filter" hash="96-16-64-F2-72-89-B5-82-CD-DB-0A-79-B6-34-D0-25-F5-5D-B9-65">
      <ModulePath>C:\Program Files\dotnet\shared\Microsoft.NETCore.App\2.1.9\System.Security.Cryptography.Primitives.dll</ModulePath>
      <ModuleTime>2019-02-15T12:08:56Z</ModuleTime>
      <ModuleName>System.Security.Cryptography.Primitives</ModuleName>
      <Classes />
    </Module>
    <Module skippedDueTo="Filter" hash="29-A2-E3-59-10-29-10-70-40-2A-67-DA-53-ED-19-DC-CC-6A-1D-B7">
      <ModulePath>C:\Program Files\dotnet\shared\Microsoft.NETCore.App\2.1.9\Microsoft.Win32.Registry.dll</ModulePath>
      <ModuleTime>2019-02-15T12:08:54Z</ModuleTime>
      <ModuleName>Microsoft.Win32.Registry</ModuleName>
      <Classes />
    </Module>
    <Module skippedDueTo="Filter" hash="37-F5-28-C7-0D-1C-12-D2-21-E2-58-AD-5B-FC-E0-4C-D4-7A-C8-B6">
      <ModulePath>C:\Program Files\dotnet\shared\Microsoft.NETCore.App\2.1.9\System.Resources.ResourceManager.dll</ModulePath>
      <ModuleTime>2019-02-15T12:08:56Z</ModuleTime>
      <ModuleName>System.Resources.ResourceManager</ModuleName>
      <Classes />
    </Module>
    <Module skippedDueTo="Filter" hash="D9-CD-49-E6-7D-77-10-F8-23-30-6E-65-F7-60-B0-F1-57-C6-F9-DE">
      <ModulePath>C:\Program Files\dotnet\sdk\2.1.505\de\Microsoft.Build.resources.dll</ModulePath>
      <ModuleTime>2019-02-26T17:45:12Z</ModuleTime>
      <ModuleName>Microsoft.Build.resources</ModuleName>
      <Classes />
    </Module>
    <Module skippedDueTo="Filter" hash="15-C9-EA-BC-88-26-D4-76-26-6C-AA-B8-CE-3C-3F-BB-51-26-B3-4F">
      <ModulePath>C:\Program Files\dotnet\shared\Microsoft.NETCore.App\2.1.9\System.ObjectModel.dll</ModulePath>
      <ModuleTime>2019-02-15T12:08:56Z</ModuleTime>
      <ModuleName>System.ObjectModel</ModuleName>
      <Classes />
    </Module>
    <Module skippedDueTo="Filter" hash="7F-36-ED-5D-BA-7B-AE-CD-D5-CF-36-0A-8E-1D-48-1B-CB-39-56-66">
      <ModulePath>C:\Program Files\dotnet\shared\Microsoft.NETCore.App\2.1.9\System.Threading.Thread.dll</ModulePath>
      <ModuleTime>2019-02-15T12:08:56Z</ModuleTime>
      <ModuleName>System.Threading.Thread</ModuleName>
      <Classes />
    </Module>
    <Module skippedDueTo="Filter" hash="5B-99-51-43-E9-F4-B8-1F-A8-2C-F3-4C-91-FB-0F-EC-B2-9A-D3-F7">
      <ModulePath>C:\Program Files\dotnet\shared\Microsoft.NETCore.App\2.1.9\System.Diagnostics.TraceSource.dll</ModulePath>
      <ModuleTime>2019-02-15T12:08:54Z</ModuleTime>
      <ModuleName>System.Diagnostics.TraceSource</ModuleName>
      <Classes />
    </Module>
    <Module skippedDueTo="Filter" hash="EC-56-22-C6-85-9D-D8-FD-71-73-40-D6-E7-B8-9E-12-3D-74-21-A3">
      <ModulePath>C:\Program Files\dotnet\shared\Microsoft.NETCore.App\2.1.9\System.Collections.Immutable.dll</ModulePath>
      <ModuleTime>2019-02-15T12:08:54Z</ModuleTime>
      <ModuleName>System.Collections.Immutable</ModuleName>
      <Classes />
    </Module>
    <Module skippedDueTo="Filter" hash="D6-71-19-28-35-7F-09-ED-97-66-F2-C1-48-49-1F-71-BF-5E-2C-BF">
      <ModulePath>C:\Program Files\dotnet\shared\Microsoft.NETCore.App\2.1.9\System.Runtime.Serialization.Xml.dll</ModulePath>
      <ModuleTime>2019-02-15T12:08:56Z</ModuleTime>
      <ModuleName>System.Runtime.Serialization.Xml</ModuleName>
      <Classes />
    </Module>
    <Module skippedDueTo="Filter" hash="C2-53-AC-60-E4-80-0E-11-2F-35-64-74-F8-91-69-3E-92-BF-4B-F2">
      <ModulePath>C:\Program Files\dotnet\shared\Microsoft.NETCore.App\2.1.9\System.Private.DataContractSerialization.dll</ModulePath>
      <ModuleTime>2019-02-15T12:08:56Z</ModuleTime>
      <ModuleName>System.Private.DataContractSerialization</ModuleName>
      <Classes />
    </Module>
    <Module skippedDueTo="Filter" hash="DE-6B-8C-68-CA-01-5F-43-6F-26-B3-EA-E3-66-E2-0F-06-BE-9E-5C">
      <ModulePath>C:\Program Files\dotnet\shared\Microsoft.NETCore.App\2.1.9\System.Runtime.Serialization.Primitives.dll</ModulePath>
      <ModuleTime>2019-02-15T12:08:56Z</ModuleTime>
      <ModuleName>System.Runtime.Serialization.Primitives</ModuleName>
      <Classes />
    </Module>
    <Module skippedDueTo="Filter" hash="41-80-37-BD-68-66-61-3E-E3-24-D7-DC-02-ED-D5-E5-6F-BF-0F-B6">
      <ModulePath>C:\Program Files\dotnet\shared\Microsoft.NETCore.App\2.1.9\System.Reflection.Emit.ILGeneration.dll</ModulePath>
      <ModuleTime>2019-02-15T12:08:56Z</ModuleTime>
      <ModuleName>System.Reflection.Emit.ILGeneration</ModuleName>
      <Classes />
    </Module>
    <Module skippedDueTo="Filter" hash="96-1D-32-17-45-34-C1-C7-D8-11-9C-A5-FB-61-78-E0-28-73-9C-3D">
      <ModulePath>C:\Program Files\dotnet\shared\Microsoft.NETCore.App\2.1.9\System.Reflection.Emit.Lightweight.dll</ModulePath>
      <ModuleTime>2019-02-15T12:08:56Z</ModuleTime>
      <ModuleName>System.Reflection.Emit.Lightweight</ModuleName>
      <Classes />
    </Module>
    <Module skippedDueTo="Filter" hash="1E-4E-41-40-A7-0E-12-13-ED-E7-A5-8A-93-63-B4-2B-21-39-F8-B0">
      <ModulePath>C:\Program Files\dotnet\shared\Microsoft.NETCore.App\2.1.9\System.Reflection.Primitives.dll</ModulePath>
      <ModuleTime>2019-02-15T12:08:56Z</ModuleTime>
      <ModuleName>System.Reflection.Primitives</ModuleName>
      <Classes />
    </Module>
    <Module skippedDueTo="Filter" hash="6C-39-43-94-F8-BC-E1-14-56-59-7A-2F-E6-A8-98-27-7C-7D-AC-83">
      <ModulePath>C:\Program Files\dotnet\shared\Microsoft.NETCore.App\2.1.9\System.Runtime.Serialization.Formatters.dll</ModulePath>
      <ModuleTime>2019-02-15T12:08:56Z</ModuleTime>
      <ModuleName>System.Runtime.Serialization.Formatters</ModuleName>
      <Classes />
    </Module>
    <Module skippedDueTo="Filter" hash="A8-8F-0B-39-C6-73-4C-ED-78-5B-FE-61-B5-25-28-EA-BB-71-2B-66">
      <ModulePath>C:\Program Files\dotnet\shared\Microsoft.NETCore.App\2.1.9\System.Runtime.Loader.dll</ModulePath>
      <ModuleTime>2019-02-15T12:08:56Z</ModuleTime>
      <ModuleName>System.Runtime.Loader</ModuleName>
      <Classes />
    </Module>
    <Module skippedDueTo="Filter" hash="C5-DD-F7-28-FC-59-A7-23-0E-6A-BB-E8-98-3C-94-CD-D1-2A-E0-63">
      <ModulePath>C:\Program Files\dotnet\sdk\2.1.505\Microsoft.Build.NuGetSdkResolver.dll</ModulePath>
      <ModuleTime>2019-02-26T17:46:44Z</ModuleTime>
      <ModuleName>Microsoft.Build.NuGetSdkResolver</ModuleName>
      <Classes />
    </Module>
    <Module skippedDueTo="Filter" hash="DE-58-1F-79-A1-C6-32-19-CC-F9-4C-9B-C8-B2-69-0B-D5-2C-B9-BE">
      <ModulePath>C:\Program Files\dotnet\shared\Microsoft.NETCore.App\2.1.9\System.Diagnostics.FileVersionInfo.dll</ModulePath>
      <ModuleTime>2019-02-15T12:08:54Z</ModuleTime>
      <ModuleName>System.Diagnostics.FileVersionInfo</ModuleName>
      <Classes />
    </Module>
    <Module skippedDueTo="Filter" hash="B8-92-B3-31-FA-E7-64-38-D4-92-E0-B3-BA-EB-8E-C8-55-BE-3C-2E">
      <ModulePath>C:\Program Files\dotnet\shared\Microsoft.NETCore.App\2.1.9\System.Threading.Tasks.Parallel.dll</ModulePath>
      <ModuleTime>2019-02-15T12:08:56Z</ModuleTime>
      <ModuleName>System.Threading.Tasks.Parallel</ModuleName>
      <Classes />
    </Module>
    <Module skippedDueTo="Filter" hash="B6-43-DD-1E-A5-4F-E2-51-4C-BC-92-5F-F7-F0-77-9D-80-EA-39-49">
      <ModulePath>C:\Program Files\dotnet\sdk\2.1.505\Microsoft.Build.Utilities.Core.dll</ModulePath>
      <ModuleTime>2019-02-26T17:46:44Z</ModuleTime>
      <ModuleName>Microsoft.Build.Utilities.Core</ModuleName>
      <Classes />
    </Module>
    <Module skippedDueTo="Filter" hash="46-CB-AA-74-C7-42-20-2E-17-E3-60-10-EF-02-24-32-1F-B1-FC-0E">
      <ModulePath>C:\Program Files\dotnet\sdk\2.1.505\Microsoft.Build.Tasks.Core.dll</ModulePath>
      <ModuleTime>2019-02-26T17:46:42Z</ModuleTime>
      <ModuleName>Microsoft.Build.Tasks.Core</ModuleName>
      <Classes />
    </Module>
    <Module skippedDueTo="Filter" hash="61-C2-FE-CE-5C-D6-35-49-03-DC-B9-58-4E-11-CA-9A-11-8A-BB-E0">
      <ModulePath>C:\Program Files\dotnet\shared\Microsoft.NETCore.App\2.1.9\System.Threading.ThreadPool.dll</ModulePath>
      <ModuleTime>2019-02-15T12:08:56Z</ModuleTime>
      <ModuleName>System.Threading.ThreadPool</ModuleName>
      <Classes />
    </Module>
    <Module skippedDueTo="Filter" hash="21-C9-9E-BA-24-BB-98-23-FC-67-FE-34-8F-C5-CE-2A-B3-B9-25-DD">
      <ModulePath>C:\Program Files\dotnet\sdk\2.1.505\NuGet.Build.Tasks.dll</ModulePath>
      <ModuleTime>2019-02-26T17:48:26Z</ModuleTime>
      <ModuleName>NuGet.Build.Tasks</ModuleName>
      <Classes />
    </Module>
    <Module skippedDueTo="Filter" hash="E5-44-EA-C9-18-2C-CB-66-48-08-78-16-AF-D8-DF-8D-EC-8C-28-2A">
      <ModulePath>C:\Program Files\dotnet\sdk\2.1.505\NuGet.Commands.dll</ModulePath>
      <ModuleTime>2019-02-26T17:48:28Z</ModuleTime>
      <ModuleName>NuGet.Commands</ModuleName>
      <Classes />
    </Module>
    <Module skippedDueTo="Filter" hash="1E-64-3F-AA-36-31-5D-9C-D5-EF-FA-22-BB-7B-13-3F-DF-BA-98-1D">
      <ModulePath>C:\Program Files\dotnet\sdk\2.1.505\NuGet.Common.dll</ModulePath>
      <ModuleTime>2019-02-26T17:48:28Z</ModuleTime>
      <ModuleName>NuGet.Common</ModuleName>
      <Classes />
    </Module>
    <Module skippedDueTo="Filter" hash="8C-2A-35-67-E8-67-AD-D1-54-F5-A7-80-3E-3E-11-7E-C7-69-51-69">
      <ModulePath>C:\Program Files\dotnet\shared\Microsoft.NETCore.App\2.1.9\System.Collections.NonGeneric.dll</ModulePath>
      <ModuleTime>2019-02-15T12:08:54Z</ModuleTime>
      <ModuleName>System.Collections.NonGeneric</ModuleName>
      <Classes />
    </Module>
    <Module skippedDueTo="Filter" hash="9D-A5-9E-E5-06-5D-29-62-AE-92-93-6D-D1-4B-4D-B4-6E-8A-18-EC">
      <ModulePath>C:\Program Files\dotnet\shared\Microsoft.NETCore.App\2.1.9\Microsoft.Win32.Primitives.dll</ModulePath>
      <ModuleTime>2019-02-15T12:08:54Z</ModuleTime>
      <ModuleName>Microsoft.Win32.Primitives</ModuleName>
      <Classes />
    </Module>
    <Module skippedDueTo="Filter" hash="CE-74-62-B1-EB-8E-35-6A-A6-F9-E8-2E-85-53-E5-C0-83-48-BB-5F">
      <ModulePath>C:\Program Files\dotnet\shared\Microsoft.NETCore.App\2.1.9\System.ComponentModel.dll</ModulePath>
      <ModuleTime>2019-02-15T12:08:54Z</ModuleTime>
      <ModuleName>System.ComponentModel</ModuleName>
      <Classes />
    </Module>
    <Module skippedDueTo="Filter" hash="2F-F4-15-E5-A7-5D-8F-77-E9-E8-88-D4-2A-0B-7A-E8-AD-99-9E-6E">
      <ModulePath>C:\Program Files\dotnet\sdk\2.1.505\Sdks\Microsoft.NET.Sdk\targets\..\tools\netcoreapp2.0/Microsoft.NET.Build.Tasks.dll</ModulePath>
      <ModuleTime>2019-02-26T17:47:04Z</ModuleTime>
      <ModuleName>Microsoft.NET.Build.Tasks</ModuleName>
      <Classes />
    </Module>
    <Module skippedDueTo="Filter" hash="0D-77-EC-92-4F-9F-E2-FD-8B-C9-6B-08-D0-2B-46-6C-0C-6E-FA-11">
      <ModulePath>C:\Program Files\dotnet\sdk\2.1.505\NuGet.Configuration.dll</ModulePath>
      <ModuleTime>2019-02-26T17:48:28Z</ModuleTime>
      <ModuleName>NuGet.Configuration</ModuleName>
      <Classes />
    </Module>
    <Module skippedDueTo="Filter" hash="D5-D3-9E-52-27-D2-17-26-DB-91-B2-5B-AB-16-6B-ED-19-09-39-16">
      <ModulePath>C:\Program Files\dotnet\shared\Microsoft.NETCore.App\2.1.9\System.IO.dll</ModulePath>
      <ModuleTime>2019-02-15T12:08:54Z</ModuleTime>
      <ModuleName>System.IO</ModuleName>
      <Classes />
    </Module>
    <Module skippedDueTo="Filter" hash="3A-D5-6D-C5-A4-CB-1E-3B-68-84-90-D7-E3-2A-0D-49-50-95-F0-B8">
      <ModulePath>C:\Program Files\dotnet\shared\Microsoft.NETCore.App\2.1.9\System.Text.Encoding.dll</ModulePath>
      <ModuleTime>2019-02-15T12:08:56Z</ModuleTime>
      <ModuleName>System.Text.Encoding</ModuleName>
      <Classes />
    </Module>
    <Module skippedDueTo="Filter" hash="4C-3F-1A-73-90-83-FC-35-08-B8-85-22-2F-AF-EF-A3-96-30-40-D0">
      <ModulePath>C:\Program Files\dotnet\sdk\2.1.505\NuGet.ProjectModel.dll</ModulePath>
      <ModuleTime>2019-02-26T17:48:30Z</ModuleTime>
      <ModuleName>NuGet.ProjectModel</ModuleName>
      <Classes />
    </Module>
    <Module skippedDueTo="Filter" hash="FD-AE-99-1E-22-71-45-B1-73-45-69-23-99-E0-D7-95-98-FA-BB-08">
      <ModulePath>C:\Program Files\dotnet\sdk\2.1.505\NuGet.Versioning.dll</ModulePath>
      <ModuleTime>2019-02-26T17:48:28Z</ModuleTime>
      <ModuleName>NuGet.Versioning</ModuleName>
      <Classes />
    </Module>
    <Module skippedDueTo="Filter" hash="E0-45-92-F9-1D-29-B0-4D-26-3C-70-5A-BF-66-FB-EC-1D-9B-32-DE">
      <ModulePath>C:\Program Files\dotnet\sdk\2.1.505\NuGet.Protocol.dll</ModulePath>
      <ModuleTime>2019-02-26T17:48:04Z</ModuleTime>
      <ModuleName>NuGet.Protocol</ModuleName>
      <Classes />
    </Module>
    <Module skippedDueTo="Filter" hash="AD-78-A0-73-7D-C5-25-ED-75-C8-20-E2-8F-F1-26-BE-BF-93-DA-17">
      <ModulePath>C:\Program Files\dotnet\sdk\2.1.505\NuGet.Packaging.dll</ModulePath>
      <ModuleTime>2019-02-26T17:47:58Z</ModuleTime>
      <ModuleName>NuGet.Packaging</ModuleName>
      <Classes />
    </Module>
    <Module skippedDueTo="Filter" hash="C9-3A-87-BA-B3-17-84-5C-7A-41-12-F6-A9-DF-26-75-B2-04-A1-52">
      <ModulePath>C:\Program Files\dotnet\sdk\2.1.505\NuGet.Credentials.dll</ModulePath>
      <ModuleTime>2019-02-26T17:48:02Z</ModuleTime>
      <ModuleName>NuGet.Credentials</ModuleName>
      <Classes />
    </Module>
    <Module skippedDueTo="Filter" hash="E9-60-F7-04-F1-85-5C-78-A6-80-B3-B3-CA-9A-61-61-98-DC-EC-2B">
      <ModulePath>C:\Program Files\dotnet\sdk\2.1.505\NuGet.DependencyResolver.Core.dll</ModulePath>
      <ModuleTime>2019-02-26T17:48:24Z</ModuleTime>
      <ModuleName>NuGet.DependencyResolver.Core</ModuleName>
      <Classes />
    </Module>
    <Module skippedDueTo="Filter" hash="A8-57-61-F6-FD-E6-CF-50-4C-C4-95-8A-EE-75-93-0C-14-74-2F-B6">
      <ModulePath>C:\Program Files\dotnet\sdk\2.1.505\NuGet.Packaging.Core.dll</ModulePath>
      <ModuleTime>2019-02-26T17:48:24Z</ModuleTime>
      <ModuleName>NuGet.Packaging.Core</ModuleName>
      <Classes />
    </Module>
    <Module skippedDueTo="Filter" hash="A7-C0-2E-9B-BC-0A-1C-02-7D-15-A2-5B-C8-CA-89-76-81-8F-7D-68">
      <ModulePath>C:\Program Files\dotnet\sdk\2.1.505\Newtonsoft.Json.dll</ModulePath>
      <ModuleTime>2019-02-26T17:47:54Z</ModuleTime>
      <ModuleName>Newtonsoft.Json</ModuleName>
      <Classes />
    </Module>
    <Module skippedDueTo="Filter" hash="9C-41-A1-1F-AE-47-3F-A6-EC-37-4E-4B-3D-B6-D3-9C-FE-11-3C-AF">
      <ModulePath>C:\Program Files\dotnet\shared\Microsoft.NETCore.App\2.1.9\System.Dynamic.Runtime.dll</ModulePath>
      <ModuleTime>2019-02-15T12:08:54Z</ModuleTime>
      <ModuleName>System.Dynamic.Runtime</ModuleName>
      <Classes />
    </Module>
    <Module skippedDueTo="Filter" hash="46-88-75-A1-CD-9D-44-FF-04-20-00-08-AA-D6-EC-E4-8B-02-3E-28">
      <ModulePath>C:\Program Files\dotnet\shared\Microsoft.NETCore.App\2.1.9\System.Linq.Expressions.dll</ModulePath>
      <ModuleTime>2019-02-15T12:08:54Z</ModuleTime>
      <ModuleName>System.Linq.Expressions</ModuleName>
      <Classes />
    </Module>
    <Module skippedDueTo="Filter" hash="D8-95-09-BC-4C-CA-C8-D3-DB-E2-63-0D-06-33-D8-A3-21-B9-3E-22">
      <ModulePath>C:\Program Files\dotnet\sdk\2.1.505\NuGet.LibraryModel.dll</ModulePath>
      <ModuleTime>2019-02-26T17:47:54Z</ModuleTime>
      <ModuleName>NuGet.LibraryModel</ModuleName>
      <Classes />
    </Module>
    <Module skippedDueTo="Filter" hash="D6-AB-41-15-82-0A-8A-DB-4E-64-74-97-B8-CB-8D-B2-2F-84-A6-0C">
      <ModulePath>C:\Program Files\dotnet\sdk\2.1.505\de\NuGet.Commands.resources.dll</ModulePath>
      <ModuleTime>2019-02-26T17:48:10Z</ModuleTime>
      <ModuleName>NuGet.Commands.resources</ModuleName>
      <Classes />
    </Module>
    <Module skippedDueTo="Filter" hash="FB-D3-A5-31-10-02-07-BE-FA-A8-8D-A0-4F-CA-5E-5C-4D-0C-6F-04">
      <ModulePath>C:\Program Files\dotnet\sdk\2.1.505\Microsoft.TestPlatform.Build.dll</ModulePath>
      <ModuleTime>2019-02-26T17:46:12Z</ModuleTime>
      <ModuleName>Microsoft.TestPlatform.Build</ModuleName>
      <Classes />
    </Module>
    <Module skippedDueTo="Filter" hash="1C-95-3B-07-84-33-B7-F3-C7-DC-37-C8-EE-93-02-B2-D9-55-ED-2D">
      <ModulePath>C:\Program Files\dotnet\sdk\2.1.505\de\Microsoft.TestPlatform.Build.resources.dll</ModulePath>
      <ModuleTime>2019-02-26T17:45:40Z</ModuleTime>
      <ModuleName>Microsoft.TestPlatform.Build.resources</ModuleName>
      <Classes />
    </Module>
    <Module skippedDueTo="Filter" hash="76-53-7C-4E-3A-84-12-D6-6D-E0-56-E2-21-9D-F1-3F-38-92-6A-28">
      <ModulePath>C:\Program Files\dotnet\shared\Microsoft.NETCore.App\2.1.9\System.Diagnostics.Tools.dll</ModulePath>
      <ModuleTime>2019-02-15T12:08:54Z</ModuleTime>
      <ModuleName>System.Diagnostics.Tools</ModuleName>
      <Classes />
    </Module>
    <Module skippedDueTo="Filter" hash="E2-B7-E4-C9-3A-88-19-B9-DE-D2-6F-6A-80-49-3F-13-6E-92-E6-FD">
      <ModulePath>C:\Program Files\dotnet\shared\Microsoft.NETCore.App\2.1.9\System.Diagnostics.Debug.dll</ModulePath>
      <ModuleTime>2019-02-15T12:08:54Z</ModuleTime>
      <ModuleName>System.Diagnostics.Debug</ModuleName>
      <Classes />
    </Module>
    <Module skippedDueTo="Filter" hash="42-35-45-96-A2-93-64-6C-3D-EE-68-44-A7-06-AA-1E-DD-BE-3D-3B">
      <ModulePath>C:\Program Files\dotnet\shared\Microsoft.NETCore.App\2.1.9\System.IO.Compression.dll</ModulePath>
      <ModuleTime>2019-02-15T12:08:54Z</ModuleTime>
      <ModuleName>System.IO.Compression</ModuleName>
      <Classes />
    </Module>
    <Module skippedDueTo="Filter" hash="05-52-45-9C-06-A6-C1-AB-21-44-A7-9A-0A-46-55-D0-8C-6F-54-89">
      <ModulePath>C:\Program Files\dotnet\shared\Microsoft.NETCore.App\2.1.9\System.Net.Http.dll</ModulePath>
      <ModuleTime>2019-02-15T12:08:56Z</ModuleTime>
      <ModuleName>System.Net.Http</ModuleName>
      <Classes />
    </Module>
    <Module skippedDueTo="Filter" hash="84-E9-37-23-46-A8-4C-27-27-68-8D-73-54-E6-C0-F9-B6-4C-4B-A7">
      <ModulePath>C:\Program Files\dotnet\shared\Microsoft.NETCore.App\2.1.9\System.Net.Primitives.dll</ModulePath>
      <ModuleTime>2019-02-15T12:08:56Z</ModuleTime>
      <ModuleName>System.Net.Primitives</ModuleName>
      <Classes />
    </Module>
    <Module skippedDueTo="Filter" hash="94-34-03-EB-12-45-15-01-69-F1-A9-93-6C-47-3E-C0-08-DB-B6-E5">
      <ModulePath>C:\Program Files\dotnet\shared\Microsoft.NETCore.App\2.1.9\System.Net.Security.dll</ModulePath>
      <ModuleTime>2019-02-15T12:08:56Z</ModuleTime>
      <ModuleName>System.Net.Security</ModuleName>
      <Classes />
    </Module>
    <Module skippedDueTo="Filter" hash="87-1B-07-11-10-AA-EB-28-68-3C-2E-C6-85-E6-B5-A1-55-D7-89-83">
      <ModulePath>C:\Program Files\dotnet\shared\Microsoft.NETCore.App\2.1.9\System.Security.Cryptography.X509Certificates.dll</ModulePath>
      <ModuleTime>2019-02-15T12:08:56Z</ModuleTime>
      <ModuleName>System.Security.Cryptography.X509Certificates</ModuleName>
      <Classes />
    </Module>
    <Module skippedDueTo="Filter" hash="A3-D2-BB-19-84-F7-43-B7-D7-3D-68-40-8E-D1-A1-B6-22-51-02-EF">
      <ModulePath>C:\Program Files\dotnet\sdk\2.1.505\de\Microsoft.Build.Tasks.Core.resources.dll</ModulePath>
      <ModuleTime>2019-02-26T17:45:10Z</ModuleTime>
      <ModuleName>Microsoft.Build.Tasks.Core.resources</ModuleName>
      <Classes />
    </Module>
    <Module skippedDueTo="Filter" hash="85-21-7D-0B-5B-F6-16-88-A0-E5-AA-E5-8A-FE-70-B8-F8-6C-5A-38">
      <ModulePath>C:\Program Files\dotnet\shared\Microsoft.NETCore.App\2.1.9\System.Diagnostics.DiagnosticSource.dll</ModulePath>
      <ModuleTime>2019-02-15T12:08:54Z</ModuleTime>
      <ModuleName>System.Diagnostics.DiagnosticSource</ModuleName>
      <Classes />
    </Module>
    <Module skippedDueTo="Filter" hash="D6-33-74-1E-38-C3-02-96-15-63-BC-C2-F2-95-52-53-EF-09-57-20">
      <ModulePath>C:\Program Files\dotnet\shared\Microsoft.NETCore.App\2.1.9\System.Threading.Timer.dll</ModulePath>
      <ModuleTime>2019-02-15T12:08:56Z</ModuleTime>
      <ModuleName>System.Threading.Timer</ModuleName>
      <Classes />
    </Module>
    <Module skippedDueTo="Filter" hash="C7-90-82-61-12-41-86-7E-3D-9D-D5-91-C2-24-9C-F5-D3-54-28-74">
      <ModulePath>C:\Program Files\dotnet\shared\Microsoft.NETCore.App\2.1.9\System.Net.NetworkInformation.dll</ModulePath>
      <ModuleTime>2019-02-15T12:08:56Z</ModuleTime>
      <ModuleName>System.Net.NetworkInformation</ModuleName>
      <Classes />
    </Module>
    <Module skippedDueTo="Filter" hash="0C-41-9E-0A-05-00-21-93-07-D7-CE-7E-E2-FC-EB-D2-73-C4-60-B4">
      <ModulePath>C:\Program Files\dotnet\sdk\2.1.505\de\NuGet.Build.Tasks.resources.dll</ModulePath>
      <ModuleTime>2019-02-26T17:47:46Z</ModuleTime>
      <ModuleName>NuGet.Build.Tasks.resources</ModuleName>
      <Classes />
    </Module>
    <Module skippedDueTo="Filter" hash="36-BE-B3-85-68-17-7B-EA-66-BB-E7-ED-D2-A3-93-49-57-8A-93-D0">
      <ModulePath>C:\Program Files\dotnet\shared\Microsoft.NETCore.App\2.1.9\System.Net.Sockets.dll</ModulePath>
      <ModuleTime>2019-02-15T12:08:56Z</ModuleTime>
      <ModuleName>System.Net.Sockets</ModuleName>
      <Classes />
    </Module>
    <Module skippedDueTo="Filter" hash="C0-B3-AE-6E-94-94-7C-08-32-C8-CB-07-C4-97-10-8E-DA-B2-D8-B2">
      <ModulePath>C:\Program Files\dotnet\shared\Microsoft.NETCore.App\2.1.9\System.Threading.Overlapped.dll</ModulePath>
      <ModuleTime>2019-02-15T12:08:56Z</ModuleTime>
      <ModuleName>System.Threading.Overlapped</ModuleName>
      <Classes />
    </Module>
    <Module skippedDueTo="Filter" hash="7C-F8-AC-E1-16-14-FA-D1-85-28-84-4E-43-EE-C8-60-05-CC-53-59">
      <ModulePath>C:\Program Files\dotnet\shared\Microsoft.NETCore.App\2.1.9\System.Net.NameResolution.dll</ModulePath>
      <ModuleTime>2019-02-15T12:08:56Z</ModuleTime>
      <ModuleName>System.Net.NameResolution</ModuleName>
      <Classes />
    </Module>
    <Module skippedDueTo="Filter" hash="D2-36-E7-76-12-31-7B-61-3C-60-41-48-92-5A-6F-0D-16-E2-D8-50">
      <ModulePath>C:\Program Files\dotnet\shared\Microsoft.NETCore.App\2.1.9\System.Security.Principal.Windows.dll</ModulePath>
      <ModuleTime>2019-02-15T12:08:56Z</ModuleTime>
      <ModuleName>System.Security.Principal.Windows</ModuleName>
      <Classes />
    </Module>
    <Module skippedDueTo="Filter" hash="6D-0F-46-7C-2D-A3-D2-AC-44-ED-F0-CF-11-26-72-6A-64-C6-C6-9A">
      <ModulePath>C:\Program Files\dotnet\shared\Microsoft.NETCore.App\2.1.9\System.Security.Claims.dll</ModulePath>
      <ModuleTime>2019-02-15T12:08:56Z</ModuleTime>
      <ModuleName>System.Security.Claims</ModuleName>
      <Classes />
    </Module>
    <Module skippedDueTo="Filter" hash="DA-15-2E-61-99-0C-50-8F-CA-DE-5E-4E-77-4B-82-3E-E3-D8-7E-D2">
      <ModulePath>C:\Program Files\dotnet\shared\Microsoft.NETCore.App\2.1.9\System.Security.Principal.dll</ModulePath>
      <ModuleTime>2019-02-15T12:08:56Z</ModuleTime>
      <ModuleName>System.Security.Principal</ModuleName>
      <Classes />
    </Module>
    <Module skippedDueTo="Filter" hash="DB-47-BE-C6-4A-6D-D5-3C-1C-31-F1-42-65-65-F0-CA-97-B3-14-EE">
      <ModulePath>C:\Program Files\dotnet\shared\Microsoft.NETCore.App\2.1.9\mscorlib.dll</ModulePath>
      <ModuleTime>2019-02-15T12:08:54Z</ModuleTime>
      <ModuleName>mscorlib</ModuleName>
      <Classes />
    </Module>
    <Module skippedDueTo="Filter" hash="AA-30-51-6B-66-A7-F9-D3-06-35-CB-29-F7-0D-7A-13-31-56-6B-7C">
      <ModulePath>C:\Program Files\dotnet\shared\Microsoft.NETCore.App\2.1.9\System.Security.Cryptography.Encoding.dll</ModulePath>
      <ModuleTime>2019-02-15T12:08:56Z</ModuleTime>
      <ModuleName>System.Security.Cryptography.Encoding</ModuleName>
      <Classes />
    </Module>
    <Module skippedDueTo="Filter" hash="6B-87-FB-E0-A9-98-5D-F3-4D-FA-33-1D-D4-47-D4-49-AF-5E-5D-C3">
      <ModulePath>C:\Program Files\dotnet\shared\Microsoft.NETCore.App\2.1.9\System.Core.dll</ModulePath>
      <ModuleTime>2019-02-15T12:08:54Z</ModuleTime>
      <ModuleName>System.Core</ModuleName>
      <Classes />
    </Module>
    <Module skippedDueTo="Filter" hash="55-4B-03-F2-48-AB-9C-18-72-8F-86-95-F0-FE-66-04-50-E4-16-96">
      <ModulePath>C:\Program Files\dotnet\shared\Microsoft.NETCore.App\2.1.9\System.Private.CoreLib.dll</ModulePath>
      <ModuleTime>2019-02-15T12:08:58Z</ModuleTime>
      <ModuleName>System.Private.CoreLib</ModuleName>
      <Classes />
    </Module>
    <Module skippedDueTo="Filter" hash="CA-09-53-6F-A1-DB-98-9D-97-C9-2C-FF-5D-64-19-B6-1E-51-BE-29">
      <ModulePath>C:\Program Files\dotnet\sdk\2.1.505\vstest.console.dll</ModulePath>
      <ModuleTime>2019-02-26T17:48:26Z</ModuleTime>
      <ModuleName>vstest.console</ModuleName>
      <Classes />
    </Module>
    <Module skippedDueTo="Filter" hash="F7-EB-9A-06-50-56-05-86-98-BD-7F-8F-05-1B-E1-89-0B-1B-DE-7F">
      <ModulePath>C:\Program Files\dotnet\shared\Microsoft.NETCore.App\2.1.9\System.Runtime.dll</ModulePath>
      <ModuleTime>2019-02-15T12:08:56Z</ModuleTime>
      <ModuleName>System.Runtime</ModuleName>
      <Classes />
    </Module>
    <Module skippedDueTo="Filter" hash="AD-A8-3D-4D-EF-7A-1D-D1-DF-99-44-06-0E-0D-B1-E7-F7-5A-48-20">
      <ModulePath>C:\Program Files\dotnet\shared\Microsoft.NETCore.App\2.1.9\System.Diagnostics.Process.dll</ModulePath>
      <ModuleTime>2019-02-15T12:08:54Z</ModuleTime>
      <ModuleName>System.Diagnostics.Process</ModuleName>
      <Classes />
    </Module>
    <Module skippedDueTo="Filter" hash="95-25-21-2C-AC-72-C0-D0-1B-D3-B6-BC-6D-56-6B-4D-25-68-38-21">
      <ModulePath>C:\Program Files\dotnet\shared\Microsoft.NETCore.App\2.1.9\System.ComponentModel.Primitives.dll</ModulePath>
      <ModuleTime>2019-02-15T12:08:54Z</ModuleTime>
      <ModuleName>System.ComponentModel.Primitives</ModuleName>
      <Classes />
    </Module>
    <Module skippedDueTo="Filter" hash="32-7F-B3-05-DE-92-F7-4E-9E-6B-6E-9C-A8-2C-0C-53-6F-7A-6A-2F">
      <ModulePath>C:\Program Files\dotnet\shared\Microsoft.NETCore.App\2.1.9\System.Runtime.Extensions.dll</ModulePath>
      <ModuleTime>2019-02-15T12:08:56Z</ModuleTime>
      <ModuleName>System.Runtime.Extensions</ModuleName>
      <Classes />
    </Module>
    <Module skippedDueTo="Filter" hash="78-CA-89-4F-96-CB-36-7C-70-D0-3D-1B-43-C0-54-DC-02-13-68-A6">
      <ModulePath>C:\Program Files\dotnet\sdk\2.1.505\Microsoft.TestPlatform.CoreUtilities.dll</ModulePath>
      <ModuleTime>2019-02-26T17:46:42Z</ModuleTime>
      <ModuleName>Microsoft.TestPlatform.CoreUtilities</ModuleName>
      <Classes />
    </Module>
    <Module skippedDueTo="Filter" hash="E2-B7-E4-C9-3A-88-19-B9-DE-D2-6F-6A-80-49-3F-13-6E-92-E6-FD">
      <ModulePath>C:\Program Files\dotnet\shared\Microsoft.NETCore.App\2.1.9\System.Diagnostics.Debug.dll</ModulePath>
      <ModuleTime>2019-02-15T12:08:54Z</ModuleTime>
      <ModuleName>System.Diagnostics.Debug</ModuleName>
      <Classes />
    </Module>
    <Module skippedDueTo="Filter" hash="7F-36-ED-5D-BA-7B-AE-CD-D5-CF-36-0A-8E-1D-48-1B-CB-39-56-66">
      <ModulePath>C:\Program Files\dotnet\shared\Microsoft.NETCore.App\2.1.9\System.Threading.Thread.dll</ModulePath>
      <ModuleTime>2019-02-15T12:08:56Z</ModuleTime>
      <ModuleName>System.Threading.Thread</ModuleName>
      <Classes />
    </Module>
    <Module skippedDueTo="Filter" hash="98-BA-FF-D7-50-E0-C9-AA-0B-5B-AC-2F-CD-2F-48-C0-CE-AA-69-8F">
      <ModulePath>C:\Program Files\dotnet\shared\Microsoft.NETCore.App\2.1.9\System.Threading.dll</ModulePath>
      <ModuleTime>2019-02-15T12:08:56Z</ModuleTime>
      <ModuleName>System.Threading</ModuleName>
      <Classes />
    </Module>
    <Module skippedDueTo="Filter" hash="5C-69-42-1D-F1-42-51-99-A9-FC-CD-FD-10-6B-3F-F2-FA-12-3F-27">
      <ModulePath>C:\Program Files\dotnet\shared\Microsoft.NETCore.App\2.1.9\System.Console.dll</ModulePath>
      <ModuleTime>2019-02-15T12:08:54Z</ModuleTime>
      <ModuleName>System.Console</ModuleName>
      <Classes />
    </Module>
    <Module skippedDueTo="Filter" hash="D5-D3-9E-52-27-D2-17-26-DB-91-B2-5B-AB-16-6B-ED-19-09-39-16">
      <ModulePath>C:\Program Files\dotnet\shared\Microsoft.NETCore.App\2.1.9\System.IO.dll</ModulePath>
      <ModuleTime>2019-02-15T12:08:54Z</ModuleTime>
      <ModuleName>System.IO</ModuleName>
      <Classes />
    </Module>
    <Module skippedDueTo="Filter" hash="22-A5-4F-EE-68-06-C3-14-25-49-AE-FB-86-43-D0-7F-DD-02-0B-E1">
      <ModulePath>C:\Program Files\dotnet\shared\Microsoft.NETCore.App\2.1.9\System.Text.Encoding.Extensions.dll</ModulePath>
      <ModuleTime>2019-02-15T12:08:56Z</ModuleTime>
      <ModuleName>System.Text.Encoding.Extensions</ModuleName>
      <Classes />
    </Module>
    <Module skippedDueTo="Filter" hash="77-DA-57-D7-4C-6F-FB-D6-1D-E4-5D-8C-E5-B5-2A-15-C1-B6-36-D9">
      <ModulePath>C:\Program Files\dotnet\shared\Microsoft.NETCore.App\2.1.9\System.Diagnostics.Tracing.dll</ModulePath>
      <ModuleTime>2019-02-15T12:08:54Z</ModuleTime>
      <ModuleName>System.Diagnostics.Tracing</ModuleName>
      <Classes />
    </Module>
    <Module skippedDueTo="Filter" hash="1F-26-76-B4-1E-DF-32-0B-40-A3-8A-57-89-1A-4F-A0-72-CF-84-19">
      <ModulePath>C:\Program Files\dotnet\shared\Microsoft.NETCore.App\2.1.9\System.Collections.dll</ModulePath>
      <ModuleTime>2019-02-15T12:08:54Z</ModuleTime>
      <ModuleName>System.Collections</ModuleName>
      <Classes />
    </Module>
    <Module skippedDueTo="Filter" hash="26-CF-7A-ED-21-92-78-EB-3F-06-17-91-A3-58-66-30-EC-A0-DF-84">
      <ModulePath>C:\Program Files\dotnet\sdk\2.1.505\Microsoft.VisualStudio.TestPlatform.ObjectModel.dll</ModulePath>
      <ModuleTime>2019-02-26T17:46:18Z</ModuleTime>
      <ModuleName>Microsoft.VisualStudio.TestPlatform.ObjectModel</ModuleName>
      <Classes />
    </Module>
    <Module skippedDueTo="Filter" hash="ED-D2-9F-EA-9C-E2-03-A6-60-35-80-35-94-36-7B-CC-12-D5-C5-A8">
      <ModulePath>C:\Program Files\dotnet\sdk\2.1.505\Microsoft.VisualStudio.TestPlatform.Client.dll</ModulePath>
      <ModuleTime>2019-02-26T17:46:14Z</ModuleTime>
      <ModuleName>Microsoft.VisualStudio.TestPlatform.Client</ModuleName>
      <Classes />
    </Module>
    <Module skippedDueTo="Filter" hash="EC-2F-0D-2C-B3-77-4E-D3-F1-65-13-A4-22-ED-F7-1A-DC-94-D1-CB">
      <ModulePath>C:\Program Files\dotnet\sdk\2.1.505\Microsoft.VisualStudio.TestPlatform.Common.dll</ModulePath>
      <ModuleTime>2019-02-26T17:46:42Z</ModuleTime>
      <ModuleName>Microsoft.VisualStudio.TestPlatform.Common</ModuleName>
      <Classes />
    </Module>
    <Module skippedDueTo="Filter" hash="13-8F-57-B6-4D-20-89-78-A1-6F-6A-19-D9-F1-2D-80-4A-3F-3D-B4">
      <ModulePath>C:\Program Files\dotnet\shared\Microsoft.NETCore.App\2.1.9\System.Linq.dll</ModulePath>
      <ModuleTime>2019-02-15T12:08:56Z</ModuleTime>
      <ModuleName>System.Linq</ModuleName>
      <Classes />
    </Module>
    <Module skippedDueTo="Filter" hash="E2-80-5F-EE-D1-8A-0F-4C-E1-39-FA-7C-32-28-C4-77-64-EB-2D-AA">
      <ModulePath>C:\Program Files\dotnet\shared\Microsoft.NETCore.App\2.1.9\System.Runtime.InteropServices.dll</ModulePath>
      <ModuleTime>2019-02-15T12:08:56Z</ModuleTime>
      <ModuleName>System.Runtime.InteropServices</ModuleName>
      <Classes />
    </Module>
    <Module skippedDueTo="Filter" hash="37-F5-28-C7-0D-1C-12-D2-21-E2-58-AD-5B-FC-E0-4C-D4-7A-C8-B6">
      <ModulePath>C:\Program Files\dotnet\shared\Microsoft.NETCore.App\2.1.9\System.Resources.ResourceManager.dll</ModulePath>
      <ModuleTime>2019-02-15T12:08:56Z</ModuleTime>
      <ModuleName>System.Resources.ResourceManager</ModuleName>
      <Classes />
    </Module>
    <Module skippedDueTo="Filter" hash="6D-57-30-7F-B7-E9-A1-11-AD-BA-94-E0-5C-87-6A-34-E7-BE-BE-89">
      <ModulePath>C:\Program Files\dotnet\sdk\2.1.505\de\vstest.console.resources.dll</ModulePath>
      <ModuleTime>2019-02-26T17:48:04Z</ModuleTime>
      <ModuleName>vstest.console.resources</ModuleName>
      <Classes />
    </Module>
    <Module skippedDueTo="Filter" hash="11-CA-75-C5-04-E3-42-D8-04-FF-6D-44-68-DB-C2-D6-44-D5-11-54">
      <ModulePath>C:\Program Files\dotnet\shared\Microsoft.NETCore.App\2.1.9\System.IO.FileSystem.Primitives.dll</ModulePath>
      <ModuleTime>2019-02-15T12:08:54Z</ModuleTime>
      <ModuleName>System.IO.FileSystem.Primitives</ModuleName>
      <Classes />
    </Module>
    <Module skippedDueTo="Filter" hash="3B-FF-4C-98-47-A4-41-AB-E9-C6-D7-02-00-1F-15-33-75-F3-24-5D">
      <ModulePath>C:\Program Files\dotnet\shared\Microsoft.NETCore.App\2.1.9\System.IO.FileSystem.dll</ModulePath>
      <ModuleTime>2019-02-15T12:08:54Z</ModuleTime>
      <ModuleName>System.IO.FileSystem</ModuleName>
      <Classes />
    </Module>
    <Module skippedDueTo="Filter" hash="0F-7D-88-19-6C-97-5C-EF-6F-B9-6A-90-13-96-57-1B-BD-76-DE-26">
      <ModulePath>C:\Program Files\dotnet\shared\Microsoft.NETCore.App\2.1.9\System.Xml.ReaderWriter.dll</ModulePath>
      <ModuleTime>2019-02-15T12:08:56Z</ModuleTime>
      <ModuleName>System.Xml.ReaderWriter</ModuleName>
      <Classes />
    </Module>
    <Module skippedDueTo="Filter" hash="F9-7C-A2-EE-B7-08-8C-19-0E-76-61-1F-C5-3C-B8-F7-FC-F2-14-0D">
      <ModulePath>C:\Program Files\dotnet\shared\Microsoft.NETCore.App\2.1.9\System.Private.Xml.dll</ModulePath>
      <ModuleTime>2019-02-15T12:08:56Z</ModuleTime>
      <ModuleName>System.Private.Xml</ModuleName>
      <Classes />
    </Module>
    <Module skippedDueTo="Filter" hash="D2-94-97-55-A2-FF-55-3A-FF-B5-49-F1-A5-A0-14-68-C9-4F-B0-26">
      <ModulePath>C:\Program Files\dotnet\sdk\2.1.505\Microsoft.TestPlatform.PlatformAbstractions.dll</ModulePath>
      <ModuleTime>2019-02-26T17:46:16Z</ModuleTime>
      <ModuleName>Microsoft.TestPlatform.PlatformAbstractions</ModuleName>
      <Classes />
    </Module>
    <Module skippedDueTo="Filter" hash="01-A9-80-FC-E3-B8-24-15-B5-3D-0A-6C-F5-0B-96-F5-3C-16-DA-CC">
      <ModulePath>C:\Program Files\dotnet\shared\Microsoft.NETCore.App\2.1.9\System.Xml.XmlDocument.dll</ModulePath>
      <ModuleTime>2019-02-15T12:08:56Z</ModuleTime>
      <ModuleName>System.Xml.XmlDocument</ModuleName>
      <Classes />
    </Module>
    <Module skippedDueTo="Filter" hash="61-03-EA-2B-BB-C1-15-69-7F-18-1B-01-EA-84-11-D7-15-38-FE-CF">
      <ModulePath>C:\Program Files\dotnet\sdk\2.1.505\Microsoft.TestPlatform.Utilities.dll</ModulePath>
      <ModuleTime>2019-02-26T17:46:40Z</ModuleTime>
      <ModuleName>Microsoft.TestPlatform.Utilities</ModuleName>
      <Classes />
    </Module>
    <Module skippedDueTo="Filter" hash="6B-7B-05-2B-65-27-9F-11-1F-F9-40-2C-62-23-F7-CD-F6-FC-36-42">
      <ModulePath>C:\Program Files\dotnet\shared\Microsoft.NETCore.App\2.1.9\System.Runtime.InteropServices.RuntimeInformation.dll</ModulePath>
      <ModuleTime>2019-02-15T12:08:56Z</ModuleTime>
      <ModuleName>System.Runtime.InteropServices.RuntimeInformation</ModuleName>
      <Classes />
    </Module>
    <Module skippedDueTo="Filter" hash="88-14-AB-BF-DD-9F-51-1D-1A-04-F6-ED-FD-47-1A-1F-D4-F9-D3-81">
      <ModulePath>C:\Program Files\dotnet\shared\Microsoft.NETCore.App\2.1.9\System.Private.Uri.dll</ModulePath>
      <ModuleTime>2019-02-15T12:08:56Z</ModuleTime>
      <ModuleName>System.Private.Uri</ModuleName>
      <Classes />
    </Module>
    <Module skippedDueTo="Filter" hash="99-C5-A8-30-D3-A2-61-F0-96-45-82-F9-1F-7D-5D-6A-CA-9C-3E-A2">
      <ModulePath>C:\Program Files\dotnet\shared\Microsoft.NETCore.App\2.1.9\System.Memory.dll</ModulePath>
      <ModuleTime>2019-02-15T12:08:56Z</ModuleTime>
      <ModuleName>System.Memory</ModuleName>
      <Classes />
    </Module>
    <Module skippedDueTo="Filter" hash="0E-18-ED-92-48-6D-EE-C5-B3-44-2A-E2-80-FB-38-53-77-58-8A-70">
      <ModulePath>C:\Program Files\dotnet\shared\Microsoft.NETCore.App\2.1.9\System.Security.Cryptography.Algorithms.dll</ModulePath>
      <ModuleTime>2019-02-15T12:08:56Z</ModuleTime>
      <ModuleName>System.Security.Cryptography.Algorithms</ModuleName>
      <Classes />
    </Module>
    <Module skippedDueTo="Filter" hash="79-54-3C-73-BC-85-AE-18-47-71-5A-17-81-64-8A-46-AD-42-41-E0">
      <ModulePath>C:\Program Files\dotnet\sdk\2.1.505\System.Xml.XPath.XmlDocument.dll</ModulePath>
      <ModuleTime>2019-02-26T17:45:40Z</ModuleTime>
      <ModuleName>System.Xml.XPath.XmlDocument</ModuleName>
      <Classes />
    </Module>
    <Module skippedDueTo="Filter" hash="1A-F9-D6-BF-57-58-20-8A-1E-D4-53-DE-DF-4E-10-7D-6A-16-BE-33">
      <ModulePath>C:\Program Files\dotnet\shared\Microsoft.NETCore.App\2.1.9\System.Xml.XPath.dll</ModulePath>
      <ModuleTime>2019-02-15T12:08:56Z</ModuleTime>
      <ModuleName>System.Xml.XPath</ModuleName>
      <Classes />
    </Module>
    <Module skippedDueTo="Filter" hash="B4-B1-E4-D8-08-80-D3-CD-4B-CF-4A-40-EF-DD-83-1F-62-E4-9B-BB">
      <ModulePath>C:\Program Files\dotnet\shared\Microsoft.NETCore.App\2.1.9\System.Globalization.dll</ModulePath>
      <ModuleTime>2019-02-15T12:08:54Z</ModuleTime>
      <ModuleName>System.Globalization</ModuleName>
      <Classes />
    </Module>
    <Module skippedDueTo="Filter" hash="5B-99-51-43-E9-F4-B8-1F-A8-2C-F3-4C-91-FB-0F-EC-B2-9A-D3-F7">
      <ModulePath>C:\Program Files\dotnet\shared\Microsoft.NETCore.App\2.1.9\System.Diagnostics.TraceSource.dll</ModulePath>
      <ModuleTime>2019-02-15T12:08:54Z</ModuleTime>
      <ModuleName>System.Diagnostics.TraceSource</ModuleName>
      <Classes />
    </Module>
    <Module skippedDueTo="Filter" hash="8C-2A-35-67-E8-67-AD-D1-54-F5-A7-80-3E-3E-11-7E-C7-69-51-69">
      <ModulePath>C:\Program Files\dotnet\shared\Microsoft.NETCore.App\2.1.9\System.Collections.NonGeneric.dll</ModulePath>
      <ModuleTime>2019-02-15T12:08:54Z</ModuleTime>
      <ModuleName>System.Collections.NonGeneric</ModuleName>
      <Classes />
    </Module>
    <Module skippedDueTo="Filter" hash="A6-3F-FE-87-71-4B-D0-41-5C-30-77-EE-DF-5B-37-5D-78-F7-C1-62">
[...]
      <ModuleTime>2019-02-15T12:08:56Z</ModuleTime>
      <ModuleName>System.Security.Cryptography.X509Certificates</ModuleName>
      <Classes />
    </Module>
    <Module skippedDueTo="Filter" hash="94-A4-96-29-24-2B-8B-9A-8C-85-A4-4D-60-2C-19-29-F6-EC-1E-06">
      <ModulePath>C:\Program Files\dotnet\shared\Microsoft.NETCore.App\2.1.9\System.Net.ServicePoint.dll</ModulePath>
      <ModuleTime>2019-02-15T12:08:56Z</ModuleTime>
      <ModuleName>System.Net.ServicePoint</ModuleName>
      <Classes />
    </Module>
    <Module skippedDueTo="Filter" hash="49-E2-B9-28-FD-B2-CE-68-77-3C-7C-3E-D9-1A-52-64-22-75-F3-BE">
      <ModulePath>C:\Program Files\dotnet\shared\Microsoft.NETCore.App\2.1.9\System.Net.WebClient.dll</ModulePath>
      <ModuleTime>2019-02-15T12:08:56Z</ModuleTime>
      <ModuleName>System.Net.WebClient</ModuleName>
      <Classes />
    </Module>
    <Module skippedDueTo="Filter" hash="54-5E-70-0D-74-D4-9F-84-CB-57-FB-75-D8-36-4F-EE-EE-0F-2F-07">
      <ModulePath>C:\Program Files\dotnet\shared\Microsoft.NETCore.App\2.1.9\System.Net.WebHeaderCollection.dll</ModulePath>
      <ModuleTime>2019-02-15T12:08:56Z</ModuleTime>
      <ModuleName>System.Net.WebHeaderCollection</ModuleName>
      <Classes />
    </Module>
    <Module skippedDueTo="Filter" hash="59-A6-FD-44-0E-93-E8-C4-E7-28-0B-BC-7F-59-60-CE-C5-16-30-5E">
      <ModulePath>C:\Program Files\dotnet\shared\Microsoft.NETCore.App\2.1.9\System.Net.WebProxy.dll</ModulePath>
      <ModuleTime>2019-02-15T12:08:56Z</ModuleTime>
      <ModuleName>System.Net.WebProxy</ModuleName>
      <Classes />
    </Module>
    <Module skippedDueTo="Filter" hash="CD-1F-6D-00-77-39-CA-67-5E-FC-26-41-17-A2-5A-63-70-79-7F-CE">
      <ModulePath>C:\Program Files\dotnet\shared\Microsoft.NETCore.App\2.1.9\System.Net.WebSockets.Client.dll</ModulePath>
      <ModuleTime>2019-02-15T12:08:56Z</ModuleTime>
      <ModuleName>System.Net.WebSockets.Client</ModuleName>
      <Classes />
    </Module>
    <Module skippedDueTo="Filter" hash="2C-D7-FB-99-CD-A7-C3-37-5C-3E-94-83-F1-6E-CD-B4-41-25-C7-92">
      <ModulePath>C:\Program Files\dotnet\shared\Microsoft.NETCore.App\2.1.9\System.Net.dll</ModulePath>
      <ModuleTime>2019-02-15T12:08:56Z</ModuleTime>
      <ModuleName>System.Net</ModuleName>
      <Classes />
    </Module>
    <Module skippedDueTo="Filter" hash="9E-D0-71-20-F6-00-E0-6F-51-D6-75-FA-08-54-01-4F-11-AD-0D-C4">
      <ModulePath>C:\Program Files\dotnet\shared\Microsoft.NETCore.App\2.1.9\System.Numerics.Vectors.dll</ModulePath>
      <ModuleTime>2019-02-15T12:08:56Z</ModuleTime>
      <ModuleName>System.Numerics.Vectors</ModuleName>
      <Classes />
    </Module>
    <Module skippedDueTo="Filter" hash="CE-F2-0A-75-CC-51-0B-78-30-D1-F2-C1-1B-10-AC-4C-88-F7-A6-C2">
      <ModulePath>C:\Program Files\dotnet\shared\Microsoft.NETCore.App\2.1.9\System.Numerics.dll</ModulePath>
      <ModuleTime>2019-02-15T12:08:56Z</ModuleTime>
      <ModuleName>System.Numerics</ModuleName>
      <Classes />
    </Module>
    <Module skippedDueTo="Filter" hash="C2-53-AC-60-E4-80-0E-11-2F-35-64-74-F8-91-69-3E-92-BF-4B-F2">
      <ModulePath>C:\Program Files\dotnet\shared\Microsoft.NETCore.App\2.1.9\System.Private.DataContractSerialization.dll</ModulePath>
      <ModuleTime>2019-02-15T12:08:56Z</ModuleTime>
      <ModuleName>System.Private.DataContractSerialization</ModuleName>
      <Classes />
    </Module>
    <Module skippedDueTo="Filter" hash="41-80-37-BD-68-66-61-3E-E3-24-D7-DC-02-ED-D5-E5-6F-BF-0F-B6">
      <ModulePath>C:\Program Files\dotnet\shared\Microsoft.NETCore.App\2.1.9\System.Reflection.Emit.ILGeneration.dll</ModulePath>
      <ModuleTime>2019-02-15T12:08:56Z</ModuleTime>
      <ModuleName>System.Reflection.Emit.ILGeneration</ModuleName>
      <Classes />
    </Module>
    <Module skippedDueTo="Filter" hash="90-D6-DA-C2-CA-19-14-9E-95-61-08-40-99-F6-0F-38-94-18-86-FD">
      <ModulePath>C:\Program Files\dotnet\shared\Microsoft.NETCore.App\2.1.9\System.Reflection.DispatchProxy.dll</ModulePath>
      <ModuleTime>2019-02-15T12:08:56Z</ModuleTime>
      <ModuleName>System.Reflection.DispatchProxy</ModuleName>
      <Classes />
    </Module>
    <Module skippedDueTo="Filter" hash="96-1D-32-17-45-34-C1-C7-D8-11-9C-A5-FB-61-78-E0-28-73-9C-3D">
      <ModulePath>C:\Program Files\dotnet\shared\Microsoft.NETCore.App\2.1.9\System.Reflection.Emit.Lightweight.dll</ModulePath>
      <ModuleTime>2019-02-15T12:08:56Z</ModuleTime>
      <ModuleName>System.Reflection.Emit.Lightweight</ModuleName>
      <Classes />
    </Module>
    <Module skippedDueTo="Filter" hash="C0-95-7C-E2-E2-88-BA-06-D8-50-D4-15-1C-A7-64-6F-E3-BF-2E-08">
      <ModulePath>C:\Program Files\dotnet\shared\Microsoft.NETCore.App\2.1.9\System.Reflection.Emit.dll</ModulePath>
      <ModuleTime>2019-02-15T12:08:56Z</ModuleTime>
      <ModuleName>System.Reflection.Emit</ModuleName>
      <Classes />
    </Module>
    <Module skippedDueTo="Filter" hash="8F-8B-AF-14-B7-93-23-FB-D5-21-73-42-AE-CB-09-5D-D9-72-6F-41">
      <ModulePath>C:\Program Files\dotnet\shared\Microsoft.NETCore.App\2.1.9\System.Reflection.Metadata.dll</ModulePath>
      <ModuleTime>2019-02-15T12:08:56Z</ModuleTime>
      <ModuleName>System.Reflection.Metadata</ModuleName>
      <Classes />
    </Module>
    <Module skippedDueTo="Filter" hash="1E-4E-41-40-A7-0E-12-13-ED-E7-A5-8A-93-63-B4-2B-21-39-F8-B0">
      <ModulePath>C:\Program Files\dotnet\shared\Microsoft.NETCore.App\2.1.9\System.Reflection.Primitives.dll</ModulePath>
      <ModuleTime>2019-02-15T12:08:56Z</ModuleTime>
      <ModuleName>System.Reflection.Primitives</ModuleName>
      <Classes />
    </Module>
    <Module skippedDueTo="Filter" hash="D5-DE-3F-41-E6-F8-29-87-1A-10-D2-5D-62-73-63-BE-06-61-94-99">
      <ModulePath>C:\Program Files\dotnet\shared\Microsoft.NETCore.App\2.1.9\System.Reflection.TypeExtensions.dll</ModulePath>
      <ModuleTime>2019-02-15T12:08:56Z</ModuleTime>
      <ModuleName>System.Reflection.TypeExtensions</ModuleName>
      <Classes />
    </Module>
    <Module skippedDueTo="Filter" hash="8E-FE-1F-E0-E6-13-25-9C-A5-0E-C9-72-E7-E3-03-20-77-72-05-10">
      <ModulePath>C:\Program Files\dotnet\shared\Microsoft.NETCore.App\2.1.9\System.Resources.Reader.dll</ModulePath>
      <ModuleTime>2019-02-15T12:08:56Z</ModuleTime>
      <ModuleName>System.Resources.Reader</ModuleName>
      <Classes />
    </Module>
    <Module skippedDueTo="Filter" hash="E9-4D-F5-8F-9C-2C-DF-BA-AF-AE-78-12-D3-12-6A-41-FF-3F-C6-A7">
      <ModulePath>C:\Program Files\dotnet\shared\Microsoft.NETCore.App\2.1.9\System.Resources.Writer.dll</ModulePath>
      <ModuleTime>2019-02-15T12:08:56Z</ModuleTime>
      <ModuleName>System.Resources.Writer</ModuleName>
      <Classes />
    </Module>
    <Module skippedDueTo="Filter" hash="56-03-BE-A2-4D-61-0B-67-D5-29-CC-73-42-53-41-79-89-1A-18-F7">
      <ModulePath>C:\Program Files\dotnet\shared\Microsoft.NETCore.App\2.1.9\System.Runtime.CompilerServices.VisualC.dll</ModulePath>
      <ModuleTime>2019-02-15T12:08:56Z</ModuleTime>
      <ModuleName>System.Runtime.CompilerServices.VisualC</ModuleName>
      <Classes />
    </Module>
    <Module skippedDueTo="Filter" hash="3D-F0-95-BB-61-8E-47-30-7A-0C-2B-95-71-F4-08-45-CA-64-ED-8C">
      <ModulePath>C:\Program Files\dotnet\shared\Microsoft.NETCore.App\2.1.9\System.Runtime.Handles.dll</ModulePath>
      <ModuleTime>2019-02-15T12:08:56Z</ModuleTime>
      <ModuleName>System.Runtime.Handles</ModuleName>
      <Classes />
    </Module>
    <Module skippedDueTo="Filter" hash="57-93-5A-46-4F-4E-C5-6A-6B-D7-30-7A-EF-52-E6-69-8A-ED-F9-C3">
      <ModulePath>C:\Program Files\dotnet\shared\Microsoft.NETCore.App\2.1.9\System.Runtime.InteropServices.WindowsRuntime.dll</ModulePath>
      <ModuleTime>2019-02-15T12:08:56Z</ModuleTime>
      <ModuleName>System.Runtime.InteropServices.WindowsRuntime</ModuleName>
      <Classes />
    </Module>
    <Module skippedDueTo="Filter" hash="6C-39-43-94-F8-BC-E1-14-56-59-7A-2F-E6-A8-98-27-7C-7D-AC-83">
      <ModulePath>C:\Program Files\dotnet\shared\Microsoft.NETCore.App\2.1.9\System.Runtime.Serialization.Formatters.dll</ModulePath>
      <ModuleTime>2019-02-15T12:08:56Z</ModuleTime>
      <ModuleName>System.Runtime.Serialization.Formatters</ModuleName>
      <Classes />
    </Module>
    <Module skippedDueTo="Filter" hash="CA-40-05-56-D7-4B-F2-8F-9D-31-98-FC-EF-28-21-EF-D9-8C-B3-E9">
      <ModulePath>C:\Program Files\dotnet\shared\Microsoft.NETCore.App\2.1.9\System.Runtime.Serialization.Json.dll</ModulePath>
      <ModuleTime>2019-02-15T12:08:56Z</ModuleTime>
      <ModuleName>System.Runtime.Serialization.Json</ModuleName>
      <Classes />
    </Module>
    <Module skippedDueTo="Filter" hash="D6-71-19-28-35-7F-09-ED-97-66-F2-C1-48-49-1F-71-BF-5E-2C-BF">
      <ModulePath>C:\Program Files\dotnet\shared\Microsoft.NETCore.App\2.1.9\System.Runtime.Serialization.Xml.dll</ModulePath>
      <ModuleTime>2019-02-15T12:08:56Z</ModuleTime>
      <ModuleName>System.Runtime.Serialization.Xml</ModuleName>
      <Classes />
    </Module>
    <Module skippedDueTo="Filter" hash="1C-1F-5F-8C-79-79-F9-3C-E6-D3-E5-96-23-67-9F-DA-97-C7-A5-66">
      <ModulePath>C:\Program Files\dotnet\shared\Microsoft.NETCore.App\2.1.9\System.Runtime.Serialization.dll</ModulePath>
      <ModuleTime>2019-02-15T12:08:56Z</ModuleTime>
      <ModuleName>System.Runtime.Serialization</ModuleName>
      <Classes />
    </Module>
    <Module skippedDueTo="Filter" hash="AA-30-51-6B-66-A7-F9-D3-06-35-CB-29-F7-0D-7A-13-31-56-6B-7C">
      <ModulePath>C:\Program Files\dotnet\shared\Microsoft.NETCore.App\2.1.9\System.Security.Cryptography.Encoding.dll</ModulePath>
      <ModuleTime>2019-02-15T12:08:56Z</ModuleTime>
      <ModuleName>System.Security.Cryptography.Encoding</ModuleName>
      <Classes />
    </Module>
    <Module skippedDueTo="Filter" hash="96-16-64-F2-72-89-B5-82-CD-DB-0A-79-B6-34-D0-25-F5-5D-B9-65">
      <ModulePath>C:\Program Files\dotnet\shared\Microsoft.NETCore.App\2.1.9\System.Security.Cryptography.Primitives.dll</ModulePath>
      <ModuleTime>2019-02-15T12:08:56Z</ModuleTime>
      <ModuleName>System.Security.Cryptography.Primitives</ModuleName>
      <Classes />
    </Module>
    <Module skippedDueTo="Filter" hash="7C-28-CB-10-FE-54-C2-15-1F-2B-76-99-A7-84-9D-54-6F-4A-2F-42">
      <ModulePath>C:\Program Files\dotnet\shared\Microsoft.NETCore.App\2.1.9\System.Security.Cryptography.Cng.dll</ModulePath>
      <ModuleTime>2019-02-15T12:08:56Z</ModuleTime>
      <ModuleName>System.Security.Cryptography.Cng</ModuleName>
      <Classes />
    </Module>
    <Module skippedDueTo="Filter" hash="C8-25-61-22-E3-4E-DB-F3-C7-8A-CF-70-7B-DD-C8-7E-CE-4E-7D-9C">
      <ModulePath>C:\Program Files\dotnet\shared\Microsoft.NETCore.App\2.1.9\System.Security.Cryptography.Csp.dll</ModulePath>
      <ModuleTime>2019-02-15T12:08:56Z</ModuleTime>
      <ModuleName>System.Security.Cryptography.Csp</ModuleName>
      <Classes />
    </Module>
    <Module skippedDueTo="Filter" hash="BB-8E-5E-75-AC-8A-36-F2-B3-F9-69-EE-5F-8D-D7-72-16-FD-88-58">
      <ModulePath>C:\Program Files\dotnet\shared\Microsoft.NETCore.App\2.1.9\System.Security.Cryptography.OpenSsl.dll</ModulePath>
      <ModuleTime>2019-02-15T12:08:56Z</ModuleTime>
      <ModuleName>System.Security.Cryptography.OpenSsl</ModuleName>
      <Classes />
    </Module>
    <Module skippedDueTo="Filter" hash="80-81-A0-91-47-10-B7-3B-C2-68-6C-AB-C6-2B-ED-24-57-BF-D1-2D">
      <ModulePath>C:\Program Files\dotnet\shared\Microsoft.NETCore.App\2.1.9\System.Security.SecureString.dll</ModulePath>
      <ModuleTime>2019-02-15T12:08:56Z</ModuleTime>
      <ModuleName>System.Security.SecureString</ModuleName>
      <Classes />
    </Module>
    <Module skippedDueTo="Filter" hash="CA-E8-17-96-93-50-8D-8A-E2-1E-E8-49-3B-80-F8-60-42-D8-D1-2B">
      <ModulePath>C:\Program Files\dotnet\shared\Microsoft.NETCore.App\2.1.9\System.Security.dll</ModulePath>
      <ModuleTime>2019-02-15T12:08:56Z</ModuleTime>
      <ModuleName>System.Security</ModuleName>
      <Classes />
    </Module>
    <Module skippedDueTo="Filter" hash="A7-C0-86-EC-D0-9E-0A-A6-84-62-74-3F-10-BF-F1-A3-6F-22-6D-37">
      <ModulePath>C:\Program Files\dotnet\shared\Microsoft.NETCore.App\2.1.9\System.ServiceModel.Web.dll</ModulePath>
      <ModuleTime>2019-02-15T12:08:56Z</ModuleTime>
      <ModuleName>System.ServiceModel.Web</ModuleName>
      <Classes />
    </Module>
    <Module skippedDueTo="Filter" hash="73-13-8A-49-99-C6-0B-35-BB-66-0F-EB-1E-2B-19-C2-DA-E3-8C-A4">
      <ModulePath>C:\Program Files\dotnet\shared\Microsoft.NETCore.App\2.1.9\System.ServiceProcess.dll</ModulePath>
      <ModuleTime>2019-02-15T12:08:56Z</ModuleTime>
      <ModuleName>System.ServiceProcess</ModuleName>
      <Classes />
    </Module>
    <Module skippedDueTo="Filter" hash="9D-08-CF-7C-5F-A9-29-67-16-31-73-7B-4C-33-A8-6E-AD-1C-B1-40">
      <ModulePath>C:\Program Files\dotnet\shared\Microsoft.NETCore.App\2.1.9\System.Threading.Tasks.Dataflow.dll</ModulePath>
      <ModuleTime>2019-02-15T12:08:56Z</ModuleTime>
      <ModuleName>System.Threading.Tasks.Dataflow</ModuleName>
      <Classes />
    </Module>
    <Module skippedDueTo="Filter" hash="1E-1B-30-71-2B-EA-4F-87-0C-E6-AE-3D-99-7B-EE-72-20-DB-72-CE">
      <ModulePath>C:\Program Files\dotnet\shared\Microsoft.NETCore.App\2.1.9\System.Threading.Tasks.Extensions.dll</ModulePath>
      <ModuleTime>2019-02-15T12:08:56Z</ModuleTime>
      <ModuleName>System.Threading.Tasks.Extensions</ModuleName>
      <Classes />
    </Module>
    <Module skippedDueTo="Filter" hash="B8-92-B3-31-FA-E7-64-38-D4-92-E0-B3-BA-EB-8E-C8-55-BE-3C-2E">
      <ModulePath>C:\Program Files\dotnet\shared\Microsoft.NETCore.App\2.1.9\System.Threading.Tasks.Parallel.dll</ModulePath>
      <ModuleTime>2019-02-15T12:08:56Z</ModuleTime>
      <ModuleName>System.Threading.Tasks.Parallel</ModuleName>
      <Classes />
    </Module>
    <Module skippedDueTo="Filter" hash="96-77-04-F3-D5-D8-FC-20-B2-3D-69-6F-F4-79-34-E5-0E-DD-00-5C">
      <ModulePath>C:\Program Files\dotnet\shared\Microsoft.NETCore.App\2.1.9\System.Transactions.Local.dll</ModulePath>
      <ModuleTime>2019-02-15T12:08:56Z</ModuleTime>
      <ModuleName>System.Transactions.Local</ModuleName>
      <Classes />
    </Module>
    <Module skippedDueTo="Filter" hash="36-F9-F3-5F-76-C4-8E-7D-60-4B-6F-AF-20-AC-D5-E0-FD-86-CB-22">
      <ModulePath>C:\Program Files\dotnet\shared\Microsoft.NETCore.App\2.1.9\System.Transactions.dll</ModulePath>
      <ModuleTime>2019-02-15T12:08:56Z</ModuleTime>
      <ModuleName>System.Transactions</ModuleName>
      <Classes />
    </Module>
    <Module skippedDueTo="Filter" hash="8E-12-2D-40-9F-58-02-55-FA-09-84-73-FE-2B-F8-1C-4F-60-A4-75">
      <ModulePath>C:\Program Files\dotnet\shared\Microsoft.NETCore.App\2.1.9\System.ValueTuple.dll</ModulePath>
      <ModuleTime>2019-02-15T12:08:56Z</ModuleTime>
      <ModuleName>System.ValueTuple</ModuleName>
      <Classes />
    </Module>
    <Module skippedDueTo="Filter" hash="53-F2-50-FC-CD-F6-EE-54-87-F9-DB-BA-43-A0-F8-70-72-C2-B1-8D">
      <ModulePath>C:\Program Files\dotnet\shared\Microsoft.NETCore.App\2.1.9\System.Web.HttpUtility.dll</ModulePath>
      <ModuleTime>2019-02-15T12:08:56Z</ModuleTime>
      <ModuleName>System.Web.HttpUtility</ModuleName>
      <Classes />
    </Module>
    <Module skippedDueTo="Filter" hash="F6-DD-16-44-44-A7-A6-1A-38-CB-73-91-E3-FE-B8-EF-FA-AE-40-2D">
      <ModulePath>C:\Program Files\dotnet\shared\Microsoft.NETCore.App\2.1.9\System.Web.dll</ModulePath>
      <ModuleTime>2019-02-15T12:08:56Z</ModuleTime>
      <ModuleName>System.Web</ModuleName>
      <Classes />
    </Module>
    <Module skippedDueTo="Filter" hash="20-2B-21-5F-03-A1-8B-DB-28-1D-57-A4-57-57-C1-F5-7F-65-E1-C7">
      <ModulePath>C:\Program Files\dotnet\shared\Microsoft.NETCore.App\2.1.9\System.Windows.dll</ModulePath>
      <ModuleTime>2019-02-15T12:08:56Z</ModuleTime>
      <ModuleName>System.Windows</ModuleName>
      <Classes />
    </Module>
    <Module skippedDueTo="Filter" hash="12-5D-4C-84-F7-53-5E-B1-3F-5C-55-EE-03-63-7B-4A-DD-26-2D-12">
      <ModulePath>C:\Program Files\dotnet\shared\Microsoft.NETCore.App\2.1.9\System.Xml.Linq.dll</ModulePath>
      <ModuleTime>2019-02-15T12:08:56Z</ModuleTime>
      <ModuleName>System.Xml.Linq</ModuleName>
      <Classes />
    </Module>
    <Module skippedDueTo="Filter" hash="D0-06-7E-57-67-16-7A-85-82-0C-0B-A9-ED-85-49-7D-6D-91-5D-EC">
      <ModulePath>C:\Program Files\dotnet\shared\Microsoft.NETCore.App\2.1.9\System.Xml.Serialization.dll</ModulePath>
      <ModuleTime>2019-02-15T12:08:56Z</ModuleTime>
      <ModuleName>System.Xml.Serialization</ModuleName>
      <Classes />
    </Module>
    <Module skippedDueTo="Filter" hash="21-EF-95-FF-7C-3B-05-0A-66-CA-F6-ED-63-BD-BF-DE-D1-6B-6F-BE">
      <ModulePath>C:\Program Files\dotnet\shared\Microsoft.NETCore.App\2.1.9\System.Xml.XPath.XDocument.dll</ModulePath>
      <ModuleTime>2019-02-15T12:08:56Z</ModuleTime>
      <ModuleName>System.Xml.XPath.XDocument</ModuleName>
      <Classes />
    </Module>
    <Module skippedDueTo="Filter" hash="42-AD-68-61-FF-34-78-E9-B5-49-9E-C9-D7-0E-F4-F5-9F-D0-9D-07">
      <ModulePath>C:\Program Files\dotnet\shared\Microsoft.NETCore.App\2.1.9\System.Xml.XmlSerializer.dll</ModulePath>
      <ModuleTime>2019-02-15T12:08:56Z</ModuleTime>
      <ModuleName>System.Xml.XmlSerializer</ModuleName>
      <Classes />
    </Module>
    <Module skippedDueTo="Filter" hash="D2-D4-3E-43-8D-09-F3-41-DC-3F-68-25-30-A8-28-B5-11-ED-00-F1">
      <ModulePath>C:\Program Files\dotnet\shared\Microsoft.NETCore.App\2.1.9\System.Xml.dll</ModulePath>
      <ModuleTime>2019-02-15T12:08:56Z</ModuleTime>
      <ModuleName>System.Xml</ModuleName>
      <Classes />
    </Module>
    <Module skippedDueTo="Filter" hash="79-44-BB-E8-CA-83-69-5F-80-44-C9-4F-8C-C4-D7-08-FA-73-E8-5C">
      <ModulePath>C:\Program Files\dotnet\shared\Microsoft.NETCore.App\2.1.9\System.dll</ModulePath>
      <ModuleTime>2019-02-15T12:08:56Z</ModuleTime>
      <ModuleName>System</ModuleName>
      <Classes />
    </Module>
    <Module skippedDueTo="Filter" hash="7B-45-FE-D8-FE-91-99-F2-69-81-96-26-0F-87-FC-F0-12-A5-A7-A6">
      <ModulePath>C:\Program Files\dotnet\shared\Microsoft.NETCore.App\2.1.9\WindowsBase.dll</ModulePath>
      <ModuleTime>2019-02-15T12:08:56Z</ModuleTime>
      <ModuleName>WindowsBase</ModuleName>
      <Classes />
    </Module>
    <Module skippedDueTo="Filter" hash="DB-47-BE-C6-4A-6D-D5-3C-1C-31-F1-42-65-65-F0-CA-97-B3-14-EE">
      <ModulePath>C:\Program Files\dotnet\shared\Microsoft.NETCore.App\2.1.9\mscorlib.dll</ModulePath>
      <ModuleTime>2019-02-15T12:08:54Z</ModuleTime>
      <ModuleName>mscorlib</ModuleName>
      <Classes />
    </Module>
    <Module skippedDueTo="Filter" hash="2B-0E-C4-2C-54-CA-19-66-1A-7E-27-2A-03-A3-92-F0-59-0C-D6-9D">
      <ModulePath>D:\_GIThub\Xive\tests\Test.Xive\bin\Release\netcoreapp2.1\xunit.runner.reporters.netcoreapp10.dll</ModulePath>
      <ModuleTime>2018-10-29T03:17:14Z</ModuleTime>
      <ModuleName>xunit.runner.reporters.netcoreapp10</ModuleName>
      <Classes />
    </Module>
    <Module skippedDueTo="Filter" hash="81-48-8E-CA-A5-B9-7A-0F-00-04-D9-05-3D-F8-9B-C8-CC-66-86-A7">
      <ModulePath>D:\_GIThub\Xive\tests\Test.Xive\bin\Release\netcoreapp2.1\xunit.runner.visualstudio.dotnetcore.testadapter.dll</ModulePath>
      <ModuleTime>2018-10-29T03:17:12Z</ModuleTime>
      <ModuleName>xunit.runner.visualstudio.dotnetcore.testadapter</ModuleName>
      <Classes />
    </Module>
    <Module skippedDueTo="Filter" hash="CE-74-62-B1-EB-8E-35-6A-A6-F9-E8-2E-85-53-E5-C0-83-48-BB-5F">
      <ModulePath>C:\Program Files\dotnet\shared\Microsoft.NETCore.App\2.1.9\System.ComponentModel.dll</ModulePath>
      <ModuleTime>2019-02-15T12:08:54Z</ModuleTime>
      <ModuleName>System.ComponentModel</ModuleName>
      <Classes />
    </Module>
  </Modules>
</CoverageSession>